[09:46:24] This is prokka 1.14.5
[09:46:24] Written by Torsten Seemann <torsten.seemann@gmail.com>
[09:46:24] Homepage is https://github.com/tseemann/prokka
[09:46:24] Local time is Thu May  2 09:46:24 2024
[09:46:24] You are cychang
[09:46:24] Operating system is darwin
[09:46:24] You have BioPerl 1.007002
[09:46:24] System has 8 cores.
[09:46:24] Will use maximum of 8 cores.
[09:46:24] Annotating as >>> Bacteria <<<
[09:46:24] Creating new output folder: /Users/cychang/Desktop/lab/ncbi-ensifer/data/prokka/USDA1021
[09:46:24] Running: mkdir -p \/Users\/cychang\/Desktop\/lab\/ncbi\-ensifer\/data\/prokka\/USDA1021
[09:46:24] Using filename prefix: annotated.XXX
[09:46:24] Setting HMMER_NCPU=1
[09:46:24] Writing log to: /Users/cychang/Desktop/lab/ncbi-ensifer/data/prokka/USDA1021/annotated.log
[09:46:24] Command: /Users/cychang/miniconda3/envs/intel_env/envs/prokka/bin/prokka --force --outdir /Users/cychang/Desktop/lab/ncbi-ensifer/data/prokka/USDA1021 --kingdom Bacteria --locustag USDA1021 --prefix annotated --gcode 11 /Users/cychang/Desktop/lab/ncbi-ensifer/data/genomes/USDA1021.fasta
[09:46:24] Appending to PATH: /Users/cychang/miniconda3/envs/intel_env/envs/prokka/bin
[09:46:24] Looking for 'aragorn' - found /Users/cychang/miniconda3/envs/intel_env/envs/prokka/bin/aragorn
[09:46:25] Determined aragorn version is 001002 from 'ARAGORN v1.2.41 Dean Laslett'
[09:46:25] Looking for 'barrnap' - found /Users/cychang/miniconda3/envs/intel_env/envs/prokka/bin/barrnap
[09:46:25] Determined barrnap version is 000009 from 'barrnap 0.9'
[09:46:25] Looking for 'blastp' - found /Users/cychang/miniconda3/envs/intel_env/envs/prokka/bin/blastp
[09:46:28] Determined blastp version is 002009 from 'blastp: 2.9.0+'
[09:46:28] Looking for 'cmpress' - found /Users/cychang/miniconda3/envs/intel_env/envs/prokka/bin/cmpress
[09:46:28] Determined cmpress version is 001001 from '# INFERNAL 1.1.4 (Dec 2020)'
[09:46:28] Looking for 'cmscan' - found /Users/cychang/miniconda3/envs/intel_env/envs/prokka/bin/cmscan
[09:46:29] Determined cmscan version is 001001 from '# INFERNAL 1.1.4 (Dec 2020)'
[09:46:29] Looking for 'egrep' - found /usr/bin/egrep
[09:46:29] Looking for 'find' - found /usr/bin/find
[09:46:29] Looking for 'grep' - found /usr/bin/grep
[09:46:29] Looking for 'hmmpress' - found /Users/cychang/miniconda3/envs/intel_env/envs/prokka/bin/hmmpress
[09:46:29] Determined hmmpress version is 003003 from '# HMMER 3.3.2 (Nov 2020); http://hmmer.org/'
[09:46:29] Looking for 'hmmscan' - found /Users/cychang/miniconda3/envs/intel_env/envs/prokka/bin/hmmscan
[09:46:29] Determined hmmscan version is 003003 from '# HMMER 3.3.2 (Nov 2020); http://hmmer.org/'
[09:46:29] Looking for 'java' - found /usr/bin/java
[09:46:29] Looking for 'makeblastdb' - found /Users/cychang/miniconda3/envs/intel_env/envs/prokka/bin/makeblastdb
[09:46:30] Determined makeblastdb version is 002009 from 'makeblastdb: 2.9.0+'
[09:46:30] Looking for 'minced' - found /Users/cychang/miniconda3/envs/intel_env/envs/prokka/bin/minced
[09:46:31] Determined minced version is 004002 from 'minced 0.4.2'
[09:46:31] Looking for 'parallel' - found /Users/cychang/miniconda3/envs/intel_env/envs/prokka/bin/parallel
[09:46:32] Determined parallel version is 20230922 from 'GNU parallel 20230922'
[09:46:32] Looking for 'prodigal' - found /Users/cychang/miniconda3/envs/intel_env/envs/prokka/bin/prodigal
[09:46:33] Determined prodigal version is 002006 from 'Prodigal V2.6.3: February, 2016'
[09:46:33] Looking for 'prokka-genbank_to_fasta_db' - found /Users/cychang/miniconda3/envs/intel_env/envs/prokka/bin/prokka-genbank_to_fasta_db
[09:46:33] Looking for 'sed' - found /usr/bin/sed
[09:46:33] Looking for 'tbl2asn' - found /Users/cychang/miniconda3/envs/intel_env/envs/prokka/bin/tbl2asn
[09:46:33] Determined tbl2asn version is 025007 from 'tbl2asn 25.7   arguments:'
[09:46:33] Using genetic code table 11.
[09:46:33] Loading and checking input file: /Users/cychang/Desktop/lab/ncbi-ensifer/data/genomes/USDA1021.fasta
[09:46:33] Wrote 4 contigs totalling 7147943 bp.
[09:46:33] Predicting tRNAs and tmRNAs
[09:46:33] Running: aragorn -l -gc11  -w \/Users\/cychang\/Desktop\/lab\/ncbi\-ensifer\/data\/prokka\/USDA1021\/annotated\.fna
[09:46:37] 1 tmRNA* c[178600,178938] 210,248 ANDNYAEARLAA*
[09:46:37] 2 tRNA-Lys [269790,269865] 34 (ctt)
[09:46:37] 3 tRNA-Pro c[592724,592822] 37 (cgg)
[09:46:37] 4 tRNA-Glu c[661900,661975] 35 (ttc)
[09:46:37] 5 tRNA-Glu c[662157,662231] 34 (ctc)
[09:46:37] 6 tRNA-Glu c[662289,662364] 35 (ttc)
[09:46:37] 7 tRNA-Glu c[662582,662657] 35 (ttc)
[09:46:37] 8 tRNA-Pro [666317,666393] 35 (tgg)
[09:46:37] 9 tRNA-Arg [666769,666845] 35 (tct)
[09:46:37] 10 tRNA-Lys c[703823,703898] 34 (ttt)
[09:46:37] 11 tRNA-Phe [714754,714833] 35 (gaa)
[09:46:37] 12 tRNA-Leu [755488,755570] 35 (taa)
[09:46:37] 13 tRNA-Asn c[770524,770598] 33 (gtt)
[09:46:37] 14 tRNA-Cys c[772954,773027] 33 (gca)
[09:46:37] 15 tRNA-Ala c[774463,774538] 34 (cgc)
[09:46:37] 16 tRNA-Ser c[778291,778380] 35 (tga)
[09:46:37] 17 tRNA-Leu c[855297,855381] 35 (tag)
[09:46:37] 18 tRNA-Leu c[1018201,1018285] 35 (gag)
[09:46:37] 19 tRNA-Trp c[1064488,1064563] 34 (cca)
[09:46:37] 20 tRNA-Gly c[1068478,1068551] 33 (tcc)
[09:46:37] 21 tRNA-Tyr c[1068575,1068659] 35 (gta)
[09:46:37] 22 tRNA-Thr c[1072618,1072693] 34 (tgt)
[09:46:37] 23 tRNA-Asp c[1146184,1146260] 35 (gtc)
[09:46:37] 24 tRNA-Asp c[1146330,1146406] 35 (gtc)
[09:46:37] 25 tRNA-Val [1146850,1146925] 34 (tac)
[09:46:37] 26 tRNA-Pro c[1190948,1191024] 35 (ggg)
[09:46:37] 27 tRNA-Ala c[1221183,1221281] 38 (agc)
[09:46:37] 28 tRNA-Ser c[1375844,1375933] 35 (gct)
[09:46:37] 29 tRNA-Met c[1405846,1405920] 33 (cat)
[09:46:37] 30 tRNA-Pro c[1544198,1544274] 35 (cgg)
[09:46:37] 31 tRNA-Gln c[1548755,1548829] 33 (ttg)
[09:46:37] 32 tRNA-Gly c[1719220,1719294] 33 (ccc)
[09:46:37] 33 tRNA-Thr [1739224,1739299] 34 (cgt)
[09:46:37] 34 tRNA-Arg c[1791693,1791769] 35 (acg)
[09:46:37] 35 tRNA-Arg [1876050,1876146] 36 (ccg)
[09:46:37] 36 tRNA-Leu c[1985575,1985661] 35 (cag)
[09:46:37] 37 tRNA-Ala [1993905,1993980] 34 (ggc)
[09:46:37] 38 tRNA-Ser c[2037323,2037412] 35 (gga)
[09:46:37] 39 tRNA-Met c[2188111,2188187] 35 (cat)
[09:46:37] 40 tRNA-Ala c[2192105,2192180] 34 (tgc)
[09:46:37] 41 tRNA-Ile c[2192320,2192396] 35 (gat)
[09:46:37] 42 tRNA-Gly [2461993,2462067] 33 (gcc)
[09:46:37] 43 tRNA-Ile [2487344,2487441] 41 (aat)
[09:46:37] 44 tRNA-Ser [2488848,2488937] 35 (cga)
[09:46:37] 45 tRNA-Arg c[2661412,2661488] 35 (cct)
[09:46:37] 46 tRNA-Ile [2679714,2679790] 35 (gat)
[09:46:37] 47 tRNA-Ala [2679930,2680005] 34 (tgc)
[09:46:37] 48 tRNA-Met [2683994,2684070] 35 (cat)
[09:46:37] 49 tRNA-Val c[2844834,2844908] 33 (gac)
[09:46:37] 50 tRNA-Met [2973926,2974002] 35 (cat)
[09:46:37] 51 tRNA-Leu [3047853,3047937] 35 (caa)
[09:46:37] 52 tRNA-Ile [3081729,3081805] 35 (gat)
[09:46:37] 53 tRNA-Ala [3081945,3082020] 34 (tgc)
[09:46:37] 54 tRNA-Met [3085984,3086060] 35 (cat)
[09:46:37] 55 tRNA-Gly [3094730,3094827] 39 (gcc)
[09:46:37] 56 tRNA-Met [3399922,3399997] 34 (cat)
[09:46:37] 1 tRNA-Cys c[169463,169539] 34 (aca)
[09:46:37] 1 tRNA-SeC c[1366358,1366453] 35 (tca)
[09:46:37] 1 tRNA-Thr c[527339,527413] 33 (ggt)
[09:46:37] 2 tRNA-Phe [533834,533909] 34 (gaa)
[09:46:37] 3 tRNA-His [663991,664067] 35 (gtg)
[09:46:37] 4 tRNA-Gln c[714603,714676] 33 (ctg)
[09:46:37] 5 tRNA-Arg c[1070372,1070448] 35 (ccg)
[09:46:37] Found 63 tRNAs
[09:46:37] Predicting Ribosomal RNAs
[09:46:37] Running Barrnap with 8 threads
[09:46:38] 1 NZ_CP021800.1 2188304 5S ribosomal RNA
[09:46:38] 2 NZ_CP021800.1 2188640 23S ribosomal RNA
[09:46:38] 3 NZ_CP021800.1 2192650 16S ribosomal RNA
[09:46:38] 4 NZ_CP021800.1 2677979 16S ribosomal RNA
[09:46:38] 5 NZ_CP021800.1 2680618 23S ribosomal RNA
[09:46:38] 6 NZ_CP021800.1 2683699 5S ribosomal RNA
[09:46:38] 7 NZ_CP021800.1 3079994 16S ribosomal RNA
[09:46:38] 8 NZ_CP021800.1 3082633 23S ribosomal RNA
[09:46:38] 9 NZ_CP021800.1 3085714 5S ribosomal RNA
[09:46:38] Found 9 rRNAs
[09:46:38] Skipping ncRNA search, enable with --rfam if desired.
[09:46:38] Total of 71 tRNA + rRNA features
[09:46:38] Searching for CRISPR repeats
[09:46:39] Found 0 CRISPRs
[09:46:39] Predicting coding sequences
[09:46:39] Contigs total 7147943 bp, so using single mode
[09:46:39] Running: prodigal -i \/Users\/cychang\/Desktop\/lab\/ncbi\-ensifer\/data\/prokka\/USDA1021\/annotated\.fna -c -m -g 11 -p single -f sco -q
[09:46:47] Excluding CDS which overlaps existing RNA (tRNA) at NZ_CP021800.1:591847..593361 on + strand
[09:46:47] Excluding CDS which overlaps existing RNA (tRNA) at NZ_CP021800.1:714606..715355 on + strand
[09:46:47] Excluding CDS which overlaps existing RNA (tRNA) at NZ_CP021800.1:1220990..1222777 on - strand
[09:46:47] Excluding CDS which overlaps existing RNA (tRNA) at NZ_CP021800.1:1718357..1719280 on - strand
[09:46:47] Excluding CDS which overlaps existing RNA (tRNA) at NZ_CP021800.1:1875903..1876769 on - strand
[09:46:48] Excluding CDS which overlaps existing RNA (tRNA) at NZ_CP021800.1:2191921..2192169 on + strand
[09:46:48] Excluding CDS which overlaps existing RNA (tRNA) at NZ_CP021800.1:2487109..2487741 on - strand
[09:46:48] Excluding CDS which overlaps existing RNA (tRNA) at NZ_CP021800.1:2679941..2680189 on - strand
[09:46:48] Excluding CDS which overlaps existing RNA (tRNA) at NZ_CP021800.1:3081956..3082204 on - strand
[09:46:48] Excluding CDS which overlaps existing RNA (tRNA) at NZ_CP021800.1:3094515..3095192 on + strand
[09:46:49] Found 6893 CDS
[09:46:49] Connecting features back to sequences
[09:46:49] Not using genus-specific database. Try --usegenus to enable it.
[09:46:49] Annotating CDS, please be patient.
[09:46:49] Will use 8 CPUs for similarity searching.
[09:46:50] There are still 6893 unannotated CDS left (started with 6893)
[09:46:50] Will use blast to search against /Users/cychang/miniconda3/envs/intel_env/envs/prokka/db/kingdom/Bacteria/IS with 8 CPUs
[09:46:50] Running: cat \/Users\/cychang\/Desktop\/lab\/ncbi\-ensifer\/data\/prokka\/USDA1021\/annotated\.IS\.tmp\.68979\.faa | parallel --gnu --plain -j 8 --block 130474 --recstart '>' --pipe blastp -query - -db /Users/cychang/miniconda3/envs/intel_env/envs/prokka/db/kingdom/Bacteria/IS -evalue 1e-30 -qcov_hsp_perc 90 -num_threads 1 -num_descriptions 1 -num_alignments 1 -seg no > \/Users\/cychang\/Desktop\/lab\/ncbi\-ensifer\/data\/prokka\/USDA1021\/annotated\.IS\.tmp\.68979\.blast 2> /dev/null
[09:47:11] Deleting unwanted file: /Users/cychang/Desktop/lab/ncbi-ensifer/data/prokka/USDA1021/annotated.IS.tmp.68979.faa
[09:47:11] Deleting unwanted file: /Users/cychang/Desktop/lab/ncbi-ensifer/data/prokka/USDA1021/annotated.IS.tmp.68979.blast
[09:47:12] There are still 6723 unannotated CDS left (started with 6893)
[09:47:12] Will use blast to search against /Users/cychang/miniconda3/envs/intel_env/envs/prokka/db/kingdom/Bacteria/AMR with 8 CPUs
[09:47:12] Running: cat \/Users\/cychang\/Desktop\/lab\/ncbi\-ensifer\/data\/prokka\/USDA1021\/annotated\.AMR\.tmp\.68979\.faa | parallel --gnu --plain -j 8 --block 127499 --recstart '>' --pipe blastp -query - -db /Users/cychang/miniconda3/envs/intel_env/envs/prokka/db/kingdom/Bacteria/AMR -evalue 9.99999999999999e-301 -qcov_hsp_perc 90 -num_threads 1 -num_descriptions 1 -num_alignments 1 -seg no > \/Users\/cychang\/Desktop\/lab\/ncbi\-ensifer\/data\/prokka\/USDA1021\/annotated\.AMR\.tmp\.68979\.blast 2> /dev/null
[09:47:26] Deleting unwanted file: /Users/cychang/Desktop/lab/ncbi-ensifer/data/prokka/USDA1021/annotated.AMR.tmp.68979.faa
[09:47:26] Deleting unwanted file: /Users/cychang/Desktop/lab/ncbi-ensifer/data/prokka/USDA1021/annotated.AMR.tmp.68979.blast
[09:47:27] There are still 6721 unannotated CDS left (started with 6893)
[09:47:27] Will use blast to search against /Users/cychang/miniconda3/envs/intel_env/envs/prokka/db/kingdom/Bacteria/sprot with 8 CPUs
[09:47:27] Running: cat \/Users\/cychang\/Desktop\/lab\/ncbi\-ensifer\/data\/prokka\/USDA1021\/annotated\.sprot\.tmp\.68979\.faa | parallel --gnu --plain -j 8 --block 127366 --recstart '>' --pipe blastp -query - -db /Users/cychang/miniconda3/envs/intel_env/envs/prokka/db/kingdom/Bacteria/sprot -evalue 1e-09 -qcov_hsp_perc 80 -num_threads 1 -num_descriptions 1 -num_alignments 1 -seg no > \/Users\/cychang\/Desktop\/lab\/ncbi\-ensifer\/data\/prokka\/USDA1021\/annotated\.sprot\.tmp\.68979\.blast 2> /dev/null
[09:48:42] Modify product: Cytochrome b561 homolog 2 => Cytochrome b561 
[09:48:42] Modify product: Uncharacterized NTE family protein Rv1063c => putative NTE family protein
[09:48:42] Modify product: Stress response UPF0229 protein YhbH => hypothetical protein
[09:48:42] Modify product: UPF0178 protein YaiI => hypothetical protein
[09:48:43] Modify product: UPF0173 metal-dependent hydrolase SA1529 => hypothetical protein
[09:48:43] Modify product: Uncharacterized protein YccU => putative protein YccU
[09:48:43] Modify product: Probable enoyl-CoA hydratase echA8 => putative enoyl-CoA hydratase echA8
[09:48:43] Modify product: Uncharacterized MFS-type transporter YcaD => putative MFS-type transporter YcaD
[09:48:43] Modify product: Putative transport protein Rv0205 => Putative transport protein
[09:48:43] Modify product: Uncharacterized GST-like protein YibF => putative GST-like protein YibF
[09:48:43] Modify product: Uncharacterized ABC transporter ATP-binding protein YheS => putative ABC transporter ATP-binding protein YheS
[09:48:43] Modify product: UPF0701 protein HI_0467 => hypothetical protein
[09:48:43] Modify product: Uncharacterized cysteine-rich protein YhjQ => putative cysteine-rich protein YhjQ
[09:48:43] Modify product: Uncharacterized oxidoreductase YciK => putative oxidoreductase YciK
[09:48:43] Modify product: Uncharacterized protein YcbX => putative protein YcbX
[09:48:43] Modify product: Uncharacterized protein YedJ => putative protein YedJ
[09:48:43] Modify product: UPF0060 membrane protein YnfA => hypothetical protein
[09:48:43] Modify product: Zinc-type alcohol dehydrogenase-like protein SA1988 => Zinc-type alcohol dehydrogenase-like protein
[09:48:43] Modify product: UPF0073 inner membrane protein YqfA => hypothetical protein
[09:48:43] Modify product: Leu/Ile/Val-binding protein homolog 3 => Leu/Ile/Val-binding protein 
[09:48:43] Modify product: Uncharacterized zinc protease Rv2782c => putative zinc protease
[09:48:43] Modify product: UPF0301 protein AlgH => hypothetical protein
[09:48:43] Modify product: Probable acetyl-CoA acyltransferase => putative acetyl-CoA acyltransferase
[09:48:43] Modify product: Putative HTH-type transcriptional regulator Rv1287 => Putative HTH-type transcriptional regulator
[09:48:43] Modify product: Probable 2-ketoarginine decarboxylase AruI => putative 2-ketoarginine decarboxylase AruI
[09:48:43] Modify product: Putative acyltransferase Rv0859 => Putative acyltransferase
[09:48:43] Modify product: Phosphate-specific transport system accessory protein PhoU homolog => Phosphate-specific transport system accessory protein PhoU 
[09:48:43] Modify product: UPF0053 inner membrane protein YoaE => hypothetical protein
[09:48:43] Modify product: Probable enoyl-CoA hydratase 1 => putative enoyl-CoA hydratase 1
[09:48:43] Modify product: Uncharacterized protein Rv2569c => putative protein
[09:48:43] Modify product: Uncharacterized protein Rv2567 => putative protein
[09:48:43] Modify product: UPF0335 protein CCNA_03428 => hypothetical protein
[09:48:43] Modify product: HTH-type transcriptional regulator Rv2034 => HTH-type transcriptional regulator
[09:48:43] Modify product: Uncharacterized MFS-type transporter YcaD => putative MFS-type transporter YcaD
[09:48:43] Modify product: Probable transcriptional regulatory protein aq_1575 => putative transcriptional regulatory protein
[09:48:43] Modify product: UPF0053 inner membrane protein YfjD => hypothetical protein
[09:48:43] Modify product: Probable 3-hydroxybutyryl-CoA dehydrogenase => putative 3-hydroxybutyryl-CoA dehydrogenase
[09:48:43] Modify product: Probable bifunctional transcriptional activator/DNA repair enzyme AlkA => putative bifunctional transcriptional activator/DNA repair enzyme AlkA
[09:48:43] Modify product: Probable D,D-dipeptide transport system permease protein DdpC => putative D,D-dipeptide transport system permease protein DdpC
[09:48:43] Modify product: Uncharacterized protein HI_0131 => putative protein
[09:48:43] Modify product: Probable cystine transporter YijE => putative cystine transporter YijE
[09:48:43] Modify product: Probable peptidoglycan D,D-transpeptidase FtsI => putative peptidoglycan D,D-transpeptidase FtsI
[09:48:43] Modify product: Probable peptidoglycan glycosyltransferase FtsW => putative peptidoglycan glycosyltransferase FtsW
[09:48:43] Modify product: Putative phosphoribosyl transferase Rv0571c => Putative phosphoribosyl transferase
[09:48:43] Modify product: Uncharacterized FAD-linked oxidoreductase Rv2280 => putative FAD-linked oxidoreductase
[09:48:43] Modify product: Acetyltransferase PA3944 => Acetyltransferase
[09:48:43] Modify product: Uncharacterized oxidoreductase MSMEG_2408/MSMEI_2347 => putative oxidoreductase/MSMEI_2347
[09:48:43] Modify product: Probable metabolite transport protein CsbC => putative metabolite transport protein CsbC
[09:48:43] Modify product: Stringent starvation protein A homolog => Stringent starvation protein A 
[09:48:43] Modify product: Uncharacterized protein HI_0131 => putative protein
[09:48:43] Modify product: Monocarboxylate 2-oxoacid-binding periplasmic protein all3028 => Monocarboxylate 2-oxoacid-binding periplasmic protein
[09:48:43] Modify product: Probable RNA polymerase sigma factor FecI => putative RNA polymerase sigma factor FecI
[09:48:43] Modify product: UPF0053 inner membrane protein YoaE => hypothetical protein
[09:48:43] Modify product: HTH-type transcriptional regulator Rv2034 => HTH-type transcriptional regulator
[09:48:43] Modify product: Probable GTP-binding protein EngB => putative GTP-binding protein EngB
[09:48:43] Modify product: Uncharacterized protein Rv1998c => putative protein
[09:48:43] Modify product: Probable lipid II flippase MurJ => putative lipid II flippase MurJ
[09:48:43] Modify product: Probable enoyl-CoA hydratase echA8 => putative enoyl-CoA hydratase echA8
[09:48:43] Modify product: Probable protein kinase UbiB => putative protein kinase UbiB
[09:48:43] Modify product: UPF0102 protein RPA0323 => hypothetical protein
[09:48:43] Modify product: Stringent starvation protein A homolog => Stringent starvation protein A 
[09:48:43] Modify product: Probable lipoprotein YiaD => putative lipoprotein YiaD
[09:48:43] Modify product: Uncharacterized MFS-type transporter YcaD => putative MFS-type transporter YcaD
[09:48:43] Modify product: UPF0126 inner membrane protein YadS => hypothetical protein
[09:48:43] Modify product: Nucleoid-associated protein HI_0442 => Nucleoid-associated protein
[09:48:43] Modify product: Uncharacterized protein Rv1260 => putative protein
[09:48:43] Modify product: Probable adenylyltransferase/sulfurtransferase MoeZ => putative adenylyltransferase/sulfurtransferase MoeZ
[09:48:43] Modify product: Uncharacterized sugar kinase YdjH => putative sugar kinase YdjH
[09:48:43] Modify product: Uncharacterized ABC transporter ATP-binding protein YejF => putative ABC transporter ATP-binding protein YejF
[09:48:43] Modify product: Probable riboflavin import permease protein RfuD => putative riboflavin import permease protein RfuD
[09:48:43] Modify product: Probable riboflavin import permease protein RfuC => putative riboflavin import permease protein RfuC
[09:48:43] Modify product: Uncharacterized amino acid permease YhdG => putative amino acid permease YhdG
[09:48:43] Modify product: Bifunctional protein FolD => Bifunctional protein FolD protein
[09:48:43] Modify product: Uncharacterized protein YyaP => putative protein YyaP
[09:48:43] Modify product: Probable D,D-dipeptide transport ATP-binding protein DdpF => putative D,D-dipeptide transport ATP-binding protein DdpF
[09:48:43] Modify product: Probable transport protein HsrA => putative transport protein HsrA
[09:48:43] Modify product: Uncharacterized oxidoreductase YjmC => putative oxidoreductase YjmC
[09:48:43] Modify product: NAD(P)H-dependent FMN reductase PA1204 => NAD(P)H-dependent FMN reductase
[09:48:43] Modify product: Leu/Ile/Val-binding protein homolog 3 => Leu/Ile/Val-binding protein 
[09:48:43] Modify product: Peroxiredoxin sll1621 => Peroxiredoxin
[09:48:43] Modify product: Probable D,D-dipeptide-binding periplasmic protein DdpA => putative D,D-dipeptide-binding periplasmic protein DdpA
[09:48:43] Modify product: Probable D,D-dipeptide transport system permease protein DdpC => putative D,D-dipeptide transport system permease protein DdpC
[09:48:43] Modify product: Uncharacterized protein HI_1162 => putative protein
[09:48:43] Modify product: Uncharacterized protein Rv1998c => putative protein
[09:48:43] Modify product: Probable chaperone CsaA => putative chaperone CsaA
[09:48:43] Modify product: Uncharacterized protein YqeY => putative protein YqeY
[09:48:43] Modify product: Uncharacterized protein YbaA => putative protein YbaA
[09:48:43] Modify product: Acetyltransferase PA2578 => Acetyltransferase
[09:48:43] Modify product: Probable succinyl-diaminopimelate desuccinylase => putative succinyl-diaminopimelate desuccinylase
[09:48:44] Modify product: Probable HTH-type transcriptional regulator LgoR => putative HTH-type transcriptional regulator LgoR
[09:48:44] Modify product: Protease HtpX homolog => Protease HtpX 
[09:48:44] Modify product: Probable sugar-binding periplasmic protein => putative sugar-binding periplasmic protein
[09:48:44] Modify product: Uncharacterized protein Rv3292 => putative protein
[09:48:44] Modify product: Probable amino-acid ABC transporter-binding protein HI_1080 => putative amino-acid ABC transporter-binding protein
[09:48:44] Modify product: Probable amino-acid permease protein YxeN => putative amino-acid permease protein YxeN
[09:48:44] Modify product: Probable membrane transporter protein YfcA => putative membrane transporter protein YfcA
[09:48:44] Modify product: Uncharacterized protein Rv1276c => putative protein
[09:48:44] Modify product: UPF0434 protein NMA0874 => hypothetical protein
[09:48:44] Modify product: Probable CtpA-like serine protease => putative CtpA-like serine protease
[09:48:44] Modify product: Uncharacterized oxidoreductase YgfF => putative oxidoreductase YgfF
[09:48:44] Modify product: Uncharacterized periplasmic iron-binding protein HI_0362 => putative periplasmic iron-binding protein
[09:48:44] Modify product: Uncharacterized inner membrane transporter YedA => putative inner membrane transporter YedA
[09:48:44] Modify product: Putative formate dehydrogenase SA2102 => Putative formate dehydrogenase
[09:48:44] Modify product: Probable sugar-binding periplasmic protein => putative sugar-binding periplasmic protein
[09:48:44] Modify product: Uncharacterized protein YcgM => putative protein YcgM
[09:48:44] Modify product: Uncharacterized acyl-CoA thioester hydrolase HI_0827 => putative acyl-CoA thioester hydrolase
[09:48:44] Modify product: Methyl-accepting chemotaxis protein Amb2333 => Methyl-accepting chemotaxis protein
[09:48:44] Modify product: Uncharacterized ABC transporter ATP-binding protein YadG => putative ABC transporter ATP-binding protein YadG
[09:48:44] Modify product: Uncharacterized protein Atu1656 => putative protein
[09:48:44] Modify product: Probable 3-phenylpropionic acid transporter => putative 3-phenylpropionic acid transporter
[09:48:44] Modify product: UPF0283 membrane protein YcjF => hypothetical protein
[09:48:44] Modify product: Uncharacterized protein YcjX => putative protein YcjX
[09:48:44] Modify product: Uncharacterized protein RP812 => putative protein RP812
[09:48:44] Modify product: Uncharacterized aminopeptidase Rv1333 => putative aminopeptidase
[09:48:44] Modify product: Leu/Ile/Val-binding protein homolog 3 => Leu/Ile/Val-binding protein 
[09:48:44] Modify product: Probable ATP-dependent transporter SufC => putative ATP-dependent transporter SufC
[09:48:44] Modify product: Probable cysteine desulfurase => putative cysteine desulfurase
[09:48:44] Modify product: Probable soluble pyridine nucleotide transhydrogenase => putative soluble pyridine nucleotide transhydrogenase
[09:48:44] Modify product: UPF0758 protein => hypothetical protein
[09:48:44] Modify product: Solute-binding protein Veis_3954 => Solute-binding protein
[09:48:44] Modify product: Purine-binding protein BAB2_0673 => Purine-binding protein
[09:48:44] Modify product: UPF0053 inner membrane protein YtfL => hypothetical protein
[09:48:44] Modify product: Uncharacterized MFS-type transporter YcaD => putative MFS-type transporter YcaD
[09:48:44] Modify product: Probable multidrug-efflux transporter Rv1634 => putative multidrug-efflux transporter
[09:48:44] Modify product: UPF0056 inner membrane protein YhgN => hypothetical protein
[09:48:44] Modify product: Probable flavin reductase => putative flavin reductase
[09:48:44] Modify product: Uncharacterized signaling protein CC_0091 => putative signaling protein
[09:48:44] Modify product: Probable amino-acid permease protein YxeN => putative amino-acid permease protein YxeN
[09:48:44] Modify product: Probable succinyl-CoA:3-ketoacid coenzyme A transferase subunit A => putative succinyl-CoA:3-ketoacid coenzyme A transferase subunit A
[09:48:44] Modify product: Probable succinyl-CoA:3-ketoacid coenzyme A transferase subunit B => putative succinyl-CoA:3-ketoacid coenzyme A transferase subunit B
[09:48:44] Modify product: Uncharacterized oxidoreductase SA2266 => putative oxidoreductase
[09:48:44] Modify product: Probable peptidoglycan D,D-transpeptidase FtsI => putative peptidoglycan D,D-transpeptidase FtsI
[09:48:44] Modify product: Uncharacterized ABC transporter ATP-binding protein Rv1281c => putative ABC transporter ATP-binding protein
[09:48:44] Modify product: Uncharacterized oxidoreductase SA2266 => putative oxidoreductase
[09:48:44] Modify product: Uncharacterized oxidoreductase Rv1350 => putative oxidoreductase
[09:48:44] Modify product: Uncharacterized HTH-type transcriptional regulator YahB => putative HTH-type transcriptional regulator YahB
[09:48:44] Modify product: Uncharacterized HTH-type transcriptional regulator YahB => putative HTH-type transcriptional regulator YahB
[09:48:44] Modify product: Uncharacterized oxidoreductase SA2266 => putative oxidoreductase
[09:48:44] Modify product: Probable hydrolase YcaC => putative hydrolase YcaC
[09:48:44] Modify product: Uncharacterized zinc-type alcohol dehydrogenase-like protein YjmD => putative zinc-type alcohol dehydrogenase-like protein YjmD
[09:48:44] Modify product: Probable 5-dehydro-4-deoxyglucarate dehydratase => putative 5-dehydro-4-deoxyglucarate dehydratase
[09:48:44] Modify product: UPF0065 protein in clcB-clcD intergenic region => hypothetical protein
[09:48:44] Modify product: RutC family protein HI_0719 => RutC family protein
[09:48:44] Modify product: Uncharacterized protein YyaP => putative protein YyaP
[09:48:44] Modify product: UPF0337 protein YjbJ => hypothetical protein
[09:48:44] Modify product: Uncharacterized oxidoreductase SA2266 => putative oxidoreductase
[09:48:44] Modify product: Uncharacterized protein PA2218 => putative protein
[09:48:44] Modify product: Leu/Ile/Val-binding protein homolog 3 => Leu/Ile/Val-binding protein 
[09:48:44] Modify product: Cytochrome c oxidase subunit 1 homolog, bacteroid => Cytochrome c oxidase subunit 1 , bacteroid
[09:48:44] Modify product: Probable ABC transporter permease protein NosY => putative ABC transporter permease protein NosY
[09:48:44] Modify product: Probable ABC transporter ATP-binding protein NosF => putative ABC transporter ATP-binding protein NosF
[09:48:44] Modify product: Probable ABC transporter binding protein NosD => putative ABC transporter binding protein NosD
[09:48:44] Modify product: Peptidoglycan-N-acetylglucosamine deacetylase BC_3618 => Peptidoglycan-N-acetylglucosamine deacetylase
[09:48:44] Modify product: Probable flavin reductase => putative flavin reductase
[09:48:44] Modify product: Cytochrome c oxidase subunit 1 homolog, bacteroid => Cytochrome c oxidase subunit 1 , bacteroid
[09:48:44] Modify product: Probable flavin reductase => putative flavin reductase
[09:48:44] Modify product: Probable flavin reductase => putative flavin reductase
[09:48:44] Modify product: Probable flavin reductase => putative flavin reductase
[09:48:44] Modify product: Probable 2-dehydro-3-deoxygalactonokinase DgoK1 => putative 2-dehydro-3-deoxygalactonokinase DgoK1
[09:48:44] Modify product: Zinc-type alcohol dehydrogenase-like protein SA1988 => Zinc-type alcohol dehydrogenase-like protein
[09:48:44] Modify product: Probable copper-transporting ATPase PacS => putative copper-transporting ATPase PacS
[09:48:44] Modify product: Cytochrome c oxidase subunit 1 homolog, bacteroid => Cytochrome c oxidase subunit 1 , bacteroid
[09:48:44] Modify product: Leu/Ile/Val-binding protein homolog 3 => Leu/Ile/Val-binding protein 
[09:48:44] Modify product: Probable FMNH2-dependent monooxygenase SfnC => putative FMNH2-dependent monooxygenase SfnC
[09:48:44] Modify product: Probable D,D-dipeptide transport system permease protein DdpC => putative D,D-dipeptide transport system permease protein DdpC
[09:48:44] Modify product: Uncharacterized protein NMB0459 => putative protein
[09:48:44] Modify product: Uncharacterized oxidoreductase YjmC => putative oxidoreductase YjmC
[09:48:44] Modify product: Uncharacterized FAD-linked oxidoreductase Rv2280 => putative FAD-linked oxidoreductase
[09:48:44] Modify product: Uncharacterized FAD-linked oxidoreductase Rv2280 => putative FAD-linked oxidoreductase
[09:48:44] Modify product: Uncharacterized oxidoreductase Rv0769 => putative oxidoreductase
[09:48:44] Modify product: Probable hydrolase YcaC => putative hydrolase YcaC
[09:48:44] Modify product: Uncharacterized GMC-type oxidoreductase Rv1279 => putative GMC-type oxidoreductase
[09:48:44] Modify product: Uncharacterized protein Rv0887c => putative protein
[09:48:44] Modify product: Probable transporter SCO4007 => putative transporter
[09:48:44] Modify product: UPF0065 protein in clcB-clcD intergenic region => hypothetical protein
[09:48:44] Modify product: Cytochrome c oxidase subunit 1 homolog, bacteroid => Cytochrome c oxidase subunit 1 , bacteroid
[09:48:44] Modify product: Probable tartrate dehydrogenase/decarboxylase TtuC => putative tartrate dehydrogenase/decarboxylase TtuC
[09:48:44] Modify product: Probable hydrolase YcaC => putative hydrolase YcaC
[09:48:44] Modify product: Probable siderophore transport system permease protein YfiZ => putative siderophore transport system permease protein YfiZ
[09:48:44] Modify product: Probable siderophore transport system permease protein YfhA => putative siderophore transport system permease protein YfhA
[09:48:44] Modify product: Probable siderophore transport system ATP-binding protein YusV => putative siderophore transport system ATP-binding protein YusV
[09:48:44] Modify product: UPF0324 inner membrane protein YeiH => hypothetical protein
[09:48:44] Modify product: Purine-binding protein BAB2_0673 => Purine-binding protein
[09:48:44] Modify product: Probable methylxanthine N7-demethylase NdmC => putative methylxanthine N7-demethylase NdmC
[09:48:44] Modify product: Probable methylxanthine N7-demethylase NdmC => putative methylxanthine N7-demethylase NdmC
[09:48:44] Modify product: Uncharacterized HTH-type transcriptional regulator Rv1395 => putative HTH-type transcriptional regulator
[09:48:44] Modify product: Uncharacterized oxidoreductase Rv1144 => putative oxidoreductase
[09:48:44] Modify product: Probable 5-dehydro-4-deoxyglucarate dehydratase => putative 5-dehydro-4-deoxyglucarate dehydratase
[09:48:44] Modify product: Probable ABC transporter-binding protein DR_1438 => putative ABC transporter-binding protein
[09:48:44] Modify product: Probable transport protein HsrA => putative transport protein HsrA
[09:48:44] Modify product: Uncharacterized FAD-linked oxidoreductase Rv2280 => putative FAD-linked oxidoreductase
[09:48:44] Modify product: Uncharacterized FAD-linked oxidoreductase Rv2280 => putative FAD-linked oxidoreductase
[09:48:44] Modify product: Probable allantoin permease => putative allantoin permease
[09:48:44] Modify product: Uncharacterized signaling protein CC_0091 => putative signaling protein
[09:48:44] Modify product: Probable 2-dehydro-3-deoxygalactonokinase DgoK1 => putative 2-dehydro-3-deoxygalactonokinase DgoK1
[09:48:44] Modify product: Uncharacterized FAD-linked oxidoreductase Rv2280 => putative FAD-linked oxidoreductase
[09:48:44] Modify product: Probable cyclic di-GMP phosphodiesterase PdeA => putative cyclic di-GMP phosphodiesterase PdeA
[09:48:45] Modify product: Uncharacterized HTH-type transcriptional regulator YurK => putative HTH-type transcriptional regulator YurK
[09:48:45] Modify product: Probable 6-phospho-beta-glucosidase => putative 6-phospho-beta-glucosidase
[09:48:45] Modify product: Probable ABC transporter-binding protein DR_1438 => putative ABC transporter-binding protein
[09:48:45] Modify product: Glycogen operon protein GlgX homolog => Glycogen operon protein GlgX 
[09:48:45] Modify product: Uncharacterized metal-dependent hydrolase YjjV => putative metal-dependent hydrolase YjjV
[09:48:45] Modify product: Uncharacterized signaling protein CC_0091 => putative signaling protein
[09:48:45] Modify product: Uncharacterized protein Rv2569c => putative protein
[09:48:45] Modify product: Uncharacterized protein Rv2411c => putative protein
[09:48:45] Modify product: NADH dehydrogenase-like protein MT1860 => NADH dehydrogenase-like protein
[09:48:45] Modify product: Uncharacterized sugar transferase EpsL => putative sugar transferase EpsL
[09:48:45] Modify product: Probable ABC transporter-binding protein DR_1438 => putative ABC transporter-binding protein
[09:48:45] Modify product: Uncharacterized sugar kinase YdjH => putative sugar kinase YdjH
[09:48:45] Modify product: Uncharacterized FAD-linked oxidoreductase Rv2280 => putative FAD-linked oxidoreductase
[09:48:45] Modify product: Probable enoyl-CoA hydratase => putative enoyl-CoA hydratase
[09:48:45] Modify product: Probable transcriptional regulatory protein pdtaR => putative transcriptional regulatory protein pdtaR
[09:48:45] Modify product: Probable nitrate transporter NarT => putative nitrate transporter NarT
[09:48:45] Modify product: RutC family protein HI_0719 => RutC family protein
[09:48:45] Modify product: Uncharacterized protein HI_0131 => putative protein
[09:48:45] Modify product: Probable efflux pump membrane transporter TtgB => putative efflux pump membrane transporter TtgB
[09:48:45] Modify product: Uncharacterized protein HI_1028 => putative protein
[09:48:45] Modify product: UPF0065 protein in clcB-clcD intergenic region => hypothetical protein
[09:48:45] Modify product: Uncharacterized ABC transporter ATP-binding protein YejF => putative ABC transporter ATP-binding protein YejF
[09:48:45] Modify product: Probable 3-hydroxyisobutyrate dehydrogenase => putative 3-hydroxyisobutyrate dehydrogenase
[09:48:45] Modify product: UPF0098 protein Rv2140c => hypothetical protein
[09:48:45] Modify product: Chemotaxis protein CheY homolog => Chemotaxis protein CheY 
[09:48:45] Modify product: Chemotaxis protein CheY homolog => Chemotaxis protein CheY 
[09:48:45] Modify product: Bifunctional protein FolD => Bifunctional protein FolD protein
[09:48:45] Modify product: Uncharacterized protein HI_0933 => putative protein
[09:48:45] Modify product: Uncharacterized protein Rv2307c => putative protein
[09:48:45] Modify product: Solute-binding protein Rfer_1840 => Solute-binding protein
[09:48:45] Modify product: Uncharacterized protein YphB => putative protein YphB
[09:48:45] Modify product: Uncharacterized ABC transporter ATP-binding protein YheS => putative ABC transporter ATP-binding protein YheS
[09:48:45] Modify product: Uncharacterized protein HI_1048 => putative protein
[09:48:45] Modify product: Uncharacterized ABC transporter ATP-binding protein YheS => putative ABC transporter ATP-binding protein YheS
[09:48:45] Modify product: Purine-binding protein BAB2_0673 => Purine-binding protein
[09:48:45] Modify product: Solute-binding protein SPO1773 => Solute-binding protein
[09:48:45] Modify product: Probable aminotransferase Rv3329 => putative aminotransferase
[09:48:45] Modify product: Probable 4-hydroxyproline 2-epimerase => putative 4-hydroxyproline 2-epimerase
[09:48:45] Modify product: Probable tautomerase HP_0924 => putative tautomerase
[09:48:45] Modify product: Probable D,D-dipeptide transport system permease protein DdpC => putative D,D-dipeptide transport system permease protein DdpC
[09:48:45] Modify product: Purine-binding protein BAB2_0673 => Purine-binding protein
[09:48:45] Modify product: Probable riboflavin import permease protein RfuC => putative riboflavin import permease protein RfuC
[09:48:45] Modify product: Probable D,D-dipeptide transport system permease protein DdpC => putative D,D-dipeptide transport system permease protein DdpC
[09:48:45] Modify product: Probable zinc-binding alcohol dehydrogenase Rv1895 => putative zinc-binding alcohol dehydrogenase
[09:48:45] Modify product: Probable siderophore transport system permease protein YfhA => putative siderophore transport system permease protein YfhA
[09:48:45] Modify product: Probable FMNH2-dependent monooxygenase SfnC => putative FMNH2-dependent monooxygenase SfnC
[09:48:45] Modify product: Uncharacterized sugar transferase EpsL => putative sugar transferase EpsL
[09:48:45] Modify product: Putative multidrug export ATP-binding/permease protein SAV1866 => Putative multidrug export ATP-binding/permease protein
[09:48:45] Modify product: Probable HTH-type transcriptional repressor ExuR => putative HTH-type transcriptional repressor ExuR
[09:48:45] Modify product: Probable N-methylproline demethylase => putative N-methylproline demethylase
[09:48:45] Modify product: UPF0394 inner membrane protein YeeE => hypothetical protein
[09:48:45] Modify product: Uncharacterized protein HI_0131 => putative protein
[09:48:45] Modify product: UPF0702 transmembrane protein YetF => hypothetical protein
[09:48:45] Modify product: Probable hydrolase YcaC => putative hydrolase YcaC
[09:48:45] Modify product: Solute-binding protein Bpro_3107 => Solute-binding protein
[09:48:45] Modify product: Putative transport protein Rv1101c => Putative transport protein
[09:48:45] Modify product: UPF0337 protein YjbJ => hypothetical protein
[09:48:45] Modify product: Uncharacterized protein Rv1498c => putative protein
[09:48:45] Modify product: UPF0194 membrane protein YbhG => hypothetical protein
[09:48:45] Modify product: Probable multidrug ABC transporter ATP-binding protein YbhF => putative multidrug ABC transporter ATP-binding protein YbhF
[09:48:45] Modify product: Probable multidrug ABC transporter permease YbhS => putative multidrug ABC transporter permease YbhS
[09:48:45] Modify product: Probable multidrug ABC transporter permease YbhR => putative multidrug ABC transporter permease YbhR
[09:48:45] Modify product: Uncharacterized ABC transporter ATP-binding protein YejF => putative ABC transporter ATP-binding protein YejF
[09:48:45] Modify product: Probable ABC transporter phosphonate/phosphite binding protein PhnD2 => putative ABC transporter phosphonate/phosphite binding protein PhnD2
[09:48:45] Modify product: Uncharacterized oxidoreductase Rv1350 => putative oxidoreductase
[09:48:45] Modify product: Probable pyridine nucleotide-disulfide oxidoreductase RclA => putative pyridine nucleotide-disulfide oxidoreductase RclA
[09:48:45] Cleaned 263 /product names
[09:48:45] Deleting unwanted file: /Users/cychang/Desktop/lab/ncbi-ensifer/data/prokka/USDA1021/annotated.sprot.tmp.68979.faa
[09:48:45] Deleting unwanted file: /Users/cychang/Desktop/lab/ncbi-ensifer/data/prokka/USDA1021/annotated.sprot.tmp.68979.blast
[09:48:46] There are still 3609 unannotated CDS left (started with 6893)
[09:48:46] Will use hmmer3 to search against /Users/cychang/miniconda3/envs/intel_env/envs/prokka/db/hmm/HAMAP.hmm with 8 CPUs
[09:48:46] Running: cat \/Users\/cychang\/Desktop\/lab\/ncbi\-ensifer\/data\/prokka\/USDA1021\/annotated\.HAMAP\.hmm\.tmp\.68979\.faa | parallel --gnu --plain -j 8 --block 58235 --recstart '>' --pipe hmmscan --noali --notextw --acc -E 1e-09 --cpu 1 /Users/cychang/miniconda3/envs/intel_env/envs/prokka/db/hmm/HAMAP.hmm /dev/stdin > \/Users\/cychang\/Desktop\/lab\/ncbi\-ensifer\/data\/prokka\/USDA1021\/annotated\.HAMAP\.hmm\.tmp\.68979\.hmmer3 2> /dev/null
[09:49:34] Modify product: Uncharacterized MFS-type transporter YcaD => putative MFS-type transporter YcaD
[09:49:34] Modify product: Uncharacterized MFS-type transporter YcaD => putative MFS-type transporter YcaD
[09:49:34] Modify product: Uncharacterized Nudix hydrolase NudL => putative Nudix hydrolase NudL
[09:49:35] Cleaned 3 /product names
[09:49:35] Deleting unwanted file: /Users/cychang/Desktop/lab/ncbi-ensifer/data/prokka/USDA1021/annotated.HAMAP.hmm.tmp.68979.faa
[09:49:35] Deleting unwanted file: /Users/cychang/Desktop/lab/ncbi-ensifer/data/prokka/USDA1021/annotated.HAMAP.hmm.tmp.68979.hmmer3
[09:49:35] Labelling remaining 3171 proteins as 'hypothetical protein'
[09:49:35] Possible /pseudo '4-methylaminobutanoate oxidase (formaldehyde-forming)' at NZ_CP021800.1 position 7172
[09:49:35] Possible /pseudo 'IS481 family transposase ISRm20' at NZ_CP021800.1 position 447960
[09:49:35] Possible /pseudo 'Vitamin B12 import ATP-binding protein BtuD' at NZ_CP021800.1 position 546958
[09:49:35] Possible /pseudo 'Cytochrome b/c1' at NZ_CP021800.1 position 551101
[09:49:35] Possible /pseudo 'Bicyclomycin resistance protein' at NZ_CP021800.1 position 598801
[09:49:35] Possible /pseudo 'D-inositol-3-phosphate glycosyltransferase' at NZ_CP021800.1 position 820046
[09:49:35] Possible /pseudo 'D-inositol-3-phosphate glycosyltransferase' at NZ_CP021800.1 position 821065
[09:49:35] Possible /pseudo 'Homoserine/homoserine lactone efflux protein' at NZ_CP021800.1 position 1907869
[09:49:35] Possible /pseudo 'Manganese transport system membrane protein MntB' at NZ_CP021800.1 position 2559654
[09:49:35] Possible /pseudo 'Uric acid transporter UacT' at NZ_CP021800.1 position 2565625
[09:49:35] Possible /pseudo 'putative protein' at NZ_CP021800.1 position 2829606
[09:49:35] Possible /pseudo 'Xylulose kinase' at NZ_CP021800.1 position 3139623
[09:49:35] Possible /pseudo 'IS3 family transposase ISKpn11' at NZ_CP021803.1 position 14453
[09:49:35] Possible /pseudo 'Tyrosine recombinase XerC' at NZ_CP021803.1 position 245853
[09:49:35] Possible /pseudo 'Tyrosine recombinase XerC' at NZ_CP021803.1 position 246494
[09:49:35] Possible /pseudo 'Tyrosine recombinase XerC' at NZ_CP021803.1 position 247480
[09:49:35] Possible /pseudo 'IS3 family transposase ISKpn11' at NZ_CP021803.1 position 265758
[09:49:35] Possible /pseudo 'IS3 family transposase ISKpn11' at NZ_CP021803.1 position 280803
[09:49:35] Possible /pseudo 'IS3 family transposase ISKpn11' at NZ_CP021803.1 position 289043
[09:49:35] Possible /pseudo 'HTH-type transcriptional regulator PgrR' at NZ_CP021801.1 position 3950
[09:49:35] Possible /pseudo 'putative HTH-type transcriptional regulator YahB' at NZ_CP021801.1 position 97966
[09:49:35] Possible /pseudo 'L-cystine transport system permease protein YecS' at NZ_CP021801.1 position 158826
[09:49:35] Possible /pseudo 'L-cystine transport system permease protein YecS' at NZ_CP021801.1 position 215282
[09:49:35] Possible /pseudo 'HTH-type transcriptional regulator PgrR' at NZ_CP021801.1 position 372200
[09:49:35] Possible /pseudo 'Beta-lactamase' at NZ_CP021801.1 position 406945
[09:49:35] Possible /pseudo 'HTH-type transcriptional activator RhaR' at NZ_CP021801.1 position 491975
[09:49:35] Possible /pseudo 'HTH-type transcriptional activator RhaR' at NZ_CP021801.1 position 493099
[09:49:35] Possible /pseudo 'IS5 family transposase ISNisp7' at NZ_CP021801.1 position 512874
[09:49:35] Possible /pseudo 'Arginine/ornithine antiporter' at NZ_CP021801.1 position 595121
[09:49:35] Possible /pseudo 'putative methylxanthine N7-demethylase NdmC' at NZ_CP021801.1 position 695209
[09:49:35] Possible /pseudo 'Flavohemoprotein' at NZ_CP021801.1 position 843981
[09:49:35] Possible /pseudo 'putative flavin reductase' at NZ_CP021801.1 position 1007147
[09:49:35] Possible /pseudo 'IS630 family transposase ISRm2011-2' at NZ_CP021801.1 position 1174738
[09:49:35] Possible /pseudo 'Formate dehydrogenase-O major subunit' at NZ_CP021801.1 position 1379600
[09:49:35] Possible /pseudo 'L-cystine transport system permease protein YecS' at NZ_CP021802.1 position 53491
[09:49:35] Possible /pseudo 'Ribose import permease protein RbsC' at NZ_CP021802.1 position 302772
[09:49:35] Possible /pseudo 'Sensor histidine kinase RcsC' at NZ_CP021802.1 position 381678
[09:49:35] Possible /pseudo 'putative FAD-linked oxidoreductase' at NZ_CP021802.1 position 739310
[09:49:35] Possible /pseudo 'ATP synthase subunit b' at NZ_CP021802.1 position 802078
[09:49:35] Possible /pseudo 'IS630 family transposase ISRm2011-2' at NZ_CP021802.1 position 816224
[09:49:35] Possible /pseudo 'Non-homologous end joining protein Ku' at NZ_CP021802.1 position 1016692
[09:49:35] Possible /pseudo 'tRNA 5-methylaminomethyl-2-thiouridine biosynthesis bifunctional protein MnmC' at NZ_CP021802.1 position 1101385
[09:49:35] Possible /pseudo 'Ribose import permease protein RbsC' at NZ_CP021802.1 position 1379392
[09:49:35] Possible /pseudo 'Protein-glutamate methylesterase/protein-glutamine glutaminase' at NZ_CP021802.1 position 1812419
[09:49:35] Possible /pseudo 'UDP-glucose 4-epimerase' at NZ_CP021802.1 position 1870294
[09:49:35] Found 2029 unique /gene codes.
[09:49:35] Fixed 2 duplicate /gene - menE_1 menE_2
[09:49:35] Fixed 2 duplicate /gene - bdhA_1 bdhA_2
[09:49:35] Fixed 2 duplicate /gene - ghrB_1 ghrB_2
[09:49:35] Fixed 2 duplicate /gene - nemA_1 nemA_2
[09:49:35] Fixed 3 duplicate /gene - lsrC_1 lsrC_2 lsrC_3
[09:49:35] Fixed 2 duplicate /gene - araA_1 araA_2
[09:49:35] Fixed 2 duplicate /gene - pyrC_1 pyrC_2
[09:49:35] Fixed 3 duplicate /gene - xerD_1 xerD_2 xerD_3
[09:49:35] Fixed 2 duplicate /gene - tdcB_1 tdcB_2
[09:49:35] Fixed 16 duplicate /gene - mshA_1 mshA_2 mshA_3 mshA_4 mshA_5 mshA_6 mshA_7 mshA_8 mshA_9 mshA_10 mshA_11 mshA_12 mshA_13 mshA_14 mshA_15 mshA_16
[09:49:35] Fixed 2 duplicate /gene - purU_1 purU_2
[09:49:35] Fixed 5 duplicate /gene - mtgB_1 mtgB_2 mtgB_3 mtgB_4 mtgB_5
[09:49:35] Fixed 8 duplicate /gene - potA_1 potA_2 potA_3 potA_4 potA_5 potA_6 potA_7 potA_8
[09:49:35] Fixed 2 duplicate /gene - soxD_1 soxD_2
[09:49:35] Fixed 2 duplicate /gene - def_1 def_2
[09:49:35] Fixed 3 duplicate /gene - syrM1_1 syrM1_2 syrM1_3
[09:49:35] Fixed 3 duplicate /gene - soxA_1 soxA_2 soxA_3
[09:49:35] Fixed 4 duplicate /gene - bacC_1 bacC_2 bacC_3 bacC_4
[09:49:35] Fixed 6 duplicate /gene - dppC_1 dppC_2 dppC_3 dppC_4 dppC_5 dppC_6
[09:49:35] Fixed 2 duplicate /gene - nuoM_1 nuoM_2
[09:49:35] Fixed 4 duplicate /gene - prsD_1 prsD_2 prsD_3 prsD_4
[09:49:35] Fixed 2 duplicate /gene - pgiA_1 pgiA_2
[09:49:35] Fixed 2 duplicate /gene - perR_1 perR_2
[09:49:35] Fixed 2 duplicate /gene - strE_1 strE_2
[09:49:35] Fixed 2 duplicate /gene - rnhA_1 rnhA_2
[09:49:35] Fixed 3 duplicate /gene - ompR_1 ompR_2 ompR_3
[09:49:35] Fixed 2 duplicate /gene - cckA_1 cckA_2
[09:49:35] Fixed 2 duplicate /gene - tgnB_1 tgnB_2
[09:49:35] Fixed 2 duplicate /gene - lnrL_1 lnrL_2
[09:49:35] Fixed 3 duplicate /gene - nagR_1 nagR_2 nagR_3
[09:49:35] Fixed 2 duplicate /gene - pepT_1 pepT_2
[09:49:35] Fixed 5 duplicate /gene - siaM_1 siaM_2 siaM_3 siaM_4 siaM_5
[09:49:35] Fixed 2 duplicate /gene - parE1_1 parE1_2
[09:49:35] Fixed 2 duplicate /gene - artI_1 artI_2
[09:49:35] Fixed 13 duplicate /gene - gcvA_1 gcvA_2 gcvA_3 gcvA_4 gcvA_5 gcvA_6 gcvA_7 gcvA_8 gcvA_9 gcvA_10 gcvA_11 gcvA_12 gcvA_13
[09:49:35] Fixed 3 duplicate /gene - deoR_1 deoR_2 deoR_3
[09:49:35] Fixed 7 duplicate /gene - ngcG_1 ngcG_2 ngcG_3 ngcG_4 ngcG_5 ngcG_6 ngcG_7
[09:49:35] Fixed 2 duplicate /gene - tolQ_1 tolQ_2
[09:49:35] Fixed 2 duplicate /gene - hchA_1 hchA_2
[09:49:35] Fixed 2 duplicate /gene - argD_1 argD_2
[09:49:35] Fixed 3 duplicate /gene - kdgR_1 kdgR_2 kdgR_3
[09:49:35] Fixed 2 duplicate /gene - nqrF_1 nqrF_2
[09:49:35] Fixed 2 duplicate /gene - phoP_1 phoP_2
[09:49:35] Fixed 2 duplicate /gene - ghrA_1 ghrA_2
[09:49:35] Fixed 2 duplicate /gene - cutM_1 cutM_2
[09:49:35] Fixed 2 duplicate /gene - rhaM_1 rhaM_2
[09:49:35] Fixed 2 duplicate /gene - proC_1 proC_2
[09:49:35] Fixed 2 duplicate /gene - vapB_1 vapB_2
[09:49:35] Fixed 3 duplicate /gene - gpmA_1 gpmA_2 gpmA_3
[09:49:35] Fixed 2 duplicate /gene - ggt_1 ggt_2
[09:49:35] Fixed 2 duplicate /gene - menH_1 menH_2
[09:49:35] Fixed 2 duplicate /gene - hldD_1 hldD_2
[09:49:35] Fixed 2 duplicate /gene - cbpA_1 cbpA_2
[09:49:35] Fixed 2 duplicate /gene - gci_1 gci_2
[09:49:35] Fixed 2 duplicate /gene - glxR_1 glxR_2
[09:49:35] Fixed 3 duplicate /gene - yheS_1 yheS_2 yheS_3
[09:49:35] Fixed 5 duplicate /gene - prsE_1 prsE_2 prsE_3 prsE_4 prsE_5
[09:49:35] Fixed 3 duplicate /gene - dinB_1 dinB_2 dinB_3
[09:49:35] Fixed 3 duplicate /gene - gabD_1 gabD_2 gabD_3
[09:49:35] Fixed 2 duplicate /gene - virB4_1 virB4_2
[09:49:35] Fixed 2 duplicate /gene - hexR_1 hexR_2
[09:49:35] Fixed 2 duplicate /gene - yjmC_1 yjmC_2
[09:49:35] Fixed 2 duplicate /gene - ndhS_1 ndhS_2
[09:49:35] Fixed 5 duplicate /gene - gph_1 gph_2 gph_3 gph_4 gph_5
[09:49:35] Fixed 2 duplicate /gene - tcyB_1 tcyB_2
[09:49:35] Fixed 5 duplicate /gene - ddpC_1 ddpC_2 ddpC_3 ddpC_4 ddpC_5
[09:49:35] Fixed 3 duplicate /gene - nfdA_1 nfdA_2 nfdA_3
[09:49:35] Fixed 3 duplicate /gene - dapE_1 dapE_2 dapE_3
[09:49:35] Fixed 2 duplicate /gene - cysNC_1 cysNC_2
[09:49:35] Fixed 2 duplicate /gene - gyrB_1 gyrB_2
[09:49:35] Fixed 4 duplicate /gene - comR_1 comR_2 comR_3 comR_4
[09:49:35] Fixed 2 duplicate /gene - spuD_1 spuD_2
[09:49:35] Fixed 2 duplicate /gene - rsmB_1 rsmB_2
[09:49:35] Fixed 3 duplicate /gene - alsT_1 alsT_2 alsT_3
[09:49:35] Fixed 4 duplicate /gene - fixK_1 fixK_2 fixK_3 fixK_4
[09:49:35] Fixed 2 duplicate /gene - glgB_1 glgB_2
[09:49:35] Fixed 2 duplicate /gene - ydhP_1 ydhP_2
[09:49:35] Fixed 2 duplicate /gene - gabR_1 gabR_2
[09:49:35] Fixed 3 duplicate /gene - dnaJ_1 dnaJ_2 dnaJ_3
[09:49:35] Fixed 2 duplicate /gene - ald2_1 ald2_2
[09:49:35] Fixed 2 duplicate /gene - gstB_1 gstB_2
[09:49:35] Fixed 2 duplicate /gene - rnk_1 rnk_2
[09:49:35] Fixed 2 duplicate /gene - gltX_1 gltX_2
[09:49:35] Fixed 5 duplicate /gene - hcaB_1 hcaB_2 hcaB_3 hcaB_4 hcaB_5
[09:49:35] Fixed 2 duplicate /gene - ftsZ_1 ftsZ_2
[09:49:35] Fixed 6 duplicate /gene - gno_1 gno_2 gno_3 gno_4 gno_5 gno_6
[09:49:35] Fixed 4 duplicate /gene - paoC_1 paoC_2 paoC_3 paoC_4
[09:49:35] Fixed 4 duplicate /gene - doeA_1 doeA_2 doeA_3 doeA_4
[09:49:35] Fixed 2 duplicate /gene - epsL_1 epsL_2
[09:49:35] Fixed 2 duplicate /gene - pdxA2_1 pdxA2_2
[09:49:35] Fixed 3 duplicate /gene - lsrD_1 lsrD_2 lsrD_3
[09:49:35] Fixed 2 duplicate /gene - groL5_1 groL5_2
[09:49:35] Fixed 2 duplicate /gene - purF_1 purF_2
[09:49:35] Fixed 3 duplicate /gene - corA_1 corA_2 corA_3
[09:49:35] Fixed 2 duplicate /gene - dctB_1 dctB_2
[09:49:35] Fixed 2 duplicate /gene - xpkA_1 xpkA_2
[09:49:35] Fixed 2 duplicate /gene - rlmB_1 rlmB_2
[09:49:35] Fixed 3 duplicate /gene - dxs_1 dxs_2 dxs_3
[09:49:35] Fixed 3 duplicate /gene - araQ_1 araQ_2 araQ_3
[09:49:35] Fixed 2 duplicate /gene - accA1_1 accA1_2
[09:49:35] Fixed 3 duplicate /gene - clpP_1 clpP_2 clpP_3
[09:49:35] Fixed 4 duplicate /gene - sugC_1 sugC_2 sugC_3 sugC_4
[09:49:35] Fixed 3 duplicate /gene - argP_1 argP_2 argP_3
[09:49:35] Fixed 2 duplicate /gene - nqo2_1 nqo2_2
[09:49:35] Fixed 2 duplicate /gene - macA_1 macA_2
[09:49:35] Fixed 2 duplicate /gene - puuA_1 puuA_2
[09:49:35] Fixed 2 duplicate /gene - arcB_1 arcB_2
[09:49:35] Fixed 2 duplicate /gene - ntaA_1 ntaA_2
[09:49:35] Fixed 2 duplicate /gene - yiaO_1 yiaO_2
[09:49:35] Fixed 2 duplicate /gene - afr_1 afr_2
[09:49:35] Fixed 3 duplicate /gene - gcvT_1 gcvT_2 gcvT_3
[09:49:35] Fixed 4 duplicate /gene - betI_1 betI_2 betI_3 betI_4
[09:49:35] Fixed 2 duplicate /gene - lgoD_1 lgoD_2
[09:49:35] Fixed 3 duplicate /gene - noc_1 noc_2 noc_3
[09:49:35] Fixed 2 duplicate /gene - idnD_1 idnD_2
[09:49:35] Fixed 4 duplicate /gene - ycjO_1 ycjO_2 ycjO_3 ycjO_4
[09:49:35] Fixed 2 duplicate /gene - nifK_1 nifK_2
[09:49:35] Fixed 2 duplicate /gene - blaP_1 blaP_2
[09:49:35] Fixed 2 duplicate /gene - ydaD_1 ydaD_2
[09:49:35] Fixed 2 duplicate /gene - cynR_1 cynR_2
[09:49:35] Fixed 3 duplicate /gene - purD_1 purD_2 purD_3
[09:49:35] Fixed 8 duplicate /gene - mglA_1 mglA_2 mglA_3 mglA_4 mglA_5 mglA_6 mglA_7 mglA_8
[09:49:35] Fixed 2 duplicate /gene - copA_1 copA_2
[09:49:35] Fixed 5 duplicate /gene - soxB_1 soxB_2 soxB_3 soxB_4 soxB_5
[09:49:35] Fixed 2 duplicate /gene - purN_1 purN_2
[09:49:35] Fixed 3 duplicate /gene - pta_1 pta_2 pta_3
[09:49:35] Fixed 6 duplicate /gene - bepA_1 bepA_2 bepA_3 bepA_4 bepA_5 bepA_6
[09:49:35] Fixed 2 duplicate /gene - eis_1 eis_2
[09:49:35] Fixed 2 duplicate /gene - kefC_1 kefC_2
[09:49:35] Fixed 5 duplicate /gene - melD_1 melD_2 melD_3 melD_4 melD_5
[09:49:35] Fixed 2 duplicate /gene - ywnA_1 ywnA_2
[09:49:35] Fixed 2 duplicate /gene - tktA_1 tktA_2
[09:49:35] Fixed 2 duplicate /gene - virB8_1 virB8_2
[09:49:35] Fixed 2 duplicate /gene - ftsI_1 ftsI_2
[09:49:35] Fixed 13 duplicate /gene - rcsC_1 rcsC_2 rcsC_3 rcsC_4 rcsC_5 rcsC_6 rcsC_7 rcsC_8 rcsC_9 rcsC_10 rcsC_11 rcsC_12 rcsC_13
[09:49:35] Fixed 4 duplicate /gene - ycaC_1 ycaC_2 ycaC_3 ycaC_4
[09:49:35] Fixed 2 duplicate /gene - dauA_1 dauA_2
[09:49:35] Fixed 2 duplicate /gene - hisD_1 hisD_2
[09:49:35] Fixed 4 duplicate /gene - xylB_1 xylB_2 xylB_3 xylB_4
[09:49:35] Fixed 2 duplicate /gene - ropA_1 ropA_2
[09:49:35] Fixed 2 duplicate /gene - rihB_1 rihB_2
[09:49:35] Fixed 6 duplicate /gene - dctM_1 dctM_2 dctM_3 dctM_4 dctM_5 dctM_6
[09:49:35] Fixed 2 duplicate /gene - argH_1 argH_2
[09:49:35] Fixed 2 duplicate /gene - yfhA_1 yfhA_2
[09:49:35] Fixed 6 duplicate /gene - dapA_1 dapA_2 dapA_3 dapA_4 dapA_5 dapA_6
[09:49:35] Fixed 3 duplicate /gene - slyA_1 slyA_2 slyA_3
[09:49:35] Fixed 3 duplicate /gene - rpaR_1 rpaR_2 rpaR_3
[09:49:35] Fixed 2 duplicate /gene - sspA_1 sspA_2
[09:49:35] Fixed 2 duplicate /gene - etfB_1 etfB_2
[09:49:35] Fixed 9 duplicate /gene - gsiD_1 gsiD_2 gsiD_3 gsiD_4 gsiD_5 gsiD_6 gsiD_7 gsiD_8 gsiD_9
[09:49:35] Fixed 8 duplicate /gene - lrp_1 lrp_2 lrp_3 lrp_4 lrp_5 lrp_6 lrp_7 lrp_8
[09:49:35] Fixed 4 duplicate /gene - ndhB_1 ndhB_2 ndhB_3 ndhB_4
[09:49:35] Fixed 3 duplicate /gene - glnA_1 glnA_2 glnA_3
[09:49:35] Fixed 6 duplicate /gene - puuB_1 puuB_2 puuB_3 puuB_4 puuB_5 puuB_6
[09:49:35] Fixed 2 duplicate /gene - dat_1 dat_2
[09:49:35] Fixed 3 duplicate /gene - prmC_1 prmC_2 prmC_3
[09:49:35] Fixed 3 duplicate /gene - hyuC_1 hyuC_2 hyuC_3
[09:49:35] Fixed 2 duplicate /gene - gnl_1 gnl_2
[09:49:35] Fixed 3 duplicate /gene - hisQ_1 hisQ_2 hisQ_3
[09:49:35] Fixed 2 duplicate /gene - nifD_1 nifD_2
[09:49:35] Fixed 2 duplicate /gene - lysA_1 lysA_2
[09:49:35] Fixed 7 duplicate /gene - frcA_1 frcA_2 frcA_3 frcA_4 frcA_5 frcA_6 frcA_7
[09:49:35] Fixed 3 duplicate /gene - fixJ_1 fixJ_2 fixJ_3
[09:49:35] Fixed 4 duplicate /gene - dadA1_1 dadA1_2 dadA1_3 dadA1_4
[09:49:35] Fixed 2 duplicate /gene - mrcA_1 mrcA_2
[09:49:35] Fixed 3 duplicate /gene - emrA_1 emrA_2 emrA_3
[09:49:35] Fixed 2 duplicate /gene - fmt_1 fmt_2
[09:49:35] Fixed 3 duplicate /gene - ycjP_1 ycjP_2 ycjP_3
[09:49:35] Fixed 2 duplicate /gene - gshB_1 gshB_2
[09:49:35] Fixed 4 duplicate /gene - ssuC_1 ssuC_2 ssuC_3 ssuC_4
[09:49:35] Fixed 2 duplicate /gene - degQ_1 degQ_2
[09:49:35] Fixed 8 duplicate /gene - rspR_1 rspR_2 rspR_3 rspR_4 rspR_5 rspR_6 rspR_7 rspR_8
[09:49:35] Fixed 3 duplicate /gene - recD2_1 recD2_2 recD2_3
[09:49:35] Fixed 2 duplicate /gene - metC_1 metC_2
[09:49:35] Fixed 3 duplicate /gene - glnH_1 glnH_2 glnH_3
[09:49:35] Fixed 4 duplicate /gene - garR_1 garR_2 garR_3 garR_4
[09:49:35] Fixed 2 duplicate /gene - hmuU_1 hmuU_2
[09:49:35] Fixed 2 duplicate /gene - rfbC_1 rfbC_2
[09:49:35] Fixed 2 duplicate /gene - aldHT_1 aldHT_2
[09:49:35] Fixed 2 duplicate /gene - trkI_1 trkI_2
[09:49:35] Fixed 2 duplicate /gene - ssb_1 ssb_2
[09:49:35] Fixed 3 duplicate /gene - ttuD_1 ttuD_2 ttuD_3
[09:49:35] Fixed 3 duplicate /gene - ald_1 ald_2 ald_3
[09:49:35] Fixed 2 duplicate /gene - glmU_1 glmU_2
[09:49:35] Fixed 3 duplicate /gene - xylG_1 xylG_2 xylG_3
[09:49:35] Fixed 2 duplicate /gene - dnaN_1 dnaN_2
[09:49:35] Fixed 2 duplicate /gene - cah_1 cah_2
[09:49:35] Fixed 4 duplicate /gene - cheB_1 cheB_2 cheB_3 cheB_4
[09:49:35] Fixed 4 duplicate /gene - kduD_1 kduD_2 kduD_3 kduD_4
[09:49:35] Fixed 2 duplicate /gene - amiD_1 amiD_2
[09:49:35] Fixed 2 duplicate /gene - dnaA_1 dnaA_2
[09:49:35] Fixed 2 duplicate /gene - denD_1 denD_2
[09:49:35] Fixed 2 duplicate /gene - araH_1 araH_2
[09:49:35] Fixed 2 duplicate /gene - adh_1 adh_2
[09:49:35] Fixed 2 duplicate /gene - echA8_1 echA8_2
[09:49:35] Fixed 2 duplicate /gene - fucU_1 fucU_2
[09:49:35] Fixed 2 duplicate /gene - gtaB_1 gtaB_2
[09:49:35] Fixed 10 duplicate /gene - yecS_1 yecS_2 yecS_3 yecS_4 yecS_5 yecS_6 yecS_7 yecS_8 yecS_9 yecS_10
[09:49:35] Fixed 8 duplicate /gene - ligD_1 ligD_2 ligD_3 ligD_4 ligD_5 ligD_6 ligD_7 ligD_8
[09:49:35] Fixed 2 duplicate /gene - rihA_1 rihA_2
[09:49:35] Fixed 2 duplicate /gene - sfnC_1 sfnC_2
[09:49:35] Fixed 2 duplicate /gene - fbcH_1 fbcH_2
[09:49:35] Fixed 8 duplicate /gene - rbsB_1 rbsB_2 rbsB_3 rbsB_4 rbsB_5 rbsB_6 rbsB_7 rbsB_8
[09:49:35] Fixed 2 duplicate /gene - rpsU_1 rpsU_2
[09:49:35] Fixed 2 duplicate /gene - yhdW_1 yhdW_2
[09:49:35] Fixed 8 duplicate /gene - oppD_1 oppD_2 oppD_3 oppD_4 oppD_5 oppD_6 oppD_7 oppD_8
[09:49:35] Fixed 9 duplicate /gene - lutR_1 lutR_2 lutR_3 lutR_4 lutR_5 lutR_6 lutR_7 lutR_8 lutR_9
[09:49:35] Fixed 2 duplicate /gene - atpF_1 atpF_2
[09:49:35] Fixed 3 duplicate /gene - IMPDH_1 IMPDH_2 IMPDH_3
[09:49:35] Fixed 2 duplicate /gene - etfA_1 etfA_2
[09:49:35] Fixed 3 duplicate /gene - nepI_1 nepI_2 nepI_3
[09:49:35] Fixed 4 duplicate /gene - mcbR_1 mcbR_2 mcbR_3 mcbR_4
[09:49:35] Fixed 2 duplicate /gene - coxM_1 coxM_2
[09:49:35] Fixed 3 duplicate /gene - yhdN_1 yhdN_2 yhdN_3
[09:49:35] Fixed 3 duplicate /gene - phzF_1 phzF_2 phzF_3
[09:49:35] Fixed 3 duplicate /gene - xsc_1 xsc_2 xsc_3
[09:49:35] Fixed 3 duplicate /gene - hyuA_1 hyuA_2 hyuA_3
[09:49:35] Fixed 2 duplicate /gene - divK_1 divK_2
[09:49:35] Fixed 2 duplicate /gene - sctC_1 sctC_2
[09:49:35] Fixed 2 duplicate /gene - cnbH_1 cnbH_2
[09:49:35] Fixed 2 duplicate /gene - mdtG_1 mdtG_2
[09:49:35] Fixed 3 duplicate /gene - cpdR_1 cpdR_2 cpdR_3
[09:49:35] Fixed 2 duplicate /gene - tetR_1 tetR_2
[09:49:35] Fixed 2 duplicate /gene - mdh_1 mdh_2
[09:49:35] Fixed 5 duplicate /gene - abo_1 abo_2 abo_3 abo_4 abo_5
[09:49:35] Fixed 2 duplicate /gene - ousW_1 ousW_2
[09:49:35] Fixed 3 duplicate /gene - ohrR_1 ohrR_2 ohrR_3
[09:49:35] Fixed 2 duplicate /gene - asnB_1 asnB_2
[09:49:35] Fixed 2 duplicate /gene - ugpB_1 ugpB_2
[09:49:35] Fixed 8 duplicate /gene - glnQ_1 glnQ_2 glnQ_3 glnQ_4 glnQ_5 glnQ_6 glnQ_7 glnQ_8
[09:49:35] Fixed 2 duplicate /gene - puuD_1 puuD_2
[09:49:35] Fixed 11 duplicate /gene - rhaR_1 rhaR_2 rhaR_3 rhaR_4 rhaR_5 rhaR_6 rhaR_7 rhaR_8 rhaR_9 rhaR_10 rhaR_11
[09:49:35] Fixed 5 duplicate /gene - bepF_1 bepF_2 bepF_3 bepF_4 bepF_5
[09:49:35] Fixed 2 duplicate /gene - tufA_1 tufA_2
[09:49:35] Fixed 4 duplicate /gene - fixN_1 fixN_2 fixN_3 fixN_4
[09:49:35] Fixed 2 duplicate /gene - thiE_1 thiE_2
[09:49:35] Fixed 2 duplicate /gene - kdsD_1 kdsD_2
[09:49:35] Fixed 5 duplicate /gene - ccpA_1 ccpA_2 ccpA_3 ccpA_4 ccpA_5
[09:49:35] Fixed 2 duplicate /gene - yhbO_1 yhbO_2
[09:49:35] Fixed 4 duplicate /gene - hipO_1 hipO_2 hipO_3 hipO_4
[09:49:35] Fixed 3 duplicate /gene - nicS_1 nicS_2 nicS_3
[09:49:35] Fixed 2 duplicate /gene - paaZ_1 paaZ_2
[09:49:35] Fixed 2 duplicate /gene - rpoH_1 rpoH_2
[09:49:35] Fixed 6 duplicate /gene - dasC_1 dasC_2 dasC_3 dasC_4 dasC_5 dasC_6
[09:49:35] Fixed 2 duplicate /gene - adeC_1 adeC_2
[09:49:35] Fixed 2 duplicate /gene - arcD_1 arcD_2
[09:49:35] Fixed 2 duplicate /gene - fadJ_1 fadJ_2
[09:49:35] Fixed 3 duplicate /gene - btuB_1 btuB_2 btuB_3
[09:49:35] Fixed 2 duplicate /gene - pepA_1 pepA_2
[09:49:35] Fixed 2 duplicate /gene - yfkN_1 yfkN_2
[09:49:35] Fixed 3 duplicate /gene - kce_1 kce_2 kce_3
[09:49:35] Fixed 2 duplicate /gene - kdgK_1 kdgK_2
[09:49:35] Fixed 7 duplicate /gene - cpo_1 cpo_2 cpo_3 cpo_4 cpo_5 cpo_6 cpo_7
[09:49:35] Fixed 2 duplicate /gene - gsiB_1 gsiB_2
[09:49:35] Fixed 2 duplicate /gene - aspC_1 aspC_2
[09:49:35] Fixed 2 duplicate /gene - COQ3_1 COQ3_2
[09:49:35] Fixed 6 duplicate /gene - livF_1 livF_2 livF_3 livF_4 livF_5 livF_6
[09:49:35] Fixed 2 duplicate /gene - yxeN_1 yxeN_2
[09:49:35] Fixed 3 duplicate /gene - adhT_1 adhT_2 adhT_3
[09:49:35] Fixed 2 duplicate /gene - atzA_1 atzA_2
[09:49:35] Fixed 3 duplicate /gene - occP_1 occP_2 occP_3
[09:49:35] Fixed 8 duplicate /gene - cspA_1 cspA_2 cspA_3 cspA_4 cspA_5 cspA_6 cspA_7 cspA_8
[09:49:35] Fixed 2 duplicate /gene - pucM_1 pucM_2
[09:49:35] Fixed 2 duplicate /gene - nimR_1 nimR_2
[09:49:35] Fixed 3 duplicate /gene - lcfB_1 lcfB_2 lcfB_3
[09:49:35] Fixed 3 duplicate /gene - lolD_1 lolD_2 lolD_3
[09:49:35] Fixed 2 duplicate /gene - adeP_1 adeP_2
[09:49:35] Fixed 2 duplicate /gene - iorA_1 iorA_2
[09:49:35] Fixed 2 duplicate /gene - hsrA_1 hsrA_2
[09:49:35] Fixed 2 duplicate /gene - dnaE2_1 dnaE2_2
[09:49:35] Fixed 2 duplicate /gene - lfrA_1 lfrA_2
[09:49:35] Fixed 4 duplicate /gene - galE_1 galE_2 galE_3 galE_4
[09:49:35] Fixed 2 duplicate /gene - napC_1 napC_2
[09:49:35] Fixed 17 duplicate /gene - fabG_1 fabG_2 fabG_3 fabG_4 fabG_5 fabG_6 fabG_7 fabG_8 fabG_9 fabG_10 fabG_11 fabG_12 fabG_13 fabG_14 fabG_15 fabG_16 fabG_17
[09:49:35] Fixed 2 duplicate /gene - todT_1 todT_2
[09:49:35] Fixed 2 duplicate /gene - gltD_1 gltD_2
[09:49:35] Fixed 16 duplicate /gene - rbsA_1 rbsA_2 rbsA_3 rbsA_4 rbsA_5 rbsA_6 rbsA_7 rbsA_8 rbsA_9 rbsA_10 rbsA_11 rbsA_12 rbsA_13 rbsA_14 rbsA_15 rbsA_16
[09:49:35] Fixed 3 duplicate /gene - flhA_1 flhA_2 flhA_3
[09:49:35] Fixed 2 duplicate /gene - rhtC_1 rhtC_2
[09:49:35] Fixed 3 duplicate /gene - cya_1 cya_2 cya_3
[09:49:35] Fixed 2 duplicate /gene - maiA_1 maiA_2
[09:49:35] Fixed 2 duplicate /gene - dnaK_1 dnaK_2
[09:49:35] Fixed 2 duplicate /gene - hmrR_1 hmrR_2
[09:49:35] Fixed 2 duplicate /gene - thiG_1 thiG_2
[09:49:35] Fixed 2 duplicate /gene - leuC_1 leuC_2
[09:49:35] Fixed 3 duplicate /gene - carA_1 carA_2 carA_3
[09:49:35] Fixed 2 duplicate /gene - lsrA_1 lsrA_2
[09:49:35] Fixed 2 duplicate /gene - kup_1 kup_2
[09:49:35] Fixed 4 duplicate /gene - groS1_1 groS1_2 groS1_3 groS1_4
[09:49:35] Fixed 2 duplicate /gene - virB9_1 virB9_2
[09:49:35] Fixed 2 duplicate /gene - ydjH_1 ydjH_2
[09:49:35] Fixed 2 duplicate /gene - patA_1 patA_2
[09:49:35] Fixed 2 duplicate /gene - hemA_1 hemA_2
[09:49:35] Fixed 2 duplicate /gene - eda_1 eda_2
[09:49:35] Fixed 2 duplicate /gene - allA_1 allA_2
[09:49:35] Fixed 2 duplicate /gene - cyoC_1 cyoC_2
[09:49:35] Fixed 2 duplicate /gene - glnP_1 glnP_2
[09:49:35] Fixed 2 duplicate /gene - nagL_1 nagL_2
[09:49:35] Fixed 2 duplicate /gene - gamR_1 gamR_2
[09:49:35] Fixed 2 duplicate /gene - cysA_1 cysA_2
[09:49:35] Fixed 2 duplicate /gene - cysG_1 cysG_2
[09:49:35] Fixed 8 duplicate /gene - nanR_1 nanR_2 nanR_3 nanR_4 nanR_5 nanR_6 nanR_7 nanR_8
[09:49:35] Fixed 3 duplicate /gene - lldD_1 lldD_2 lldD_3
[09:49:35] Fixed 2 duplicate /gene - fucK_1 fucK_2
[09:49:35] Fixed 2 duplicate /gene - mrpG_1 mrpG_2
[09:49:35] Fixed 6 duplicate /gene - nodD2_1 nodD2_2 nodD2_3 nodD2_4 nodD2_5 nodD2_6
[09:49:35] Fixed 3 duplicate /gene - suhB_1 suhB_2 suhB_3
[09:49:35] Fixed 2 duplicate /gene - emrB_1 emrB_2
[09:49:35] Fixed 2 duplicate /gene - rutR_1 rutR_2
[09:49:35] Fixed 2 duplicate /gene - malT_1 malT_2
[09:49:35] Fixed 2 duplicate /gene - nicB_1 nicB_2
[09:49:35] Fixed 3 duplicate /gene - degA_1 degA_2 degA_3
[09:49:35] Fixed 3 duplicate /gene - uacT_1 uacT_2 uacT_3
[09:49:35] Fixed 5 duplicate /gene - hbpA_1 hbpA_2 hbpA_3 hbpA_4 hbpA_5
[09:49:35] Fixed 4 duplicate /gene - lptB_1 lptB_2 lptB_3 lptB_4
[09:49:35] Fixed 2 duplicate /gene - msiK_1 msiK_2
[09:49:35] Fixed 8 duplicate /gene - dppB_1 dppB_2 dppB_3 dppB_4 dppB_5 dppB_6 dppB_7 dppB_8
[09:49:35] Fixed 6 duplicate /gene - livH_1 livH_2 livH_3 livH_4 livH_5 livH_6
[09:49:35] Fixed 3 duplicate /gene - msmX_1 msmX_2 msmX_3
[09:49:35] Fixed 2 duplicate /gene - cysK_1 cysK_2
[09:49:35] Fixed 2 duplicate /gene - melA_1 melA_2
[09:49:35] Fixed 2 duplicate /gene - ubiL_1 ubiL_2
[09:49:35] Fixed 2 duplicate /gene - fixT_1 fixT_2
[09:49:35] Fixed 2 duplicate /gene - map_1 map_2
[09:49:35] Fixed 3 duplicate /gene - mdtC_1 mdtC_2 mdtC_3
[09:49:35] Fixed 2 duplicate /gene - xdhA_1 xdhA_2
[09:49:35] Fixed 2 duplicate /gene - glgX_1 glgX_2
[09:49:35] Fixed 2 duplicate /gene - yahB_1 yahB_2
[09:49:35] Fixed 5 duplicate /gene - alkJ_1 alkJ_2 alkJ_3 alkJ_4 alkJ_5
[09:49:35] Fixed 3 duplicate /gene - fhuA_1 fhuA_2 fhuA_3
[09:49:35] Fixed 2 duplicate /gene - abaF_1 abaF_2
[09:49:35] Fixed 3 duplicate /gene - yjiA_1 yjiA_2 yjiA_3
[09:49:35] Fixed 2 duplicate /gene - agpA_1 agpA_2
[09:49:35] Fixed 4 duplicate /gene - potB_1 potB_2 potB_3 potB_4
[09:49:35] Fixed 4 duplicate /gene - hmp_1 hmp_2 hmp_3 hmp_4
[09:49:35] Fixed 4 duplicate /gene - glpR_1 glpR_2 glpR_3 glpR_4
[09:49:35] Fixed 3 duplicate /gene - purR_1 purR_2 purR_3
[09:49:35] Fixed 4 duplicate /gene - oppF_1 oppF_2 oppF_3 oppF_4
[09:49:35] Fixed 2 duplicate /gene - sucB_1 sucB_2
[09:49:35] Fixed 2 duplicate /gene - fghA_1 fghA_2
[09:49:35] Fixed 2 duplicate /gene - gntK_1 gntK_2
[09:49:35] Fixed 2 duplicate /gene - gbpR_1 gbpR_2
[09:49:35] Fixed 2 duplicate /gene - pld1_1 pld1_2
[09:49:35] Fixed 2 duplicate /gene - ftsH_1 ftsH_2
[09:49:35] Fixed 3 duplicate /gene - hutH_1 hutH_2 hutH_3
[09:49:35] Fixed 2 duplicate /gene - ycdF_1 ycdF_2
[09:49:35] Fixed 2 duplicate /gene - crt_1 crt_2
[09:49:35] Fixed 2 duplicate /gene - rafR_1 rafR_2
[09:49:35] Fixed 2 duplicate /gene - tam_1 tam_2
[09:49:35] Fixed 2 duplicate /gene - tqsA_1 tqsA_2
[09:49:35] Fixed 5 duplicate /gene - gdh_1 gdh_2 gdh_3 gdh_4 gdh_5
[09:49:35] Fixed 4 duplicate /gene - tdh_1 tdh_2 tdh_3 tdh_4
[09:49:35] Fixed 2 duplicate /gene - rpe_1 rpe_2
[09:49:35] Fixed 3 duplicate /gene - spuC_1 spuC_2 spuC_3
[09:49:35] Fixed 2 duplicate /gene - nuoH_1 nuoH_2
[09:49:35] Fixed 4 duplicate /gene - msrP_1 msrP_2 msrP_3 msrP_4
[09:49:35] Fixed 2 duplicate /gene - ltnD_1 ltnD_2
[09:49:35] Fixed 4 duplicate /gene - acdA_1 acdA_2 acdA_3 acdA_4
[09:49:35] Fixed 2 duplicate /gene - dgoK1_1 dgoK1_2
[09:49:35] Fixed 2 duplicate /gene - pip_1 pip_2
[09:49:35] Fixed 2 duplicate /gene - rclR_1 rclR_2
[09:49:35] Fixed 2 duplicate /gene - alaS_1 alaS_2
[09:49:35] Fixed 2 duplicate /gene - araG_1 araG_2
[09:49:35] Fixed 3 duplicate /gene - trxB_1 trxB_2 trxB_3
[09:49:35] Fixed 2 duplicate /gene - rnd_1 rnd_2
[09:49:35] Fixed 2 duplicate /gene - murG_1 murG_2
[09:49:35] Fixed 6 duplicate /gene - ycaD_1 ycaD_2 ycaD_3 ycaD_4 ycaD_5 ycaD_6
[09:49:35] Fixed 11 duplicate /gene - sasA_1 sasA_2 sasA_3 sasA_4 sasA_5 sasA_6 sasA_7 sasA_8 sasA_9 sasA_10 sasA_11
[09:49:35] Fixed 2 duplicate /gene - sbp_1 sbp_2
[09:49:35] Fixed 2 duplicate /gene - resA_1 resA_2
[09:49:35] Fixed 2 duplicate /gene - opuAA_1 opuAA_2
[09:49:35] Fixed 4 duplicate /gene - sugB_1 sugB_2 sugB_3 sugB_4
[09:49:35] Fixed 2 duplicate /gene - bauA_1 bauA_2
[09:49:35] Fixed 4 duplicate /gene - betA_1 betA_2 betA_3 betA_4
[09:49:35] Fixed 2 duplicate /gene - rfuC_1 rfuC_2
[09:49:35] Fixed 2 duplicate /gene - atzC_1 atzC_2
[09:49:35] Fixed 2 duplicate /gene - prs_1 prs_2
[09:49:35] Fixed 4 duplicate /gene - artM_1 artM_2 artM_3 artM_4
[09:49:35] Fixed 6 duplicate /gene - yabJ_1 yabJ_2 yabJ_3 yabJ_4 yabJ_5 yabJ_6
[09:49:35] Fixed 2 duplicate /gene - ohrB_1 ohrB_2
[09:49:35] Fixed 2 duplicate /gene - nrtA_1 nrtA_2
[09:49:35] Fixed 4 duplicate /gene - cpdA_1 cpdA_2 cpdA_3 cpdA_4
[09:49:35] Fixed 4 duplicate /gene - xthA_1 xthA_2 xthA_3 xthA_4
[09:49:35] Fixed 3 duplicate /gene - tmoT_1 tmoT_2 tmoT_3
[09:49:35] Fixed 2 duplicate /gene - gppA_1 gppA_2
[09:49:35] Fixed 3 duplicate /gene - fabF_1 fabF_2 fabF_3
[09:49:35] Fixed 4 duplicate /gene - mtgA_1 mtgA_2 mtgA_3 mtgA_4
[09:49:35] Fixed 6 duplicate /gene - vapC_1 vapC_2 vapC_3 vapC_4 vapC_5 vapC_6
[09:49:35] Fixed 7 duplicate /gene - lacF_1 lacF_2 lacF_3 lacF_4 lacF_5 lacF_6 lacF_7
[09:49:35] Fixed 9 duplicate /gene - hdfR_1 hdfR_2 hdfR_3 hdfR_4 hdfR_5 hdfR_6 hdfR_7 hdfR_8 hdfR_9
[09:49:35] Fixed 2 duplicate /gene - kipR_1 kipR_2
[09:49:35] Fixed 2 duplicate /gene - amiC_1 amiC_2
[09:49:35] Fixed 2 duplicate /gene - dksA_1 dksA_2
[09:49:35] Fixed 4 duplicate /gene - davD_1 davD_2 davD_3 davD_4
[09:49:35] Fixed 8 duplicate /gene - dppA_1 dppA_2 dppA_3 dppA_4 dppA_5 dppA_6 dppA_7 dppA_8
[09:49:35] Fixed 3 duplicate /gene - araC_1 araC_2 araC_3
[09:49:35] Fixed 2 duplicate /gene - cycB_1 cycB_2
[09:49:35] Fixed 3 duplicate /gene - thrB_1 thrB_2 thrB_3
[09:49:35] Fixed 2 duplicate /gene - pyrE_1 pyrE_2
[09:49:35] Fixed 2 duplicate /gene - glgA1_1 glgA1_2
[09:49:35] Fixed 2 duplicate /gene - deoC_1 deoC_2
[09:49:35] Fixed 2 duplicate /gene - fadA_1 fadA_2
[09:49:35] Fixed 2 duplicate /gene - rlpA_1 rlpA_2
[09:49:35] Fixed 2 duplicate /gene - codA_1 codA_2
[09:49:35] Fixed 2 duplicate /gene - phyR_1 phyR_2
[09:49:35] Fixed 2 duplicate /gene - fdhC_1 fdhC_2
[09:49:35] Fixed 4 duplicate /gene - nagC_1 nagC_2 nagC_3 nagC_4
[09:49:35] Fixed 5 duplicate /gene - hisC_1 hisC_2 hisC_3 hisC_4 hisC_5
[09:49:35] Fixed 5 duplicate /gene - acsA_1 acsA_2 acsA_3 acsA_4 acsA_5
[09:49:35] Fixed 2 duplicate /gene - mntB_1 mntB_2
[09:49:35] Fixed 2 duplicate /gene - esiB_1 esiB_2
[09:49:35] Fixed 5 duplicate /gene - ku_1 ku_2 ku_3 ku_4 ku_5
[09:49:35] Fixed 12 duplicate /gene - xerC_1 xerC_2 xerC_3 xerC_4 xerC_5 xerC_6 xerC_7 xerC_8 xerC_9 xerC_10 xerC_11 xerC_12
[09:49:35] Fixed 3 duplicate /gene - degU_1 degU_2 degU_3
[09:49:35] Fixed 2 duplicate /gene - fixP_1 fixP_2
[09:49:35] Fixed 2 duplicate /gene - oppA_1 oppA_2
[09:49:35] Fixed 2 duplicate /gene - blh_1 blh_2
[09:49:35] Fixed 2 duplicate /gene - gloB_1 gloB_2
[09:49:35] Fixed 4 duplicate /gene - argT_1 argT_2 argT_3 argT_4
[09:49:35] Fixed 3 duplicate /gene - mnmC_1 mnmC_2 mnmC_3
[09:49:35] Fixed 2 duplicate /gene - yieH_1 yieH_2
[09:49:35] Fixed 3 duplicate /gene - iorB_1 iorB_2 iorB_3
[09:49:35] Fixed 2 duplicate /gene - mdtA_1 mdtA_2
[09:49:35] Fixed 3 duplicate /gene - ydiK_1 ydiK_2 ydiK_3
[09:49:35] Fixed 2 duplicate /gene - xylH_1 xylH_2
[09:49:35] Fixed 5 duplicate /gene - ribN_1 ribN_2 ribN_3 ribN_4 ribN_5
[09:49:35] Fixed 2 duplicate /gene - ndvB_1 ndvB_2
[09:49:35] Fixed 2 duplicate /gene - ctaC_1 ctaC_2
[09:49:35] Fixed 2 duplicate /gene - ndhC_1 ndhC_2
[09:49:35] Fixed 7 duplicate /gene - cdhR_1 cdhR_2 cdhR_3 cdhR_4 cdhR_5 cdhR_6 cdhR_7
[09:49:35] Fixed 5 duplicate /gene - fliY_1 fliY_2 fliY_3 fliY_4 fliY_5
[09:49:35] Fixed 6 duplicate /gene - betB_1 betB_2 betB_3 betB_4 betB_5 betB_6
[09:49:35] Fixed 2 duplicate /gene - ssuB_1 ssuB_2
[09:49:35] Fixed 5 duplicate /gene - sgrR_1 sgrR_2 sgrR_3 sgrR_4 sgrR_5
[09:49:35] Fixed 2 duplicate /gene - ilvE_1 ilvE_2
[09:49:35] Fixed 2 duplicate /gene - rgtA_1 rgtA_2
[09:49:35] Fixed 2 duplicate /gene - mtlK_1 mtlK_2
[09:49:35] Fixed 4 duplicate /gene - groL1_1 groL1_2 groL1_3 groL1_4
[09:49:35] Fixed 2 duplicate /gene - hisN_1 hisN_2
[09:49:35] Fixed 3 duplicate /gene - apsD_1 apsD_2 apsD_3
[09:49:35] Fixed 2 duplicate /gene - qorA_1 qorA_2
[09:49:35] Fixed 5 duplicate /gene - entS_1 entS_2 entS_3 entS_4 entS_5
[09:49:35] Fixed 2 duplicate /gene - folD_1 folD_2
[09:49:35] Fixed 14 duplicate /gene - ugpC_1 ugpC_2 ugpC_3 ugpC_4 ugpC_5 ugpC_6 ugpC_7 ugpC_8 ugpC_9 ugpC_10 ugpC_11 ugpC_12 ugpC_13 ugpC_14
[09:49:35] Fixed 2 duplicate /gene - mrpD_1 mrpD_2
[09:49:35] Fixed 4 duplicate /gene - lsrB_1 lsrB_2 lsrB_3 lsrB_4
[09:49:35] Fixed 2 duplicate /gene - coaA_1 coaA_2
[09:49:35] Fixed 2 duplicate /gene - aatB_1 aatB_2
[09:49:35] Fixed 3 duplicate /gene - bcr_1 bcr_2 bcr_3
[09:49:35] Fixed 2 duplicate /gene - ucpA_1 ucpA_2
[09:49:35] Fixed 3 duplicate /gene - golD_1 golD_2 golD_3
[09:49:35] Fixed 4 duplicate /gene - siaP_1 siaP_2 siaP_3 siaP_4
[09:49:35] Fixed 6 duplicate /gene - cytR_1 cytR_2 cytR_3 cytR_4 cytR_5 cytR_6
[09:49:35] Fixed 3 duplicate /gene - pal_1 pal_2 pal_3
[09:49:35] Fixed 2 duplicate /gene - lexA_1 lexA_2
[09:49:35] Fixed 2 duplicate /gene - yliI_1 yliI_2
[09:49:35] Fixed 6 duplicate /gene - rhtB_1 rhtB_2 rhtB_3 rhtB_4 rhtB_5 rhtB_6
[09:49:35] Fixed 2 duplicate /gene - dgoD_1 dgoD_2
[09:49:35] Fixed 2 duplicate /gene - nuoK_1 nuoK_2
[09:49:35] Fixed 15 duplicate /gene - gsiA_1 gsiA_2 gsiA_3 gsiA_4 gsiA_5 gsiA_6 gsiA_7 gsiA_8 gsiA_9 gsiA_10 gsiA_11 gsiA_12 gsiA_13 gsiA_14 gsiA_15
[09:49:35] Fixed 5 duplicate /gene - ecfG_1 ecfG_2 ecfG_3 ecfG_4 ecfG_5
[09:49:35] Fixed 2 duplicate /gene - fusA_1 fusA_2
[09:49:35] Fixed 3 duplicate /gene - msbA_1 msbA_2 msbA_3
[09:49:35] Fixed 3 duplicate /gene - araB_1 araB_2 araB_3
[09:49:35] Fixed 2 duplicate /gene - artJ_1 artJ_2
[09:49:35] Fixed 4 duplicate /gene - yajO_1 yajO_2 yajO_3 yajO_4
[09:49:35] Fixed 2 duplicate /gene - nuoJ_1 nuoJ_2
[09:49:35] Fixed 2 duplicate /gene - ackA_1 ackA_2
[09:49:35] Fixed 2 duplicate /gene - siaT_1 siaT_2
[09:49:35] Fixed 2 duplicate /gene - yyaP_1 yyaP_2
[09:49:35] Fixed 2 duplicate /gene - mhqD_1 mhqD_2
[09:49:35] Fixed 2 duplicate /gene - hcrA_1 hcrA_2
[09:49:35] Fixed 4 duplicate /gene - paoB_1 paoB_2 paoB_3 paoB_4
[09:49:35] Fixed 2 duplicate /gene - dauR_1 dauR_2
[09:49:35] Fixed 2 duplicate /gene - malL_1 malL_2
[09:49:35] Fixed 2 duplicate /gene - exsH_1 exsH_2
[09:49:35] Fixed 2 duplicate /gene - oatA_1 oatA_2
[09:49:35] Fixed 2 duplicate /gene - parD1_1 parD1_2
[09:49:35] Fixed 2 duplicate /gene - imuB_1 imuB_2
[09:49:35] Fixed 2 duplicate /gene - asd2_1 asd2_2
[09:49:35] Fixed 2 duplicate /gene - vat_1 vat_2
[09:49:35] Fixed 17 duplicate /gene - gsiC_1 gsiC_2 gsiC_3 gsiC_4 gsiC_5 gsiC_6 gsiC_7 gsiC_8 gsiC_9 gsiC_10 gsiC_11 gsiC_12 gsiC_13 gsiC_14 gsiC_15 gsiC_16 gsiC_17
[09:49:35] Fixed 3 duplicate /gene - ibpA_1 ibpA_2 ibpA_3
[09:49:35] Fixed 8 duplicate /gene - COQ5_1 COQ5_2 COQ5_3 COQ5_4 COQ5_5 COQ5_6 COQ5_7 COQ5_8
[09:49:35] Fixed 2 duplicate /gene - arsC_1 arsC_2
[09:49:35] Fixed 2 duplicate /gene - iolE_1 iolE_2
[09:49:35] Fixed 2 duplicate /gene - gltB_1 gltB_2
[09:49:35] Fixed 2 duplicate /gene - cysW_1 cysW_2
[09:49:35] Fixed 4 duplicate /gene - ros_1 ros_2 ros_3 ros_4
[09:49:35] Fixed 3 duplicate /gene - yqjF_1 yqjF_2 yqjF_3
[09:49:35] Fixed 5 duplicate /gene - sugA_1 sugA_2 sugA_3 sugA_4 sugA_5
[09:49:35] Fixed 3 duplicate /gene - arcA_1 arcA_2 arcA_3
[09:49:35] Fixed 2 duplicate /gene - guaD_1 guaD_2
[09:49:35] Fixed 2 duplicate /gene - adh1_1 adh1_2
[09:49:35] Fixed 2 duplicate /gene - metH_1 metH_2
[09:49:35] Fixed 2 duplicate /gene - caiD_1 caiD_2
[09:49:35] Fixed 2 duplicate /gene - thrC_1 thrC_2
[09:49:35] Fixed 3 duplicate /gene - oxyR_1 oxyR_2 oxyR_3
[09:49:35] Fixed 5 duplicate /gene - acpP_1 acpP_2 acpP_3 acpP_4 acpP_5
[09:49:35] Fixed 2 duplicate /gene - eryB_1 eryB_2
[09:49:35] Fixed 2 duplicate /gene - aqpZ2_1 aqpZ2_2
[09:49:35] Fixed 4 duplicate /gene - decR_1 decR_2 decR_3 decR_4
[09:49:35] Fixed 16 duplicate /gene - dmlR_1 dmlR_2 dmlR_3 dmlR_4 dmlR_5 dmlR_6 dmlR_7 dmlR_8 dmlR_9 dmlR_10 dmlR_11 dmlR_12 dmlR_13 dmlR_14 dmlR_15 dmlR_16
[09:49:35] Fixed 2 duplicate /gene - nodM_1 nodM_2
[09:49:35] Fixed 2 duplicate /gene - bamA_1 bamA_2
[09:49:35] Fixed 2 duplicate /gene - lsrR_1 lsrR_2
[09:49:35] Fixed 2 duplicate /gene - nadE_1 nadE_2
[09:49:35] Fixed 19 duplicate /gene - pgrR_1 pgrR_2 pgrR_3 pgrR_4 pgrR_5 pgrR_6 pgrR_7 pgrR_8 pgrR_9 pgrR_10 pgrR_11 pgrR_12 pgrR_13 pgrR_14 pgrR_15 pgrR_16 pgrR_17 pgrR_18 pgrR_19
[09:49:35] Fixed 7 duplicate /gene - rhaS_1 rhaS_2 rhaS_3 rhaS_4 rhaS_5 rhaS_6 rhaS_7
[09:49:35] Fixed 5 duplicate /gene - cysQ_1 cysQ_2 cysQ_3 cysQ_4 cysQ_5
[09:49:35] Fixed 2 duplicate /gene - fabG2_1 fabG2_2
[09:49:35] Fixed 2 duplicate /gene - ytfQ_1 ytfQ_2
[09:49:35] Fixed 3 duplicate /gene - fabI_1 fabI_2 fabI_3
[09:49:35] Fixed 2 duplicate /gene - tadA_1 tadA_2
[09:49:35] Fixed 2 duplicate /gene - yiaM_1 yiaM_2
[09:49:35] Fixed 3 duplicate /gene - msrB_1 msrB_2 msrB_3
[09:49:35] Fixed 25 duplicate /gene - rbsC_1 rbsC_2 rbsC_3 rbsC_4 rbsC_5 rbsC_6 rbsC_7 rbsC_8 rbsC_9 rbsC_10 rbsC_11 rbsC_12 rbsC_13 rbsC_14 rbsC_15 rbsC_16 rbsC_17 rbsC_18 rbsC_19 rbsC_20 rbsC_21 rbsC_22 rbsC_23 rbsC_24 rbsC_25
[09:49:35] Fixed 2 duplicate /gene - cheY_1 cheY_2
[09:49:35] Fixed 3 duplicate /gene - cmpR_1 cmpR_2 cmpR_3
[09:49:35] Fixed 4 duplicate /gene - paoA_1 paoA_2 paoA_3 paoA_4
[09:49:35] Fixed 2 duplicate /gene - thiQ_1 thiQ_2
[09:49:35] Fixed 3 duplicate /gene - dctD_1 dctD_2 dctD_3
[09:49:35] Fixed 2 duplicate /gene - petC_1 petC_2
[09:49:35] Fixed 3 duplicate /gene - cysD_1 cysD_2 cysD_3
[09:49:35] Fixed 2 duplicate /gene - dkgB_1 dkgB_2
[09:49:35] Fixed 2 duplicate /gene - dmdC_1 dmdC_2
[09:49:35] Fixed 2 duplicate /gene - yfcG_1 yfcG_2
[09:49:35] Fixed 2 duplicate /gene - ogt_1 ogt_2
[09:49:35] Fixed 3 duplicate /gene - eryD_1 eryD_2 eryD_3
[09:49:35] Fixed 3 duplicate /gene - yesO_1 yesO_2 yesO_3
[09:49:35] Fixed 2 duplicate /gene - mhqO_1 mhqO_2
[09:49:35] Fixed 4 duplicate /gene - aroE_1 aroE_2 aroE_3 aroE_4
[09:49:35] Fixed 2 duplicate /gene - yhjE_1 yhjE_2
[09:49:35] Fixed 2 duplicate /gene - cfa_1 cfa_2
[09:49:35] Fixed 2 duplicate /gene - nsrR_1 nsrR_2
[09:49:35] Fixed 4 duplicate /gene - pcm_1 pcm_2 pcm_3 pcm_4
[09:49:35] Fixed 2 duplicate /gene - ygaZ_1 ygaZ_2
[09:49:35] Fixed 3 duplicate /gene - cheW_1 cheW_2 cheW_3
[09:49:35] Fixed 2 duplicate /gene - bepG_1 bepG_2
[09:49:35] Fixed 3 duplicate /gene - yejF_1 yejF_2 yejF_3
[09:49:35] Fixed 15 duplicate /gene - iolG_1 iolG_2 iolG_3 iolG_4 iolG_5 iolG_6 iolG_7 iolG_8 iolG_9 iolG_10 iolG_11 iolG_12 iolG_13 iolG_14 iolG_15
[09:49:35] Fixed 2 duplicate /gene - fecE_1 fecE_2
[09:49:35] Fixed 2 duplicate /gene - rhlE_1 rhlE_2
[09:49:35] Fixed 2 duplicate /gene - hcr_1 hcr_2
[09:49:35] Fixed 3 duplicate /gene - mltF_1 mltF_2 mltF_3
[09:49:35] Fixed 2 duplicate /gene - fdoG_1 fdoG_2
[09:49:35] Fixed 19 duplicate /gene - btuD_1 btuD_2 btuD_3 btuD_4 btuD_5 btuD_6 btuD_7 btuD_8 btuD_9 btuD_10 btuD_11 btuD_12 btuD_13 btuD_14 btuD_15 btuD_16 btuD_17 btuD_18 btuD_19
[09:49:35] Fixed 8 duplicate /gene - malK_1 malK_2 malK_3 malK_4 malK_5 malK_6 malK_7 malK_8
[09:49:35] Fixed 6 duplicate /gene - ydcV_1 ydcV_2 ydcV_3 ydcV_4 ydcV_5 ydcV_6
[09:49:35] Fixed 2 duplicate /gene - nikA_1 nikA_2
[09:49:35] Fixed 2 duplicate /gene - rsmA_1 rsmA_2
[09:49:35] Fixed 551 colliding /gene names.
[09:49:35] Adding /locus_tag identifiers
[09:49:35] Assigned 6965 locus_tags to CDS and RNA features.
[09:49:35] Writing outputs to /Users/cychang/Desktop/lab/ncbi-ensifer/data/prokka/USDA1021/
[09:49:37] Generating annotation statistics file
[09:49:37] Generating Genbank and Sequin files
[09:49:37] Running: tbl2asn -V b -a r10k -l paired-ends -M n -N 1 -y 'Annotated using prokka 1.14.5 from https://github.com/tseemann/prokka' -Z \/Users\/cychang\/Desktop\/lab\/ncbi\-ensifer\/data\/prokka\/USDA1021\/annotated\.err -i \/Users\/cychang\/Desktop\/lab\/ncbi\-ensifer\/data\/prokka\/USDA1021\/annotated\.fsa 2> /dev/null
[09:49:48] Deleting unwanted file: /Users/cychang/Desktop/lab/ncbi-ensifer/data/prokka/USDA1021/errorsummary.val
[09:49:48] Deleting unwanted file: /Users/cychang/Desktop/lab/ncbi-ensifer/data/prokka/USDA1021/annotated.dr
[09:49:48] Deleting unwanted file: /Users/cychang/Desktop/lab/ncbi-ensifer/data/prokka/USDA1021/annotated.fixedproducts
[09:49:48] Deleting unwanted file: /Users/cychang/Desktop/lab/ncbi-ensifer/data/prokka/USDA1021/annotated.ecn
[09:49:48] Deleting unwanted file: /Users/cychang/Desktop/lab/ncbi-ensifer/data/prokka/USDA1021/annotated.val
[09:49:48] Repairing broken .GBK output that tbl2asn produces...
[09:49:48] Running: sed 's/COORDINATES: profile/COORDINATES:profile/' < \/Users\/cychang\/Desktop\/lab\/ncbi\-ensifer\/data\/prokka\/USDA1021\/annotated\.gbf > \/Users\/cychang\/Desktop\/lab\/ncbi\-ensifer\/data\/prokka\/USDA1021\/annotated\.gbk
[09:49:48] Deleting unwanted file: /Users/cychang/Desktop/lab/ncbi-ensifer/data/prokka/USDA1021/annotated.gbf
[09:49:48] Output files:
[09:49:49] /Users/cychang/Desktop/lab/ncbi-ensifer/data/prokka/USDA1021/annotated.faa
[09:49:49] /Users/cychang/Desktop/lab/ncbi-ensifer/data/prokka/USDA1021/annotated.fsa
[09:49:49] /Users/cychang/Desktop/lab/ncbi-ensifer/data/prokka/USDA1021/annotated.gbk
[09:49:49] /Users/cychang/Desktop/lab/ncbi-ensifer/data/prokka/USDA1021/annotated.log
[09:49:49] /Users/cychang/Desktop/lab/ncbi-ensifer/data/prokka/USDA1021/annotated.ffn
[09:49:49] /Users/cychang/Desktop/lab/ncbi-ensifer/data/prokka/USDA1021/annotated.tsv
[09:49:49] /Users/cychang/Desktop/lab/ncbi-ensifer/data/prokka/USDA1021/annotated.fna
[09:49:49] /Users/cychang/Desktop/lab/ncbi-ensifer/data/prokka/USDA1021/annotated.gbf-r
[09:49:49] /Users/cychang/Desktop/lab/ncbi-ensifer/data/prokka/USDA1021/annotated.err
[09:49:49] /Users/cychang/Desktop/lab/ncbi-ensifer/data/prokka/USDA1021/annotated.gff
[09:49:49] /Users/cychang/Desktop/lab/ncbi-ensifer/data/prokka/USDA1021/annotated.sqn
[09:49:49] /Users/cychang/Desktop/lab/ncbi-ensifer/data/prokka/USDA1021/annotated.tbl
[09:49:49] /Users/cychang/Desktop/lab/ncbi-ensifer/data/prokka/USDA1021/annotated.txt
[09:49:49] Annotation finished successfully.
[09:49:49] Walltime used: 3.42 minutes
[09:49:49] If you use this result please cite the Prokka paper:
[09:49:49] Seemann T (2014) Prokka: rapid prokaryotic genome annotation. Bioinformatics. 30(14):2068-9.
[09:49:49] Type 'prokka --citation' for more details.
[09:49:49] Share and enjoy!
