[09:49:49] This is prokka 1.14.5
[09:49:49] Written by Torsten Seemann <torsten.seemann@gmail.com>
[09:49:49] Homepage is https://github.com/tseemann/prokka
[09:49:49] Local time is Thu May  2 09:49:49 2024
[09:49:49] You are cychang
[09:49:49] Operating system is darwin
[09:49:49] You have BioPerl 1.007002
[09:49:49] System has 8 cores.
[09:49:49] Will use maximum of 8 cores.
[09:49:49] Annotating as >>> Bacteria <<<
[09:49:49] Creating new output folder: /Users/cychang/Desktop/lab/ncbi-ensifer/data/prokka/WSM1022
[09:49:49] Running: mkdir -p \/Users\/cychang\/Desktop\/lab\/ncbi\-ensifer\/data\/prokka\/WSM1022
[09:49:49] Using filename prefix: annotated.XXX
[09:49:49] Setting HMMER_NCPU=1
[09:49:49] Writing log to: /Users/cychang/Desktop/lab/ncbi-ensifer/data/prokka/WSM1022/annotated.log
[09:49:49] Command: /Users/cychang/miniconda3/envs/intel_env/envs/prokka/bin/prokka --force --outdir /Users/cychang/Desktop/lab/ncbi-ensifer/data/prokka/WSM1022 --kingdom Bacteria --locustag WSM1022 --prefix annotated --gcode 11 /Users/cychang/Desktop/lab/ncbi-ensifer/data/genomes/WSM1022.fasta
[09:49:49] Appending to PATH: /Users/cychang/miniconda3/envs/intel_env/envs/prokka/bin
[09:49:49] Looking for 'aragorn' - found /Users/cychang/miniconda3/envs/intel_env/envs/prokka/bin/aragorn
[09:49:49] Determined aragorn version is 001002 from 'ARAGORN v1.2.41 Dean Laslett'
[09:49:49] Looking for 'barrnap' - found /Users/cychang/miniconda3/envs/intel_env/envs/prokka/bin/barrnap
[09:49:49] Determined barrnap version is 000009 from 'barrnap 0.9'
[09:49:49] Looking for 'blastp' - found /Users/cychang/miniconda3/envs/intel_env/envs/prokka/bin/blastp
[09:49:50] Determined blastp version is 002009 from 'blastp: 2.9.0+'
[09:49:50] Looking for 'cmpress' - found /Users/cychang/miniconda3/envs/intel_env/envs/prokka/bin/cmpress
[09:49:50] Determined cmpress version is 001001 from '# INFERNAL 1.1.4 (Dec 2020)'
[09:49:50] Looking for 'cmscan' - found /Users/cychang/miniconda3/envs/intel_env/envs/prokka/bin/cmscan
[09:49:50] Determined cmscan version is 001001 from '# INFERNAL 1.1.4 (Dec 2020)'
[09:49:50] Looking for 'egrep' - found /usr/bin/egrep
[09:49:50] Looking for 'find' - found /usr/bin/find
[09:49:50] Looking for 'grep' - found /usr/bin/grep
[09:49:50] Looking for 'hmmpress' - found /Users/cychang/miniconda3/envs/intel_env/envs/prokka/bin/hmmpress
[09:49:50] Determined hmmpress version is 003003 from '# HMMER 3.3.2 (Nov 2020); http://hmmer.org/'
[09:49:50] Looking for 'hmmscan' - found /Users/cychang/miniconda3/envs/intel_env/envs/prokka/bin/hmmscan
[09:49:50] Determined hmmscan version is 003003 from '# HMMER 3.3.2 (Nov 2020); http://hmmer.org/'
[09:49:50] Looking for 'java' - found /usr/bin/java
[09:49:50] Looking for 'makeblastdb' - found /Users/cychang/miniconda3/envs/intel_env/envs/prokka/bin/makeblastdb
[09:49:50] Determined makeblastdb version is 002009 from 'makeblastdb: 2.9.0+'
[09:49:50] Looking for 'minced' - found /Users/cychang/miniconda3/envs/intel_env/envs/prokka/bin/minced
[09:49:51] Determined minced version is 004002 from 'minced 0.4.2'
[09:49:51] Looking for 'parallel' - found /Users/cychang/miniconda3/envs/intel_env/envs/prokka/bin/parallel
[09:49:51] Determined parallel version is 20230922 from 'GNU parallel 20230922'
[09:49:51] Looking for 'prodigal' - found /Users/cychang/miniconda3/envs/intel_env/envs/prokka/bin/prodigal
[09:49:51] Determined prodigal version is 002006 from 'Prodigal V2.6.3: February, 2016'
[09:49:51] Looking for 'prokka-genbank_to_fasta_db' - found /Users/cychang/miniconda3/envs/intel_env/envs/prokka/bin/prokka-genbank_to_fasta_db
[09:49:51] Looking for 'sed' - found /usr/bin/sed
[09:49:51] Looking for 'tbl2asn' - found /Users/cychang/miniconda3/envs/intel_env/envs/prokka/bin/tbl2asn
[09:49:51] Determined tbl2asn version is 025007 from 'tbl2asn 25.7   arguments:'
[09:49:51] Using genetic code table 11.
[09:49:51] Loading and checking input file: /Users/cychang/Desktop/lab/ncbi-ensifer/data/genomes/WSM1022.fasta
[09:49:51] Wrote 3 contigs totalling 6751834 bp.
[09:49:51] Predicting tRNAs and tmRNAs
[09:49:51] Running: aragorn -l -gc11  -w \/Users\/cychang\/Desktop\/lab\/ncbi\-ensifer\/data\/prokka\/WSM1022\/annotated\.fna
[09:49:55] 1 tRNA-Ala c[20811,20886] 34 (ggc)
[09:49:55] 2 tRNA-Leu [28815,28901] 35 (cag)
[09:49:55] 3 tRNA-Arg c[141376,141472] 36 (ccg)
[09:49:55] 4 tRNA-Arg [226875,226951] 35 (acg)
[09:49:55] 5 tRNA-Thr c[275528,275603] 34 (cgt)
[09:49:55] 6 tRNA-Gly [295552,295626] 33 (ccc)
[09:49:55] 7 tRNA-Tyr c[313432,313528] 34 (gta)
[09:49:55] 8 tRNA-Thr c[372815,372889] 33 (ggt)
[09:49:55] 9 tRNA-Phe [379310,379385] 34 (gaa)
[09:49:55] 10 tRNA-His [496718,496794] 35 (gtg)
[09:49:55] 11 tRNA-Gln c[529002,529075] 33 (ctg)
[09:49:55] 12 tRNA-Gln [727868,727942] 33 (ttg)
[09:49:55] 13 tRNA-Pro [750185,750261] 35 (cgg)
[09:49:55] 14 tRNA-Ser [863682,863771] 35 (gct)
[09:49:55] 15 tRNA-Ala [1021135,1021234] 38 (agc)
[09:49:55] 16 tRNA-Pro [1051340,1051416] 35 (ggg)
[09:49:55] 17 tRNA-Val c[1091712,1091787] 34 (tac)
[09:49:55] 18 tRNA-Asp [1092231,1092307] 35 (gtc)
[09:49:55] 19 tRNA-Asp [1092377,1092453] 35 (gtc)
[09:49:55] 20 tRNA-Thr [1167359,1167434] 34 (tgt)
[09:49:55] 21 tRNA-Tyr [1170785,1170869] 35 (gta)
[09:49:55] 22 tRNA-Gly [1170893,1170966] 33 (tcc)
[09:49:55] 23 tRNA-Trp [1174881,1174956] 34 (cca)
[09:49:55] 24 tRNA-Leu [1221185,1221269] 35 (gag)
[09:49:55] 25 tRNA-Leu [1385276,1385360] 35 (tag)
[09:49:55] 26 tRNA-Ser [1461129,1461218] 35 (tga)
[09:49:55] 27 tRNA-Ala [1461461,1461536] 34 (cgc)
[09:49:55] 28 tRNA-Cys [1464110,1464183] 33 (gca)
[09:49:55] 29 tRNA-Asn [1466537,1466611] 33 (gtt)
[09:49:55] 30 tRNA-Leu c[1481539,1481621] 35 (taa)
[09:49:55] 31 tRNA-Phe c[1520057,1520136] 35 (gaa)
[09:49:55] 32 tRNA-Lys [1530661,1530736] 34 (ttt)
[09:49:55] 33 tRNA-Arg c[1629731,1629807] 35 (tct)
[09:49:55] 34 tRNA-Pro c[1630183,1630259] 35 (tgg)
[09:49:55] 35 tRNA-Glu [1633918,1633993] 35 (ttc)
[09:49:55] 36 tRNA-Glu [1634211,1634286] 35 (ttc)
[09:49:55] 37 tRNA-Glu [1634344,1634418] 34 (ctc)
[09:49:55] 38 tRNA-Glu [1634606,1634681] 35 (ttc)
[09:49:55] 39 tRNA-Met c[2012677,2012751] 33 (cat)
[09:49:55] 40 tRNA-Lys c[2032164,2032239] 34 (ctt)
[09:49:55] 41 tmRNA* [2122853,2123191] 210,248 ANDNYAEARLAA*
[09:49:55] 42 tRNA-Met c[2324675,2324750] 34 (cat)
[09:49:55] 43 tRNA-Gly c[2635140,2635237] 39 (gcc)
[09:49:55] 44 tRNA-Met c[2640900,2640976] 35 (cat)
[09:49:55] 45 tRNA-Ala c[2644926,2645001] 34 (tgc)
[09:49:55] 46 tRNA-Ile c[2645120,2645196] 35 (gat)
[09:49:55] 47 tRNA-Leu c[2678983,2679067] 35 (caa)
[09:49:55] 48 tRNA-Met c[2755714,2755790] 35 (cat)
[09:49:55] 49 tRNA-Val [2900486,2900560] 33 (gac)
[09:49:55] 50 tRNA-Met c[3060200,3060276] 35 (cat)
[09:49:55] 51 tRNA-Ala c[3064210,3064285] 34 (tgc)
[09:49:55] 52 tRNA-Ile c[3064404,3064480] 35 (gat)
[09:49:55] 53 tRNA-Arg [3081358,3081434] 35 (cct)
[09:49:55] 54 tRNA-Ser c[3207822,3207911] 35 (cga)
[09:49:55] 55 tRNA-Ile c[3209318,3209415] 41 (aat)
[09:49:55] 56 tRNA-Gly c[3246013,3246087] 33 (gcc)
[09:49:55] 57 tRNA-Ile [3517414,3517490] 35 (gat)
[09:49:55] 58 tRNA-Ala [3517609,3517684] 34 (tgc)
[09:49:55] 59 tRNA-Met [3521636,3521712] 35 (cat)
[09:49:55] 60 tRNA-Ser [3675649,3675738] 35 (gga)
[09:49:55] 1 tRNA-SeC [86186,86281] 35 (tca)
[09:49:55] 2 tRNA-Ala [511348,511432] 38 (ggc)
[09:49:55] 1 tRNA-Arg c[866565,866641] 35 (ccg)
[09:49:55] Found 63 tRNAs
[09:49:55] Predicting Ribosomal RNAs
[09:49:55] Running Barrnap with 8 threads
[09:49:56] 1 NZ_CP054390.1 2641119 5S ribosomal RNA
[09:49:56] 2 NZ_CP054390.1 2641455 23S ribosomal RNA
[09:49:56] 3 NZ_CP054390.1 2645452 16S ribosomal RNA
[09:49:56] 4 NZ_CP054390.1 3060403 5S ribosomal RNA
[09:49:56] 5 NZ_CP054390.1 3060739 23S ribosomal RNA
[09:49:56] 6 NZ_CP054390.1 3064736 16S ribosomal RNA
[09:49:56] 7 NZ_CP054390.1 3515677 16S ribosomal RNA
[09:49:56] 8 NZ_CP054390.1 3518356 23S ribosomal RNA
[09:49:56] 9 NZ_CP054390.1 3521384 5S ribosomal RNA
[09:49:56] Found 9 rRNAs
[09:49:56] Skipping ncRNA search, enable with --rfam if desired.
[09:49:56] Total of 71 tRNA + rRNA features
[09:49:56] Searching for CRISPR repeats
[09:49:57] Found 0 CRISPRs
[09:49:57] Predicting coding sequences
[09:49:57] Contigs total 6751834 bp, so using single mode
[09:49:57] Running: prodigal -i \/Users\/cychang\/Desktop\/lab\/ncbi\-ensifer\/data\/prokka\/WSM1022\/annotated\.fna -c -m -g 11 -p single -f sco -q
[09:50:05] Excluding CDS which overlaps existing RNA (tRNA) at NZ_CP054390.1:140753..141619 on + strand
[09:50:05] Excluding CDS which overlaps existing RNA (tRNA) at NZ_CP054390.1:295566..296489 on + strand
[09:50:05] Excluding CDS which overlaps existing RNA (tRNA) at NZ_CP054390.1:312761..313564 on + strand
[09:50:05] Excluding CDS which overlaps existing RNA (tRNA) at NZ_CP054390.1:1019639..1021426 on + strand
[09:50:06] Excluding CDS which overlaps existing RNA (tRNA) at NZ_CP054390.1:1519535..1520284 on - strand
[09:50:06] Excluding CDS which overlaps existing RNA (tRNA) at NZ_CP054390.1:1529677..1530744 on - strand
[09:50:06] Excluding CDS which overlaps existing RNA (tRNA) at NZ_CP054390.1:2634775..2635452 on - strand
[09:50:07] Excluding CDS which overlaps existing RNA (tRNA) at NZ_CP054390.1:3059934..3060713 on - strand
[09:50:07] Excluding CDS which overlaps existing RNA (tRNA) at NZ_CP054390.1:3209018..3209650 on + strand
[09:50:07] Excluding CDS which overlaps existing RNA (tRNA) at NZ_CP054390.1:3521181..3521828 on + strand
[09:50:07] Excluding CDS which overlaps existing RNA (tRNA) at NZ_CP054392.1:511091..512050 on - strand
[09:50:07] Found 6311 CDS
[09:50:07] Connecting features back to sequences
[09:50:07] Not using genus-specific database. Try --usegenus to enable it.
[09:50:07] Annotating CDS, please be patient.
[09:50:07] Will use 8 CPUs for similarity searching.
[09:50:08] There are still 6311 unannotated CDS left (started with 6311)
[09:50:08] Will use blast to search against /Users/cychang/miniconda3/envs/intel_env/envs/prokka/db/kingdom/Bacteria/IS with 8 CPUs
[09:50:08] Running: cat \/Users\/cychang\/Desktop\/lab\/ncbi\-ensifer\/data\/prokka\/WSM1022\/annotated\.IS\.tmp\.69676\.faa | parallel --gnu --plain -j 8 --block 123345 --recstart '>' --pipe blastp -query - -db /Users/cychang/miniconda3/envs/intel_env/envs/prokka/db/kingdom/Bacteria/IS -evalue 1e-30 -qcov_hsp_perc 90 -num_threads 1 -num_descriptions 1 -num_alignments 1 -seg no > \/Users\/cychang\/Desktop\/lab\/ncbi\-ensifer\/data\/prokka\/WSM1022\/annotated\.IS\.tmp\.69676\.blast 2> /dev/null
[09:50:31] Deleting unwanted file: /Users/cychang/Desktop/lab/ncbi-ensifer/data/prokka/WSM1022/annotated.IS.tmp.69676.faa
[09:50:31] Deleting unwanted file: /Users/cychang/Desktop/lab/ncbi-ensifer/data/prokka/WSM1022/annotated.IS.tmp.69676.blast
[09:50:32] There are still 6239 unannotated CDS left (started with 6311)
[09:50:32] Will use blast to search against /Users/cychang/miniconda3/envs/intel_env/envs/prokka/db/kingdom/Bacteria/AMR with 8 CPUs
[09:50:32] Running: cat \/Users\/cychang\/Desktop\/lab\/ncbi\-ensifer\/data\/prokka\/WSM1022\/annotated\.AMR\.tmp\.69676\.faa | parallel --gnu --plain -j 8 --block 121888 --recstart '>' --pipe blastp -query - -db /Users/cychang/miniconda3/envs/intel_env/envs/prokka/db/kingdom/Bacteria/AMR -evalue 9.99999999999999e-301 -qcov_hsp_perc 90 -num_threads 1 -num_descriptions 1 -num_alignments 1 -seg no > \/Users\/cychang\/Desktop\/lab\/ncbi\-ensifer\/data\/prokka\/WSM1022\/annotated\.AMR\.tmp\.69676\.blast 2> /dev/null
[09:50:46] Deleting unwanted file: /Users/cychang/Desktop/lab/ncbi-ensifer/data/prokka/WSM1022/annotated.AMR.tmp.69676.faa
[09:50:46] Deleting unwanted file: /Users/cychang/Desktop/lab/ncbi-ensifer/data/prokka/WSM1022/annotated.AMR.tmp.69676.blast
[09:50:47] There are still 6237 unannotated CDS left (started with 6311)
[09:50:47] Will use blast to search against /Users/cychang/miniconda3/envs/intel_env/envs/prokka/db/kingdom/Bacteria/sprot with 8 CPUs
[09:50:47] Running: cat \/Users\/cychang\/Desktop\/lab\/ncbi\-ensifer\/data\/prokka\/WSM1022\/annotated\.sprot\.tmp\.69676\.faa | parallel --gnu --plain -j 8 --block 121754 --recstart '>' --pipe blastp -query - -db /Users/cychang/miniconda3/envs/intel_env/envs/prokka/db/kingdom/Bacteria/sprot -evalue 1e-09 -qcov_hsp_perc 80 -num_threads 1 -num_descriptions 1 -num_alignments 1 -seg no > \/Users\/cychang\/Desktop\/lab\/ncbi\-ensifer\/data\/prokka\/WSM1022\/annotated\.sprot\.tmp\.69676\.blast 2> /dev/null
[09:52:12] Modify product: Zinc-type alcohol dehydrogenase-like protein SA1988 => Zinc-type alcohol dehydrogenase-like protein
[09:52:12] Modify product: UPF0060 membrane protein YnfA => hypothetical protein
[09:52:12] Modify product: Uncharacterized protein YedJ => putative protein YedJ
[09:52:12] Modify product: Uncharacterized protein YcbX => putative protein YcbX
[09:52:12] Modify product: Probable nicotinate-nucleotide pyrophosphorylase [carboxylating] => putative nicotinate-nucleotide pyrophosphorylase [carboxylating]
[09:52:12] Modify product: Uncharacterized oxidoreductase YciK => putative oxidoreductase YciK
[09:52:12] Modify product: Uncharacterized cysteine-rich protein YhjQ => putative cysteine-rich protein YhjQ
[09:52:12] Modify product: UPF0701 protein HI_0467 => hypothetical protein
[09:52:12] Modify product: Uncharacterized ABC transporter ATP-binding protein YheS => putative ABC transporter ATP-binding protein YheS
[09:52:12] Modify product: Uncharacterized GST-like protein YibF => putative GST-like protein YibF
[09:52:12] Modify product: Putative transport protein Rv0205 => Putative transport protein
[09:52:12] Modify product: Uncharacterized MFS-type transporter YcaD => putative MFS-type transporter YcaD
[09:52:12] Modify product: Probable enoyl-CoA hydratase echA8 => putative enoyl-CoA hydratase echA8
[09:52:12] Modify product: Uncharacterized protein YccU => putative protein YccU
[09:52:12] Modify product: UPF0173 metal-dependent hydrolase SA1529 => hypothetical protein
[09:52:12] Modify product: UPF0178 protein YaiI => hypothetical protein
[09:52:12] Modify product: Stress response UPF0229 protein YhbH => hypothetical protein
[09:52:12] Modify product: Uncharacterized NTE family protein Rv1063c => putative NTE family protein
[09:52:12] Modify product: Bifunctional protein FolD => Bifunctional protein FolD protein
[09:52:12] Modify product: Uncharacterized protein HI_0933 => putative protein
[09:52:12] Modify product: Probable transport protein HsrA => putative transport protein HsrA
[09:52:12] Modify product: Uncharacterized FAD-linked oxidoreductase Rv2280 => putative FAD-linked oxidoreductase
[09:52:12] Modify product: Uncharacterized FAD-linked oxidoreductase Rv2280 => putative FAD-linked oxidoreductase
[09:52:12] Modify product: Probable allantoin permease => putative allantoin permease
[09:52:12] Modify product: Uncharacterized signaling protein CC_0091 => putative signaling protein
[09:52:12] Modify product: Probable 2-dehydro-3-deoxygalactonokinase DgoK1 => putative 2-dehydro-3-deoxygalactonokinase DgoK1
[09:52:12] Modify product: Uncharacterized FAD-linked oxidoreductase Rv2280 => putative FAD-linked oxidoreductase
[09:52:12] Modify product: Probable acetyl-CoA acyltransferase => putative acetyl-CoA acyltransferase
[09:52:12] Modify product: UPF0301 protein AlgH => hypothetical protein
[09:52:12] Modify product: Uncharacterized zinc protease Rv2782c => putative zinc protease
[09:52:12] Modify product: Leu/Ile/Val-binding protein homolog 3 => Leu/Ile/Val-binding protein 
[09:52:12] Modify product: UPF0073 inner membrane protein YqfA => hypothetical protein
[09:52:12] Modify product: UPF0126 inner membrane protein YadS => hypothetical protein
[09:52:12] Modify product: Uncharacterized MFS-type transporter YcaD => putative MFS-type transporter YcaD
[09:52:12] Modify product: Probable lipoprotein YiaD => putative lipoprotein YiaD
[09:52:12] Modify product: Stringent starvation protein A homolog => Stringent starvation protein A 
[09:52:12] Modify product: UPF0102 protein RPA0323 => hypothetical protein
[09:52:12] Modify product: Probable protein kinase UbiB => putative protein kinase UbiB
[09:52:12] Modify product: Probable enoyl-CoA hydratase echA8 => putative enoyl-CoA hydratase echA8
[09:52:12] Modify product: Probable lipid II flippase MurJ => putative lipid II flippase MurJ
[09:52:12] Modify product: Uncharacterized protein Rv1998c => putative protein
[09:52:12] Modify product: Probable GTP-binding protein EngB => putative GTP-binding protein EngB
[09:52:12] Modify product: Phosphate-specific transport system accessory protein PhoU homolog => Phosphate-specific transport system accessory protein PhoU 
[09:52:12] Modify product: Uncharacterized HTH-type transcriptional regulator Rv3095 => putative HTH-type transcriptional regulator
[09:52:12] Modify product: Putative acyltransferase Rv0859 => Putative acyltransferase
[09:52:12] Modify product: Probable 2-ketoarginine decarboxylase AruI => putative 2-ketoarginine decarboxylase AruI
[09:52:12] Modify product: Putative HTH-type transcriptional regulator Rv1287 => Putative HTH-type transcriptional regulator
[09:52:12] Modify product: Chemotaxis protein CheY homolog => Chemotaxis protein CheY 
[09:52:12] Modify product: Chemotaxis protein CheY homolog => Chemotaxis protein CheY 
[09:52:12] Modify product: Acetyltransferase PA3944 => Acetyltransferase
[09:52:12] Modify product: Uncharacterized FAD-linked oxidoreductase Rv2280 => putative FAD-linked oxidoreductase
[09:52:12] Modify product: Putative phosphoribosyl transferase Rv0571c => Putative phosphoribosyl transferase
[09:52:13] Modify product: Probable peptidoglycan glycosyltransferase FtsW => putative peptidoglycan glycosyltransferase FtsW
[09:52:13] Modify product: Probable peptidoglycan D,D-transpeptidase FtsI => putative peptidoglycan D,D-transpeptidase FtsI
[09:52:13] Modify product: Probable cystine transporter YijE => putative cystine transporter YijE
[09:52:13] Modify product: Uncharacterized protein HI_0131 => putative protein
[09:52:13] Modify product: Probable D,D-dipeptide transport system permease protein DdpC => putative D,D-dipeptide transport system permease protein DdpC
[09:52:13] Modify product: Uncharacterized protein YbaA => putative protein YbaA
[09:52:13] Modify product: Uncharacterized protein YqeY => putative protein YqeY
[09:52:13] Modify product: Probable chaperone CsaA => putative chaperone CsaA
[09:52:13] Modify product: Uncharacterized protein Rv1998c => putative protein
[09:52:13] Modify product: Uncharacterized protein HI_1162 => putative protein
[09:52:13] Modify product: Probable D,D-dipeptide transport system permease protein DdpC => putative D,D-dipeptide transport system permease protein DdpC
[09:52:13] Modify product: Probable D,D-dipeptide-binding periplasmic protein DdpA => putative D,D-dipeptide-binding periplasmic protein DdpA
[09:52:13] Modify product: Peroxiredoxin sll1621 => Peroxiredoxin
[09:52:13] Modify product: Leu/Ile/Val-binding protein homolog 3 => Leu/Ile/Val-binding protein 
[09:52:13] Modify product: NAD(P)H-dependent FMN reductase PA1204 => NAD(P)H-dependent FMN reductase
[09:52:13] Modify product: Cytochrome b561 homolog 2 => Cytochrome b561 
[09:52:13] Modify product: UPF0056 inner membrane protein YhgN => hypothetical protein
[09:52:13] Modify product: Uncharacterized MFS-type transporter YcaD => putative MFS-type transporter YcaD
[09:52:13] Modify product: UPF0053 inner membrane protein YtfL => hypothetical protein
[09:52:13] Modify product: Purine-binding protein BAB2_0673 => Purine-binding protein
[09:52:13] Modify product: Probable riboflavin import permease protein RfuD => putative riboflavin import permease protein RfuD
[09:52:13] Modify product: Solute-binding protein Veis_3954 => Solute-binding protein
[09:52:13] Modify product: UPF0758 protein => hypothetical protein
[09:52:13] Modify product: Probable soluble pyridine nucleotide transhydrogenase => putative soluble pyridine nucleotide transhydrogenase
[09:52:13] Modify product: Probable cysteine desulfurase => putative cysteine desulfurase
[09:52:13] Modify product: Probable ATP-dependent transporter SufC => putative ATP-dependent transporter SufC
[09:52:13] Modify product: Leu/Ile/Val-binding protein homolog 3 => Leu/Ile/Val-binding protein 
[09:52:13] Modify product: Uncharacterized aminopeptidase Rv1333 => putative aminopeptidase
[09:52:13] Modify product: Uncharacterized protein RP812 => putative protein RP812
[09:52:13] Modify product: Uncharacterized protein YcjX => putative protein YcjX
[09:52:13] Modify product: UPF0283 membrane protein YcjF => hypothetical protein
[09:52:13] Modify product: Probable 3-phenylpropionic acid transporter => putative 3-phenylpropionic acid transporter
[09:52:13] Modify product: Uncharacterized protein Atu1656 => putative protein
[09:52:13] Modify product: Uncharacterized ABC transporter ATP-binding protein YadG => putative ABC transporter ATP-binding protein YadG
[09:52:13] Modify product: Methyl-accepting chemotaxis protein Amb2333 => Methyl-accepting chemotaxis protein
[09:52:13] Modify product: Uncharacterized acyl-CoA thioester hydrolase HI_0827 => putative acyl-CoA thioester hydrolase
[09:52:13] Modify product: Uncharacterized protein YcgM => putative protein YcgM
[09:52:13] Modify product: Probable sugar-binding periplasmic protein => putative sugar-binding periplasmic protein
[09:52:13] Modify product: Probable membrane transporter protein YfcA => putative membrane transporter protein YfcA
[09:52:13] Modify product: Putative O-phosphotransferase Rv2636 => Putative O-phosphotransferase
[09:52:13] Modify product: HTH-type transcriptional regulator Rv2034 => HTH-type transcriptional regulator
[09:52:13] Modify product: Uncharacterized protein YyaP => putative protein YyaP
[09:52:13] Modify product: UPF0053 inner membrane protein YoaE => hypothetical protein
[09:52:13] Modify product: Probable RNA polymerase sigma factor FecI => putative RNA polymerase sigma factor FecI
[09:52:13] Modify product: Uncharacterized protein HI_1410 => putative protein
[09:52:13] Modify product: Monocarboxylate 2-oxoacid-binding periplasmic protein all3028 => Monocarboxylate 2-oxoacid-binding periplasmic protein
[09:52:13] Modify product: Uncharacterized protein HI_0131 => putative protein
[09:52:13] Modify product: Stringent starvation protein A homolog => Stringent starvation protein A 
[09:52:13] Modify product: Uncharacterized oxidoreductase MSMEG_2408/MSMEI_2347 => putative oxidoreductase/MSMEI_2347
[09:52:13] Modify product: UPF0053 inner membrane protein YoaE => hypothetical protein
[09:52:13] Modify product: Putative formate dehydrogenase SA2102 => Putative formate dehydrogenase
[09:52:13] Modify product: Uncharacterized inner membrane transporter YedA => putative inner membrane transporter YedA
[09:52:13] Modify product: Uncharacterized periplasmic iron-binding protein HI_0362 => putative periplasmic iron-binding protein
[09:52:13] Modify product: Uncharacterized oxidoreductase YgfF => putative oxidoreductase YgfF
[09:52:13] Modify product: Probable CtpA-like serine protease => putative CtpA-like serine protease
[09:52:13] Modify product: Uncharacterized protein Rv1276c => putative protein
[09:52:13] Modify product: Uncharacterized ABC transporter ATP-binding protein Rv0986 => putative ABC transporter ATP-binding protein
[09:52:13] Modify product: Probable membrane transporter protein YfcA => putative membrane transporter protein YfcA
[09:52:13] Modify product: Probable amino-acid permease protein YxeN => putative amino-acid permease protein YxeN
[09:52:13] Modify product: Probable amino-acid ABC transporter-binding protein HI_1080 => putative amino-acid ABC transporter-binding protein
[09:52:13] Modify product: Zinc-type alcohol dehydrogenase-like protein SA1988 => Zinc-type alcohol dehydrogenase-like protein
[09:52:13] Modify product: Uncharacterized oxidoreductase YjmC => putative oxidoreductase YjmC
[09:52:13] Modify product: Probable transport protein HsrA => putative transport protein HsrA
[09:52:13] Modify product: Probable D,D-dipeptide transport ATP-binding protein DdpF => putative D,D-dipeptide transport ATP-binding protein DdpF
[09:52:13] Modify product: Uncharacterized protein YyaP => putative protein YyaP
[09:52:13] Modify product: Probable bifunctional transcriptional activator/DNA repair enzyme AlkA => putative bifunctional transcriptional activator/DNA repair enzyme AlkA
[09:52:13] Modify product: Probable 3-hydroxybutyryl-CoA dehydrogenase => putative 3-hydroxybutyryl-CoA dehydrogenase
[09:52:13] Modify product: UPF0053 inner membrane protein YfjD => hypothetical protein
[09:52:13] Modify product: Probable transcriptional regulatory protein aq_1575 => putative transcriptional regulatory protein
[09:52:13] Modify product: Uncharacterized MFS-type transporter YcaD => putative MFS-type transporter YcaD
[09:52:13] Modify product: HTH-type transcriptional regulator Rv2034 => HTH-type transcriptional regulator
[09:52:13] Modify product: UPF0335 protein CCNA_03428 => hypothetical protein
[09:52:13] Modify product: Probable D,D-dipeptide-binding periplasmic protein DdpA => putative D,D-dipeptide-binding periplasmic protein DdpA
[09:52:13] Modify product: Uncharacterized protein Rv2567 => putative protein
[09:52:13] Modify product: Uncharacterized protein Rv2569c => putative protein
[09:52:13] Modify product: Probable enoyl-CoA hydratase 1 => putative enoyl-CoA hydratase 1
[09:52:13] Modify product: Uncharacterized protein Rv3292 => putative protein
[09:52:13] Modify product: Probable sugar-binding periplasmic protein => putative sugar-binding periplasmic protein
[09:52:13] Modify product: Protease HtpX homolog => Protease HtpX 
[09:52:13] Modify product: Probable HTH-type transcriptional regulator LgoR => putative HTH-type transcriptional regulator LgoR
[09:52:13] Modify product: Bifunctional protein FolD => Bifunctional protein FolD protein
[09:52:13] Modify product: Uncharacterized amino acid permease YhdG => putative amino acid permease YhdG
[09:52:13] Modify product: Probable riboflavin import permease protein RfuC => putative riboflavin import permease protein RfuC
[09:52:13] Modify product: Probable riboflavin import permease protein RfuD => putative riboflavin import permease protein RfuD
[09:52:13] Modify product: Uncharacterized ABC transporter ATP-binding protein YejF => putative ABC transporter ATP-binding protein YejF
[09:52:13] Modify product: Uncharacterized sugar kinase YdjH => putative sugar kinase YdjH
[09:52:13] Modify product: Probable adenylyltransferase/sulfurtransferase MoeZ => putative adenylyltransferase/sulfurtransferase MoeZ
[09:52:14] Modify product: Uncharacterized protein Rv1260 => putative protein
[09:52:14] Modify product: Nucleoid-associated protein HI_0442 => Nucleoid-associated protein
[09:52:14] Modify product: Uncharacterized oxidoreductase SA2266 => putative oxidoreductase
[09:52:14] Modify product: Purine-binding protein BAB2_0673 => Purine-binding protein
[09:52:14] Modify product: Probable siderophore transport system permease protein YfhA => putative siderophore transport system permease protein YfhA
[09:52:14] Modify product: Probable tartrate dehydrogenase/decarboxylase TtuC => putative tartrate dehydrogenase/decarboxylase TtuC
[09:52:14] Modify product: Probable hydrolase YcaC => putative hydrolase YcaC
[09:52:14] Modify product: Probable siderophore transport system permease protein YfiZ => putative siderophore transport system permease protein YfiZ
[09:52:14] Modify product: Probable siderophore transport system permease protein YfhA => putative siderophore transport system permease protein YfhA
[09:52:14] Modify product: Probable siderophore transport system ATP-binding protein YusV => putative siderophore transport system ATP-binding protein YusV
[09:52:14] Modify product: UPF0324 inner membrane protein YeiH => hypothetical protein
[09:52:14] Modify product: Purine-binding protein BAB2_0673 => Purine-binding protein
[09:52:14] Modify product: Probable methylxanthine N7-demethylase NdmC => putative methylxanthine N7-demethylase NdmC
[09:52:14] Modify product: Probable methylxanthine N7-demethylase NdmC => putative methylxanthine N7-demethylase NdmC
[09:52:14] Modify product: Uncharacterized oxidoreductase Rv1144 => putative oxidoreductase
[09:52:14] Modify product: Probable 5-dehydro-4-deoxyglucarate dehydratase => putative 5-dehydro-4-deoxyglucarate dehydratase
[09:52:14] Modify product: Uncharacterized peptidase SA1530 => putative peptidase
[09:52:14] Modify product: Uncharacterized protease YhbU => putative protease YhbU
[09:52:14] Modify product: Probable UbiX-like flavin prenyltransferase => putative UbiX-like flavin prenyltransferase
[09:52:14] Modify product: Probable cytochrome c oxidase subunit 3 => putative cytochrome c oxidase subunit 3
[09:52:14] Modify product: Cytochrome c oxidase subunit 1 homolog, bacteroid => Cytochrome c oxidase subunit 1 , bacteroid
[09:52:14] Modify product: Probable ABC transporter permease protein NosY => putative ABC transporter permease protein NosY
[09:52:14] Modify product: Probable ABC transporter ATP-binding protein NosF => putative ABC transporter ATP-binding protein NosF
[09:52:14] Modify product: Probable ABC transporter binding protein NosD => putative ABC transporter binding protein NosD
[09:52:14] Modify product: Uncharacterized ABC transporter ATP-binding protein YheS => putative ABC transporter ATP-binding protein YheS
[09:52:14] Modify product: Uncharacterized protein HI_1048 => putative protein
[09:52:14] Modify product: Uncharacterized ABC transporter ATP-binding protein YheS => putative ABC transporter ATP-binding protein YheS
[09:52:14] Modify product: Uncharacterized protein YphB => putative protein YphB
[09:52:14] Modify product: Solute-binding protein Rfer_1840 => Solute-binding protein
[09:52:14] Modify product: Uncharacterized protein Rv2307c => putative protein
[09:52:14] Modify product: Uncharacterized FAD-linked oxidoreductase Rv2280 => putative FAD-linked oxidoreductase
[09:52:14] Modify product: Uncharacterized oxidoreductase YjmC => putative oxidoreductase YjmC
[09:52:14] Modify product: Probable ATP synthase YscN => putative ATP synthase YscN
[09:52:14] Modify product: Probable flavin reductase => putative flavin reductase
[09:52:14] Modify product: Uncharacterized FAD-linked oxidoreductase Rv2280 => putative FAD-linked oxidoreductase
[09:52:14] Modify product: Uncharacterized protein NMB0459 => putative protein
[09:52:14] Modify product: Probable transporter SCO4007 => putative transporter
[09:52:14] Modify product: Probable amino-acid metabolite efflux pump => putative amino-acid metabolite efflux pump
[09:52:14] Modify product: Probable enoyl-CoA hydratase 1 => putative enoyl-CoA hydratase 1
[09:52:14] Modify product: Peptidoglycan-N-acetylglucosamine deacetylase BC_3618 => Peptidoglycan-N-acetylglucosamine deacetylase
[09:52:14] Modify product: Probable flavin reductase => putative flavin reductase
[09:52:14] Modify product: Cytochrome c oxidase subunit 1 homolog, bacteroid => Cytochrome c oxidase subunit 1 , bacteroid
[09:52:14] Modify product: Probable flavin reductase => putative flavin reductase
[09:52:14] Modify product: Probable D,D-dipeptide transport system permease protein DdpC => putative D,D-dipeptide transport system permease protein DdpC
[09:52:14] Modify product: Probable 2-dehydro-3-deoxygalactonokinase DgoK1 => putative 2-dehydro-3-deoxygalactonokinase DgoK1
[09:52:14] Modify product: Probable copper-transporting ATPase PacS => putative copper-transporting ATPase PacS
[09:52:14] Modify product: Cytochrome c oxidase subunit 1 homolog, bacteroid => Cytochrome c oxidase subunit 1 , bacteroid
[09:52:14] Modify product: Leu/Ile/Val-binding protein homolog 3 => Leu/Ile/Val-binding protein 
[09:52:14] Modify product: Probable FMNH2-dependent monooxygenase SfnC => putative FMNH2-dependent monooxygenase SfnC
[09:52:14] Modify product: Probable D,D-dipeptide transport system permease protein DdpC => putative D,D-dipeptide transport system permease protein DdpC
[09:52:14] Modify product: Probable N-methylproline demethylase => putative N-methylproline demethylase
[09:52:14] Modify product: Uncharacterized HTH-type transcriptional regulator YurK => putative HTH-type transcriptional regulator YurK
[09:52:14] Modify product: UPF0065 protein in clcB-clcD intergenic region => hypothetical protein
[09:52:14] Modify product: Probable peptidoglycan D,D-transpeptidase FtsI => putative peptidoglycan D,D-transpeptidase FtsI
[09:52:14] Modify product: Probable nitrate transporter NarT => putative nitrate transporter NarT
[09:52:14] Modify product: Uncharacterized protein HI_0131 => putative protein
[09:52:14] Modify product: Probable efflux pump membrane transporter TtgB => putative efflux pump membrane transporter TtgB
[09:52:14] Modify product: Probable ABC transporter-binding protein DR_1438 => putative ABC transporter-binding protein
[09:52:14] Modify product: Solute-binding protein SPO1773 => Solute-binding protein
[09:52:14] Modify product: Probable aminotransferase Rv3329 => putative aminotransferase
[09:52:14] Modify product: Probable 4-hydroxyproline 2-epimerase => putative 4-hydroxyproline 2-epimerase
[09:52:14] Modify product: Probable tautomerase HP_0924 => putative tautomerase
[09:52:14] Modify product: Probable D,D-dipeptide transport system permease protein DdpC => putative D,D-dipeptide transport system permease protein DdpC
[09:52:14] Modify product: Purine-binding protein BAB2_0673 => Purine-binding protein
[09:52:14] Modify product: Probable riboflavin import permease protein RfuC => putative riboflavin import permease protein RfuC
[09:52:14] Modify product: Probable D,D-dipeptide transport system permease protein DdpC => putative D,D-dipeptide transport system permease protein DdpC
[09:52:14] Modify product: UPF0194 membrane protein YbhG => hypothetical protein
[09:52:14] Modify product: Probable multidrug ABC transporter ATP-binding protein YbhF => putative multidrug ABC transporter ATP-binding protein YbhF
[09:52:14] Modify product: Probable multidrug ABC transporter permease YbhS => putative multidrug ABC transporter permease YbhS
[09:52:14] Modify product: Probable multidrug ABC transporter permease YbhR => putative multidrug ABC transporter permease YbhR
[09:52:14] Modify product: Uncharacterized ABC transporter ATP-binding protein YejF => putative ABC transporter ATP-binding protein YejF
[09:52:14] Modify product: Probable ABC transporter phosphonate/phosphite binding protein PhnD2 => putative ABC transporter phosphonate/phosphite binding protein PhnD2
[09:52:14] Modify product: Uncharacterized oxidoreductase Rv1350 => putative oxidoreductase
[09:52:14] Modify product: Probable pyridine nucleotide-disulfide oxidoreductase RclA => putative pyridine nucleotide-disulfide oxidoreductase RclA
[09:52:14] Modify product: Uncharacterized sugar transferase EpsL => putative sugar transferase EpsL
[09:52:14] Modify product: Probable ABC transporter-binding protein DR_1438 => putative ABC transporter-binding protein
[09:52:14] Modify product: Uncharacterized sugar kinase YdjH => putative sugar kinase YdjH
[09:52:14] Modify product: Uncharacterized FAD-linked oxidoreductase Rv2280 => putative FAD-linked oxidoreductase
[09:52:14] Modify product: Probable enoyl-CoA hydratase => putative enoyl-CoA hydratase
[09:52:14] Modify product: Probable transcriptional regulatory protein pdtaR => putative transcriptional regulatory protein pdtaR
[09:52:14] Modify product: UPF0276 protein CCNA_03364 => hypothetical protein
[09:52:14] Modify product: Probable zinc-binding alcohol dehydrogenase Rv1895 => putative zinc-binding alcohol dehydrogenase
[09:52:14] Modify product: Probable siderophore transport system permease protein YfhA => putative siderophore transport system permease protein YfhA
[09:52:14] Modify product: Uncharacterized protein HI_1028 => putative protein
[09:52:14] Modify product: UPF0065 protein in clcB-clcD intergenic region => hypothetical protein
[09:52:14] Modify product: Uncharacterized ABC transporter ATP-binding protein YejF => putative ABC transporter ATP-binding protein YejF
[09:52:15] Modify product: Probable 3-hydroxyisobutyrate dehydrogenase => putative 3-hydroxyisobutyrate dehydrogenase
[09:52:15] Modify product: UPF0098 protein Rv2140c => hypothetical protein
[09:52:15] Modify product: Probable cyclic di-GMP phosphodiesterase PdeA => putative cyclic di-GMP phosphodiesterase PdeA
[09:52:15] Modify product: Uncharacterized HTH-type transcriptional regulator YurK => putative HTH-type transcriptional regulator YurK
[09:52:15] Modify product: Probable 6-phospho-beta-glucosidase => putative 6-phospho-beta-glucosidase
[09:52:15] Modify product: Probable ABC transporter-binding protein DR_1438 => putative ABC transporter-binding protein
[09:52:15] Modify product: Glycogen operon protein GlgX homolog => Glycogen operon protein GlgX 
[09:52:15] Modify product: Probable hydrolase YcaC => putative hydrolase YcaC
[09:52:15] Modify product: Uncharacterized signaling protein CC_0091 => putative signaling protein
[09:52:15] Modify product: Uncharacterized protein Rv2569c => putative protein
[09:52:15] Modify product: Uncharacterized protein Rv2411c => putative protein
[09:52:15] Modify product: NADH dehydrogenase-like protein MT1860 => NADH dehydrogenase-like protein
[09:52:15] Modify product: Probable FMNH2-dependent monooxygenase SfnC => putative FMNH2-dependent monooxygenase SfnC
[09:52:15] Modify product: Uncharacterized sugar transferase EpsL => putative sugar transferase EpsL
[09:52:15] Modify product: Putative multidrug export ATP-binding/permease protein SAV1866 => Putative multidrug export ATP-binding/permease protein
[09:52:15] Modify product: Probable HTH-type transcriptional repressor ExuR => putative HTH-type transcriptional repressor ExuR
[09:52:15] Modify product: Probable N-methylproline demethylase => putative N-methylproline demethylase
[09:52:15] Modify product: UPF0394 inner membrane protein YeeE => hypothetical protein
[09:52:15] Modify product: Uncharacterized protein HI_0131 => putative protein
[09:52:15] Modify product: UPF0702 transmembrane protein YetF => hypothetical protein
[09:52:15] Modify product: Probable hydrolase YcaC => putative hydrolase YcaC
[09:52:15] Modify product: Solute-binding protein Bpro_3107 => Solute-binding protein
[09:52:15] Modify product: Putative transport protein Rv1101c => Putative transport protein
[09:52:15] Modify product: UPF0337 protein YjbJ => hypothetical protein
[09:52:15] Modify product: Uncharacterized protein Rv1498c => putative protein
[09:52:15] Cleaned 250 /product names
[09:52:15] Deleting unwanted file: /Users/cychang/Desktop/lab/ncbi-ensifer/data/prokka/WSM1022/annotated.sprot.tmp.69676.faa
[09:52:15] Deleting unwanted file: /Users/cychang/Desktop/lab/ncbi-ensifer/data/prokka/WSM1022/annotated.sprot.tmp.69676.blast
[09:52:15] There are still 3180 unannotated CDS left (started with 6311)
[09:52:15] Will use hmmer3 to search against /Users/cychang/miniconda3/envs/intel_env/envs/prokka/db/hmm/HAMAP.hmm with 8 CPUs
[09:52:15] Running: cat \/Users\/cychang\/Desktop\/lab\/ncbi\-ensifer\/data\/prokka\/WSM1022\/annotated\.HAMAP\.hmm\.tmp\.69676\.faa | parallel --gnu --plain -j 8 --block 53539 --recstart '>' --pipe hmmscan --noali --notextw --acc -E 1e-09 --cpu 1 /Users/cychang/miniconda3/envs/intel_env/envs/prokka/db/hmm/HAMAP.hmm /dev/stdin > \/Users\/cychang\/Desktop\/lab\/ncbi\-ensifer\/data\/prokka\/WSM1022\/annotated\.HAMAP\.hmm\.tmp\.69676\.hmmer3 2> /dev/null
[09:52:56] Modify product: Uncharacterized Nudix hydrolase NudL => putative Nudix hydrolase NudL
[09:52:56] Modify product: Uncharacterized MFS-type transporter YcaD => putative MFS-type transporter YcaD
[09:52:56] Modify product: Uncharacterized MFS-type transporter YcaD => putative MFS-type transporter YcaD
[09:52:56] Cleaned 3 /product names
[09:52:56] Deleting unwanted file: /Users/cychang/Desktop/lab/ncbi-ensifer/data/prokka/WSM1022/annotated.HAMAP.hmm.tmp.69676.faa
[09:52:56] Deleting unwanted file: /Users/cychang/Desktop/lab/ncbi-ensifer/data/prokka/WSM1022/annotated.HAMAP.hmm.tmp.69676.hmmer3
[09:52:56] Labelling remaining 2760 proteins as 'hypothetical protein'
[09:52:56] Possible /pseudo 'Homoserine/homoserine lactone efflux protein' at NZ_CP054390.1 position 108065
[09:52:56] Possible /pseudo 'putative FAD-linked oxidoreductase' at NZ_CP054390.1 position 553691
[09:52:56] Possible /pseudo 'ATP synthase subunit b' at NZ_CP054390.1 position 616277
[09:52:56] Possible /pseudo 'D-inositol-3-phosphate glycosyltransferase' at NZ_CP054390.1 position 1419587
[09:52:56] Possible /pseudo 'D-inositol-3-phosphate glycosyltransferase' at NZ_CP054390.1 position 1420616
[09:52:56] Possible /pseudo 'IS630 family transposase ISBj5' at NZ_CP054390.1 position 1567193
[09:52:56] Possible /pseudo 'Bicyclomycin resistance protein' at NZ_CP054390.1 position 1691890
[09:52:56] Possible /pseudo 'Cytochrome b/c1' at NZ_CP054390.1 position 1734901
[09:52:56] Possible /pseudo 'Vitamin B12 import ATP-binding protein BtuD' at NZ_CP054390.1 position 1739071
[09:52:56] Possible /pseudo '4-methylaminobutanoate oxidase (formaldehyde-forming)' at NZ_CP054390.1 position 2293441
[09:52:56] Possible /pseudo 'Xylulose kinase' at NZ_CP054390.1 position 2588821
[09:52:56] Possible /pseudo 'putative protein' at NZ_CP054390.1 position 2914621
[09:52:56] Possible /pseudo 'Uric acid transporter UacT' at NZ_CP054390.1 position 3128274
[09:52:56] Possible /pseudo 'Manganese transport system membrane protein MntB' at NZ_CP054390.1 position 3134034
[09:52:56] Possible /pseudo 'Formate dehydrogenase-O major subunit' at NZ_CP054392.1 position 73539
[09:52:56] Possible /pseudo 'Beta-lactamase' at NZ_CP054392.1 position 461079
[09:52:56] Possible /pseudo 'IS3 family transposase ISAtu5' at NZ_CP054392.1 position 488478
[09:52:56] Possible /pseudo 'Na(+)/H(+) antiporter NhaA' at NZ_CP054392.1 position 493722
[09:52:56] Possible /pseudo 'HTH-type transcriptional activator RhaR' at NZ_CP054392.1 position 552256
[09:52:56] Possible /pseudo 'HTH-type transcriptional activator RhaR' at NZ_CP054392.1 position 553379
[09:52:56] Possible /pseudo 'putative methylxanthine N7-demethylase NdmC' at NZ_CP054392.1 position 735641
[09:52:56] Possible /pseudo 'DNA polymerase IV' at NZ_CP054392.1 position 969111
[09:52:56] Possible /pseudo 'IS256 family transposase ISRm5' at NZ_CP054392.1 position 1072988
[09:52:56] Possible /pseudo 'Glutathione transport system permease protein GsiC' at NZ_CP054392.1 position 1243930
[09:52:56] Possible /pseudo 'UDP-glucose 4-epimerase' at NZ_CP054391.1 position 55850
[09:52:56] Possible /pseudo 'L-cystine transport system permease protein YecS' at NZ_CP054391.1 position 246849
[09:52:56] Possible /pseudo 'Ribose import permease protein RbsC' at NZ_CP054391.1 position 498758
[09:52:56] Possible /pseudo 'Sensor histidine kinase RcsC' at NZ_CP054391.1 position 570501
[09:52:56] Possible /pseudo 'Non-homologous end joining protein Ku' at NZ_CP054391.1 position 856273
[09:52:56] Possible /pseudo 'tRNA 5-methylaminomethyl-2-thiouridine biosynthesis bifunctional protein MnmC' at NZ_CP054391.1 position 901323
[09:52:56] Possible /pseudo 'Ribose import permease protein RbsC' at NZ_CP054391.1 position 1175876
[09:52:56] Possible /pseudo 'D-inositol-3-phosphate glycosyltransferase' at NZ_CP054391.1 position 1467611
[09:52:56] Possible /pseudo 'Dipeptide transport system permease protein DppB' at NZ_CP054391.1 position 1541453
[09:52:56] Possible /pseudo 'Protein-glutamate methylesterase/protein-glutamine glutaminase' at NZ_CP054391.1 position 1646953
[09:52:56] Found 2051 unique /gene codes.
[09:52:56] Fixed 2 duplicate /gene - cysW_1 cysW_2
[09:52:56] Fixed 8 duplicate /gene - potA_1 potA_2 potA_3 potA_4 potA_5 potA_6 potA_7 potA_8
[09:52:56] Fixed 2 duplicate /gene - cysG_1 cysG_2
[09:52:56] Fixed 2 duplicate /gene - yurK_1 yurK_2
[09:52:56] Fixed 2 duplicate /gene - ltnD_1 ltnD_2
[09:52:56] Fixed 2 duplicate /gene - rsmB_1 rsmB_2
[09:52:56] Fixed 2 duplicate /gene - atpF_1 atpF_2
[09:52:56] Fixed 3 duplicate /gene - xylH_1 xylH_2 xylH_3
[09:52:56] Fixed 2 duplicate /gene - radA_1 radA_2
[09:52:56] Fixed 2 duplicate /gene - stcD_1 stcD_2
[09:52:56] Fixed 3 duplicate /gene - crt_1 crt_2 crt_3
[09:52:56] Fixed 2 duplicate /gene - arcA_1 arcA_2
[09:52:56] Fixed 5 duplicate /gene - glpR_1 glpR_2 glpR_3 glpR_4 glpR_5
[09:52:56] Fixed 2 duplicate /gene - kefC_1 kefC_2
[09:52:56] Fixed 5 duplicate /gene - paoA_1 paoA_2 paoA_3 paoA_4 paoA_5
[09:52:56] Fixed 2 duplicate /gene - araA_1 araA_2
[09:52:56] Fixed 3 duplicate /gene - fliY_1 fliY_2 fliY_3
[09:52:56] Fixed 3 duplicate /gene - msrB_1 msrB_2 msrB_3
[09:52:56] Fixed 6 duplicate /gene - gdh_1 gdh_2 gdh_3 gdh_4 gdh_5 gdh_6
[09:52:56] Fixed 2 duplicate /gene - gamR_1 gamR_2
[09:52:56] Fixed 2 duplicate /gene - parE1_1 parE1_2
[09:52:56] Fixed 2 duplicate /gene - cpoB_1 cpoB_2
[09:52:56] Fixed 2 duplicate /gene - fghA_1 fghA_2
[09:52:56] Fixed 3 duplicate /gene - phzF_1 phzF_2 phzF_3
[09:52:56] Fixed 3 duplicate /gene - msrP_1 msrP_2 msrP_3
[09:52:56] Fixed 6 duplicate /gene - dapA_1 dapA_2 dapA_3 dapA_4 dapA_5 dapA_6
[09:52:56] Fixed 2 duplicate /gene - lsrR_1 lsrR_2
[09:52:56] Fixed 3 duplicate /gene - gcvT_1 gcvT_2 gcvT_3
[09:52:56] Fixed 2 duplicate /gene - malL_1 malL_2
[09:52:56] Fixed 2 duplicate /gene - thiQ_1 thiQ_2
[09:52:56] Fixed 2 duplicate /gene - pgiA_1 pgiA_2
[09:52:56] Fixed 8 duplicate /gene - mglA_1 mglA_2 mglA_3 mglA_4 mglA_5 mglA_6 mglA_7 mglA_8
[09:52:56] Fixed 2 duplicate /gene - nuoJ_1 nuoJ_2
[09:52:56] Fixed 2 duplicate /gene - coaA_1 coaA_2
[09:52:56] Fixed 3 duplicate /gene - araB_1 araB_2 araB_3
[09:52:56] Fixed 3 duplicate /gene - fitB_1 fitB_2 fitB_3
[09:52:56] Fixed 3 duplicate /gene - yhdN_1 yhdN_2 yhdN_3
[09:52:56] Fixed 4 duplicate /gene - betI_1 betI_2 betI_3 betI_4
[09:52:56] Fixed 4 duplicate /gene - nagC_1 nagC_2 nagC_3 nagC_4
[09:52:56] Fixed 2 duplicate /gene - mrcA_1 mrcA_2
[09:52:56] Fixed 4 duplicate /gene - alkJ_1 alkJ_2 alkJ_3 alkJ_4
[09:52:56] Fixed 2 duplicate /gene - lig_1 lig_2
[09:52:56] Fixed 4 duplicate /gene - trxB_1 trxB_2 trxB_3 trxB_4
[09:52:56] Fixed 2 duplicate /gene - coxM_1 coxM_2
[09:52:56] Fixed 2 duplicate /gene - afr_1 afr_2
[09:52:56] Fixed 4 duplicate /gene - lptB_1 lptB_2 lptB_3 lptB_4
[09:52:56] Fixed 2 duplicate /gene - dnaA_1 dnaA_2
[09:52:56] Fixed 5 duplicate /gene - bepA_1 bepA_2 bepA_3 bepA_4 bepA_5
[09:52:56] Fixed 3 duplicate /gene - COQ3_1 COQ3_2 COQ3_3
[09:52:56] Fixed 3 duplicate /gene - pcpR_1 pcpR_2 pcpR_3
[09:52:56] Fixed 2 duplicate /gene - dnaE2_1 dnaE2_2
[09:52:56] Fixed 2 duplicate /gene - virB3_1 virB3_2
[09:52:56] Fixed 4 duplicate /gene - davD_1 davD_2 davD_3 davD_4
[09:52:56] Fixed 2 duplicate /gene - bauA_1 bauA_2
[09:52:56] Fixed 2 duplicate /gene - exsH_1 exsH_2
[09:52:56] Fixed 2 duplicate /gene - nrtA_1 nrtA_2
[09:52:56] Fixed 3 duplicate /gene - ycaC_1 ycaC_2 ycaC_3
[09:52:56] Fixed 2 duplicate /gene - gshB_1 gshB_2
[09:52:56] Fixed 2 duplicate /gene - alaS_1 alaS_2
[09:52:56] Fixed 8 duplicate /gene - gsiD_1 gsiD_2 gsiD_3 gsiD_4 gsiD_5 gsiD_6 gsiD_7 gsiD_8
[09:52:56] Fixed 3 duplicate /gene - flhA_1 flhA_2 flhA_3
[09:52:56] Fixed 4 duplicate /gene - sugC_1 sugC_2 sugC_3 sugC_4
[09:52:56] Fixed 2 duplicate /gene - caiD_1 caiD_2
[09:52:56] Fixed 2 duplicate /gene - hcrA_1 hcrA_2
[09:52:56] Fixed 2 duplicate /gene - petC_1 petC_2
[09:52:56] Fixed 4 duplicate /gene - acsA_1 acsA_2 acsA_3 acsA_4
[09:52:56] Fixed 10 duplicate /gene - lutR_1 lutR_2 lutR_3 lutR_4 lutR_5 lutR_6 lutR_7 lutR_8 lutR_9 lutR_10
[09:52:56] Fixed 2 duplicate /gene - wbpA_1 wbpA_2
[09:52:56] Fixed 4 duplicate /gene - sctC_1 sctC_2 sctC_3 sctC_4
[09:52:56] Fixed 3 duplicate /gene - cheW_1 cheW_2 cheW_3
[09:52:56] Fixed 3 duplicate /gene - fabF_1 fabF_2 fabF_3
[09:52:56] Fixed 2 duplicate /gene - tdiR_1 tdiR_2
[09:52:56] Fixed 2 duplicate /gene - ilvE_1 ilvE_2
[09:52:56] Fixed 2 duplicate /gene - gdx_1 gdx_2
[09:52:56] Fixed 4 duplicate /gene - araQ_1 araQ_2 araQ_3 araQ_4
[09:52:56] Fixed 2 duplicate /gene - asnB_1 asnB_2
[09:52:56] Fixed 4 duplicate /gene - xthA_1 xthA_2 xthA_3 xthA_4
[09:52:56] Fixed 2 duplicate /gene - yjmC_1 yjmC_2
[09:52:56] Fixed 3 duplicate /gene - yfhA_1 yfhA_2 yfhA_3
[09:52:56] Fixed 2 duplicate /gene - mdtC_1 mdtC_2
[09:52:56] Fixed 2 duplicate /gene - pyrE_1 pyrE_2
[09:52:56] Fixed 4 duplicate /gene - sgrR_1 sgrR_2 sgrR_3 sgrR_4
[09:52:56] Fixed 2 duplicate /gene - ohrR_1 ohrR_2
[09:52:56] Fixed 3 duplicate /gene - spuC_1 spuC_2 spuC_3
[09:52:56] Fixed 2 duplicate /gene - virB9_1 virB9_2
[09:52:56] Fixed 10 duplicate /gene - sasA_1 sasA_2 sasA_3 sasA_4 sasA_5 sasA_6 sasA_7 sasA_8 sasA_9 sasA_10
[09:52:56] Fixed 2 duplicate /gene - rhaM_1 rhaM_2
[09:52:56] Fixed 2 duplicate /gene - accA1_1 accA1_2
[09:52:56] Fixed 5 duplicate /gene - dppC_1 dppC_2 dppC_3 dppC_4 dppC_5
[09:52:56] Fixed 2 duplicate /gene - hchA_1 hchA_2
[09:52:56] Fixed 17 duplicate /gene - gsiC_1 gsiC_2 gsiC_3 gsiC_4 gsiC_5 gsiC_6 gsiC_7 gsiC_8 gsiC_9 gsiC_10 gsiC_11 gsiC_12 gsiC_13 gsiC_14 gsiC_15 gsiC_16 gsiC_17
[09:52:56] Fixed 6 duplicate /gene - puuB_1 puuB_2 puuB_3 puuB_4 puuB_5 puuB_6
[09:52:56] Fixed 3 duplicate /gene - menH_1 menH_2 menH_3
[09:52:56] Fixed 2 duplicate /gene - hyuA_1 hyuA_2
[09:52:56] Fixed 2 duplicate /gene - virB8_1 virB8_2
[09:52:56] Fixed 2 duplicate /gene - yyaP_1 yyaP_2
[09:52:56] Fixed 2 duplicate /gene - rsmA_1 rsmA_2
[09:52:56] Fixed 3 duplicate /gene - msbA_1 msbA_2 msbA_3
[09:52:56] Fixed 3 duplicate /gene - acpP_1 acpP_2 acpP_3
[09:52:56] Fixed 2 duplicate /gene - rpsU_1 rpsU_2
[09:52:56] Fixed 2 duplicate /gene - murG_1 murG_2
[09:52:56] Fixed 3 duplicate /gene - eryB_1 eryB_2 eryB_3
[09:52:56] Fixed 3 duplicate /gene - arcB_1 arcB_2 arcB_3
[09:52:56] Fixed 3 duplicate /gene - thrB_1 thrB_2 thrB_3
[09:52:56] Fixed 4 duplicate /gene - apsD_1 apsD_2 apsD_3 apsD_4
[09:52:56] Fixed 2 duplicate /gene - frlB_1 frlB_2
[09:52:56] Fixed 5 duplicate /gene - ecfG_1 ecfG_2 ecfG_3 ecfG_4 ecfG_5
[09:52:56] Fixed 2 duplicate /gene - virB2_1 virB2_2
[09:52:56] Fixed 2 duplicate /gene - cycB_1 cycB_2
[09:52:56] Fixed 4 duplicate /gene - oxyR_1 oxyR_2 oxyR_3 oxyR_4
[09:52:56] Fixed 2 duplicate /gene - ftsZ_1 ftsZ_2
[09:52:56] Fixed 2 duplicate /gene - ttuD_1 ttuD_2
[09:52:56] Fixed 4 duplicate /gene - bacC_1 bacC_2 bacC_3 bacC_4
[09:52:56] Fixed 2 duplicate /gene - gbpR_1 gbpR_2
[09:52:56] Fixed 3 duplicate /gene - dat_1 dat_2 dat_3
[09:52:56] Fixed 2 duplicate /gene - glnP_1 glnP_2
[09:52:56] Fixed 2 duplicate /gene - ggt_1 ggt_2
[09:52:56] Fixed 2 duplicate /gene - rfbC_1 rfbC_2
[09:52:56] Fixed 2 duplicate /gene - ftsI_1 ftsI_2
[09:52:56] Fixed 2 duplicate /gene - rafR_1 rafR_2
[09:52:56] Fixed 2 duplicate /gene - fusA_1 fusA_2
[09:52:56] Fixed 4 duplicate /gene - ribN_1 ribN_2 ribN_3 ribN_4
[09:52:56] Fixed 2 duplicate /gene - ydaD_1 ydaD_2
[09:52:56] Fixed 2 duplicate /gene - fucU_1 fucU_2
[09:52:56] Fixed 2 duplicate /gene - nicS_1 nicS_2
[09:52:56] Fixed 3 duplicate /gene - alsT_1 alsT_2 alsT_3
[09:52:56] Fixed 4 duplicate /gene - abo_1 abo_2 abo_3 abo_4
[09:52:56] Fixed 3 duplicate /gene - uacT_1 uacT_2 uacT_3
[09:52:56] Fixed 2 duplicate /gene - ddpA_1 ddpA_2
[09:52:56] Fixed 4 duplicate /gene - lsrB_1 lsrB_2 lsrB_3 lsrB_4
[09:52:56] Fixed 3 duplicate /gene - hbpA_1 hbpA_2 hbpA_3
[09:52:56] Fixed 3 duplicate /gene - dctD_1 dctD_2 dctD_3
[09:52:56] Fixed 2 duplicate /gene - kdgK_1 kdgK_2
[09:52:56] Fixed 2 duplicate /gene - fieF_1 fieF_2
[09:52:56] Fixed 2 duplicate /gene - yiaM_1 yiaM_2
[09:52:56] Fixed 2 duplicate /gene - ubiD_1 ubiD_2
[09:52:56] Fixed 13 duplicate /gene - dmlR_1 dmlR_2 dmlR_3 dmlR_4 dmlR_5 dmlR_6 dmlR_7 dmlR_8 dmlR_9 dmlR_10 dmlR_11 dmlR_12 dmlR_13
[09:52:56] Fixed 2 duplicate /gene - msmE_1 msmE_2
[09:52:56] Fixed 6 duplicate /gene - cspA_1 cspA_2 cspA_3 cspA_4 cspA_5 cspA_6
[09:52:56] Fixed 3 duplicate /gene - artM_1 artM_2 artM_3
[09:52:56] Fixed 2 duplicate /gene - arsC_1 arsC_2
[09:52:56] Fixed 2 duplicate /gene - patA_1 patA_2
[09:52:56] Fixed 2 duplicate /gene - andAa_1 andAa_2
[09:52:56] Fixed 13 duplicate /gene - rcsC_1 rcsC_2 rcsC_3 rcsC_4 rcsC_5 rcsC_6 rcsC_7 rcsC_8 rcsC_9 rcsC_10 rcsC_11 rcsC_12 rcsC_13
[09:52:56] Fixed 2 duplicate /gene - fucK_1 fucK_2
[09:52:56] Fixed 24 duplicate /gene - rbsC_1 rbsC_2 rbsC_3 rbsC_4 rbsC_5 rbsC_6 rbsC_7 rbsC_8 rbsC_9 rbsC_10 rbsC_11 rbsC_12 rbsC_13 rbsC_14 rbsC_15 rbsC_16 rbsC_17 rbsC_18 rbsC_19 rbsC_20 rbsC_21 rbsC_22 rbsC_23 rbsC_24
[09:52:56] Fixed 4 duplicate /gene - ku_1 ku_2 ku_3 ku_4
[09:52:56] Fixed 2 duplicate /gene - ndhC_1 ndhC_2
[09:52:56] Fixed 3 duplicate /gene - groS1_1 groS1_2 groS1_3
[09:52:56] Fixed 7 duplicate /gene - rspR_1 rspR_2 rspR_3 rspR_4 rspR_5 rspR_6 rspR_7
[09:52:56] Fixed 2 duplicate /gene - adh_1 adh_2
[09:52:56] Fixed 5 duplicate /gene - sugB_1 sugB_2 sugB_3 sugB_4 sugB_5
[09:52:56] Fixed 2 duplicate /gene - ydiK_1 ydiK_2
[09:52:56] Fixed 2 duplicate /gene - cysN_1 cysN_2
[09:52:56] Fixed 3 duplicate /gene - yheS_1 yheS_2 yheS_3
[09:52:56] Fixed 3 duplicate /gene - gabD_1 gabD_2 gabD_3
[09:52:56] Fixed 6 duplicate /gene - xylB_1 xylB_2 xylB_3 xylB_4 xylB_5 xylB_6
[09:52:56] Fixed 2 duplicate /gene - dnaK_1 dnaK_2
[09:52:56] Fixed 2 duplicate /gene - gloB_1 gloB_2
[09:52:56] Fixed 3 duplicate /gene - soxA_1 soxA_2 soxA_3
[09:52:56] Fixed 2 duplicate /gene - catD_1 catD_2
[09:52:56] Fixed 2 duplicate /gene - mdh_1 mdh_2
[09:52:56] Fixed 2 duplicate /gene - puuA_1 puuA_2
[09:52:56] Fixed 4 duplicate /gene - decR_1 decR_2 decR_3 decR_4
[09:52:56] Fixed 2 duplicate /gene - nemA_1 nemA_2
[09:52:56] Fixed 3 duplicate /gene - araC_1 araC_2 araC_3
[09:52:56] Fixed 2 duplicate /gene - esiB_1 esiB_2
[09:52:56] Fixed 3 duplicate /gene - fixN_1 fixN_2 fixN_3
[09:52:56] Fixed 2 duplicate /gene - rnk_1 rnk_2
[09:52:56] Fixed 2 duplicate /gene - iscS_1 iscS_2
[09:52:56] Fixed 2 duplicate /gene - mtlK_1 mtlK_2
[09:52:56] Fixed 4 duplicate /gene - cheB_1 cheB_2 cheB_3 cheB_4
[09:52:56] Fixed 2 duplicate /gene - gltX_1 gltX_2
[09:52:56] Fixed 2 duplicate /gene - hmuU_1 hmuU_2
[09:52:56] Fixed 2 duplicate /gene - nifK_1 nifK_2
[09:52:56] Fixed 2 duplicate /gene - glgA1_1 glgA1_2
[09:52:56] Fixed 2 duplicate /gene - nuoH_1 nuoH_2
[09:52:56] Fixed 2 duplicate /gene - nicB_1 nicB_2
[09:52:56] Fixed 4 duplicate /gene - lsrC_1 lsrC_2 lsrC_3 lsrC_4
[09:52:56] Fixed 2 duplicate /gene - nuoM_1 nuoM_2
[09:52:56] Fixed 2 duplicate /gene - glgX_1 glgX_2
[09:52:56] Fixed 5 duplicate /gene - cpo_1 cpo_2 cpo_3 cpo_4 cpo_5
[09:52:56] Fixed 3 duplicate /gene - yfcG_1 yfcG_2 yfcG_3
[09:52:56] Fixed 14 duplicate /gene - gsiA_1 gsiA_2 gsiA_3 gsiA_4 gsiA_5 gsiA_6 gsiA_7 gsiA_8 gsiA_9 gsiA_10 gsiA_11 gsiA_12 gsiA_13 gsiA_14
[09:52:56] Fixed 3 duplicate /gene - ibpA_1 ibpA_2 ibpA_3
[09:52:56] Fixed 2 duplicate /gene - yiaO_1 yiaO_2
[09:52:56] Fixed 2 duplicate /gene - cutM_1 cutM_2
[09:52:56] Fixed 2 duplicate /gene - fadA_1 fadA_2
[09:52:56] Fixed 2 duplicate /gene - echA8_1 echA8_2
[09:52:56] Fixed 2 duplicate /gene - soxD_1 soxD_2
[09:52:56] Fixed 2 duplicate /gene - nadE_1 nadE_2
[09:52:56] Fixed 3 duplicate /gene - vapC_1 vapC_2 vapC_3
[09:52:56] Fixed 5 duplicate /gene - mcbR_1 mcbR_2 mcbR_3 mcbR_4 mcbR_5
[09:52:56] Fixed 2 duplicate /gene - nepI_1 nepI_2
[09:52:56] Fixed 2 duplicate /gene - ctaE_1 ctaE_2
[09:52:56] Fixed 2 duplicate /gene - xdhA_1 xdhA_2
[09:52:56] Fixed 2 duplicate /gene - fixJ_1 fixJ_2
[09:52:56] Fixed 2 duplicate /gene - tadA_1 tadA_2
[09:52:56] Fixed 2 duplicate /gene - purU_1 purU_2
[09:52:56] Fixed 18 duplicate /gene - fabG_1 fabG_2 fabG_3 fabG_4 fabG_5 fabG_6 fabG_7 fabG_8 fabG_9 fabG_10 fabG_11 fabG_12 fabG_13 fabG_14 fabG_15 fabG_16 fabG_17 fabG_18
[09:52:56] Fixed 6 duplicate /gene - ddpC_1 ddpC_2 ddpC_3 ddpC_4 ddpC_5 ddpC_6
[09:52:56] Fixed 2 duplicate /gene - ald2_1 ald2_2
[09:52:56] Fixed 3 duplicate /gene - phoB_1 phoB_2 phoB_3
[09:52:56] Fixed 2 duplicate /gene - rhlE_1 rhlE_2
[09:52:56] Fixed 8 duplicate /gene - frcA_1 frcA_2 frcA_3 frcA_4 frcA_5 frcA_6 frcA_7 frcA_8
[09:52:56] Fixed 2 duplicate /gene - tdh_1 tdh_2
[09:52:56] Fixed 2 duplicate /gene - deoC_1 deoC_2
[09:52:56] Fixed 2 duplicate /gene - divK_1 divK_2
[09:52:56] Fixed 3 duplicate /gene - ligD_1 ligD_2 ligD_3
[09:52:56] Fixed 2 duplicate /gene - iorA_1 iorA_2
[09:52:56] Fixed 13 duplicate /gene - iolG_1 iolG_2 iolG_3 iolG_4 iolG_5 iolG_6 iolG_7 iolG_8 iolG_9 iolG_10 iolG_11 iolG_12 iolG_13
[09:52:56] Fixed 2 duplicate /gene - atm1_1 atm1_2
[09:52:56] Fixed 7 duplicate /gene - dasC_1 dasC_2 dasC_3 dasC_4 dasC_5 dasC_6 dasC_7
[09:52:56] Fixed 2 duplicate /gene - gutB_1 gutB_2
[09:52:56] Fixed 6 duplicate /gene - sugA_1 sugA_2 sugA_3 sugA_4 sugA_5 sugA_6
[09:52:56] Fixed 2 duplicate /gene - rfbF_1 rfbF_2
[09:52:56] Fixed 14 duplicate /gene - rbsA_1 rbsA_2 rbsA_3 rbsA_4 rbsA_5 rbsA_6 rbsA_7 rbsA_8 rbsA_9 rbsA_10 rbsA_11 rbsA_12 rbsA_13 rbsA_14
[09:52:56] Fixed 2 duplicate /gene - tufA_1 tufA_2
[09:52:56] Fixed 3 duplicate /gene - bcr_1 bcr_2 bcr_3
[09:52:56] Fixed 11 duplicate /gene - malK_1 malK_2 malK_3 malK_4 malK_5 malK_6 malK_7 malK_8 malK_9 malK_10 malK_11
[09:52:56] Fixed 14 duplicate /gene - ugpC_1 ugpC_2 ugpC_3 ugpC_4 ugpC_5 ugpC_6 ugpC_7 ugpC_8 ugpC_9 ugpC_10 ugpC_11 ugpC_12 ugpC_13 ugpC_14
[09:52:56] Fixed 2 duplicate /gene - perR_1 perR_2
[09:52:56] Fixed 2 duplicate /gene - virB4_1 virB4_2
[09:52:56] Fixed 2 duplicate /gene - kdsD_1 kdsD_2
[09:52:56] Fixed 3 duplicate /gene - mrpD_1 mrpD_2 mrpD_3
[09:52:56] Fixed 3 duplicate /gene - lsrD_1 lsrD_2 lsrD_3
[09:52:56] Fixed 2 duplicate /gene - gnl_1 gnl_2
[09:52:56] Fixed 2 duplicate /gene - nanT_1 nanT_2
[09:52:56] Fixed 2 duplicate /gene - tam_1 tam_2
[09:52:56] Fixed 8 duplicate /gene - hdfR_1 hdfR_2 hdfR_3 hdfR_4 hdfR_5 hdfR_6 hdfR_7 hdfR_8
[09:52:56] Fixed 2 duplicate /gene - pdxA2_1 pdxA2_2
[09:52:56] Fixed 2 duplicate /gene - cpdR_1 cpdR_2
[09:52:56] Fixed 2 duplicate /gene - lcfB_1 lcfB_2
[09:52:56] Fixed 2 duplicate /gene - dgoK1_1 dgoK1_2
[09:52:56] Fixed 2 duplicate /gene - bioF_1 bioF_2
[09:52:56] Fixed 5 duplicate /gene - paoC_1 paoC_2 paoC_3 paoC_4 paoC_5
[09:52:56] Fixed 2 duplicate /gene - lolD_1 lolD_2
[09:52:56] Fixed 2 duplicate /gene - mrpG_1 mrpG_2
[09:52:56] Fixed 2 duplicate /gene - aacA4_1 aacA4_2
[09:52:56] Fixed 8 duplicate /gene - lacF_1 lacF_2 lacF_3 lacF_4 lacF_5 lacF_6 lacF_7 lacF_8
[09:52:56] Fixed 2 duplicate /gene - hutH_1 hutH_2
[09:52:56] Fixed 2 duplicate /gene - menE_1 menE_2
[09:52:56] Fixed 18 duplicate /gene - mshA_1 mshA_2 mshA_3 mshA_4 mshA_5 mshA_6 mshA_7 mshA_8 mshA_9 mshA_10 mshA_11 mshA_12 mshA_13 mshA_14 mshA_15 mshA_16 mshA_17 mshA_18
[09:52:56] Fixed 3 duplicate /gene - fhuA_1 fhuA_2 fhuA_3
[09:52:56] Fixed 4 duplicate /gene - ssuC_1 ssuC_2 ssuC_3 ssuC_4
[09:52:56] Fixed 2 duplicate /gene - ytfQ_1 ytfQ_2
[09:52:56] Fixed 4 duplicate /gene - kduD_1 kduD_2 kduD_3 kduD_4
[09:52:56] Fixed 2 duplicate /gene - blaP_1 blaP_2
[09:52:56] Fixed 2 duplicate /gene - dmdC_1 dmdC_2
[09:52:56] Fixed 2 duplicate /gene - artJ_1 artJ_2
[09:52:56] Fixed 2 duplicate /gene - eda_1 eda_2
[09:52:56] Fixed 2 duplicate /gene - artI_1 artI_2
[09:52:56] Fixed 2 duplicate /gene - emrB_1 emrB_2
[09:52:56] Fixed 3 duplicate /gene - cya_1 cya_2 cya_3
[09:52:56] Fixed 2 duplicate /gene - gtaB_1 gtaB_2
[09:52:56] Fixed 4 duplicate /gene - siaM_1 siaM_2 siaM_3 siaM_4
[09:52:56] Fixed 2 duplicate /gene - cynR_1 cynR_2
[09:52:56] Fixed 2 duplicate /gene - oatA_1 oatA_2
[09:52:56] Fixed 3 duplicate /gene - iorB_1 iorB_2 iorB_3
[09:52:56] Fixed 2 duplicate /gene - tmoT_1 tmoT_2
[09:52:56] Fixed 2 duplicate /gene - prs_1 prs_2
[09:52:56] Fixed 12 duplicate /gene - gcvA_1 gcvA_2 gcvA_3 gcvA_4 gcvA_5 gcvA_6 gcvA_7 gcvA_8 gcvA_9 gcvA_10 gcvA_11 gcvA_12
[09:52:56] Fixed 2 duplicate /gene - metH_1 metH_2
[09:52:56] Fixed 2 duplicate /gene - gci_1 gci_2
[09:52:56] Fixed 2 duplicate /gene - fdhC_1 fdhC_2
[09:52:56] Fixed 2 duplicate /gene - panB_1 panB_2
[09:52:56] Fixed 2 duplicate /gene - spuD_1 spuD_2
[09:52:56] Fixed 2 duplicate /gene - fadJ_1 fadJ_2
[09:52:56] Fixed 2 duplicate /gene - gppA_1 gppA_2
[09:52:56] Fixed 3 duplicate /gene - hyuC_1 hyuC_2 hyuC_3
[09:52:56] Fixed 6 duplicate /gene - yabJ_1 yabJ_2 yabJ_3 yabJ_4 yabJ_5 yabJ_6
[09:52:56] Fixed 3 duplicate /gene - entS_1 entS_2 entS_3
[09:52:56] Fixed 2 duplicate /gene - allA_1 allA_2
[09:52:56] Fixed 2 duplicate /gene - map_1 map_2
[09:52:56] Fixed 2 duplicate /gene - tetA_1 tetA_2
[09:52:56] Fixed 5 duplicate /gene - betB_1 betB_2 betB_3 betB_4 betB_5
[09:52:56] Fixed 6 duplicate /gene - cysQ_1 cysQ_2 cysQ_3 cysQ_4 cysQ_5 cysQ_6
[09:52:56] Fixed 4 duplicate /gene - siaP_1 siaP_2 siaP_3 siaP_4
[09:52:56] Fixed 2 duplicate /gene - hisD_1 hisD_2
[09:52:56] Fixed 2 duplicate /gene - nhaA_1 nhaA_2
[09:52:56] Fixed 2 duplicate /gene - potD_1 potD_2
[09:52:56] Fixed 2 duplicate /gene - dapE_1 dapE_2
[09:52:56] Fixed 2 duplicate /gene - cmpR_1 cmpR_2
[09:52:56] Fixed 2 duplicate /gene - virB5_1 virB5_2
[09:52:56] Fixed 2 duplicate /gene - yliI_1 yliI_2
[09:52:56] Fixed 6 duplicate /gene - dctM_1 dctM_2 dctM_3 dctM_4 dctM_5 dctM_6
[09:52:56] Fixed 2 duplicate /gene - tktA_1 tktA_2
[09:52:56] Fixed 3 duplicate /gene - qorA_1 qorA_2 qorA_3
[09:52:56] Fixed 2 duplicate /gene - ogt_1 ogt_2
[09:52:56] Fixed 2 duplicate /gene - ywnA_1 ywnA_2
[09:52:56] Fixed 2 duplicate /gene - noc_1 noc_2
[09:52:56] Fixed 2 duplicate /gene - cheY_1 cheY_2
[09:52:56] Fixed 2 duplicate /gene - lgoD_1 lgoD_2
[09:52:56] Fixed 3 duplicate /gene - garR_1 garR_2 garR_3
[09:52:56] Fixed 2 duplicate /gene - lfrA_1 lfrA_2
[09:52:56] Fixed 4 duplicate /gene - mtgA_1 mtgA_2 mtgA_3 mtgA_4
[09:52:56] Fixed 2 duplicate /gene - yjiA_1 yjiA_2
[09:52:56] Fixed 2 duplicate /gene - nodM_1 nodM_2
[09:52:56] Fixed 4 duplicate /gene - soxB_1 soxB_2 soxB_3 soxB_4
[09:52:56] Fixed 2 duplicate /gene - aqpZ2_1 aqpZ2_2
[09:52:56] Fixed 2 duplicate /gene - smc_1 smc_2
[09:52:56] Fixed 3 duplicate /gene - tcyB_1 tcyB_2 tcyB_3
[09:52:56] Fixed 3 duplicate /gene - prsD_1 prsD_2 prsD_3
[09:52:56] Fixed 7 duplicate /gene - lrp_1 lrp_2 lrp_3 lrp_4 lrp_5 lrp_6 lrp_7
[09:52:56] Fixed 2 duplicate /gene - ampG_1 ampG_2
[09:52:56] Fixed 7 duplicate /gene - cdhR_1 cdhR_2 cdhR_3 cdhR_4 cdhR_5 cdhR_6 cdhR_7
[09:52:56] Fixed 2 duplicate /gene - adh1_1 adh1_2
[09:52:56] Fixed 2 duplicate /gene - dadA1_1 dadA1_2
[09:52:56] Fixed 2 duplicate /gene - fixP_1 fixP_2
[09:52:56] Fixed 2 duplicate /gene - adhT_1 adhT_2
[09:52:56] Fixed 2 duplicate /gene - kce_1 kce_2
[09:52:56] Fixed 2 duplicate /gene - hcnB_1 hcnB_2
[09:52:56] Fixed 7 duplicate /gene - ngcG_1 ngcG_2 ngcG_3 ngcG_4 ngcG_5 ngcG_6 ngcG_7
[09:52:56] Fixed 2 duplicate /gene - ssuB_1 ssuB_2
[09:52:56] Fixed 7 duplicate /gene - xerC_1 xerC_2 xerC_3 xerC_4 xerC_5 xerC_6 xerC_7
[09:52:56] Fixed 2 duplicate /gene - ousW_1 ousW_2
[09:52:56] Fixed 3 duplicate /gene - ald_1 ald_2 ald_3
[09:52:56] Fixed 2 duplicate /gene - ilvI_1 ilvI_2
[09:52:56] Fixed 5 duplicate /gene - mtgB_1 mtgB_2 mtgB_3 mtgB_4 mtgB_5
[09:52:56] Fixed 2 duplicate /gene - araH_1 araH_2
[09:52:56] Fixed 8 duplicate /gene - COQ5_1 COQ5_2 COQ5_3 COQ5_4 COQ5_5 COQ5_6 COQ5_7 COQ5_8
[09:52:56] Fixed 2 duplicate /gene - dgoD_1 dgoD_2
[09:52:56] Fixed 2 duplicate /gene - yfkN_1 yfkN_2
[09:52:56] Fixed 2 duplicate /gene - thiE_1 thiE_2
[09:52:56] Fixed 2 duplicate /gene - carB_1 carB_2
[09:52:56] Fixed 2 duplicate /gene - nqrF_1 nqrF_2
[09:52:56] Fixed 16 duplicate /gene - btuD_1 btuD_2 btuD_3 btuD_4 btuD_5 btuD_6 btuD_7 btuD_8 btuD_9 btuD_10 btuD_11 btuD_12 btuD_13 btuD_14 btuD_15 btuD_16
[09:52:56] Fixed 2 duplicate /gene - agpA_1 agpA_2
[09:52:56] Fixed 4 duplicate /gene - yecS_1 yecS_2 yecS_3 yecS_4
[09:52:56] Fixed 2 duplicate /gene - bamA_1 bamA_2
[09:52:56] Fixed 5 duplicate /gene - ropA_1 ropA_2 ropA_3 ropA_4 ropA_5
[09:52:56] Fixed 2 duplicate /gene - fbcH_1 fbcH_2
[09:52:56] Fixed 2 duplicate /gene - iolE_1 iolE_2
[09:52:56] Fixed 2 duplicate /gene - ucpA_1 ucpA_2
[09:52:56] Fixed 6 duplicate /gene - rhtB_1 rhtB_2 rhtB_3 rhtB_4 rhtB_5 rhtB_6
[09:52:56] Fixed 3 duplicate /gene - lsrA_1 lsrA_2 lsrA_3
[09:52:56] Fixed 3 duplicate /gene - ndhB_1 ndhB_2 ndhB_3
[09:52:56] Fixed 2 duplicate /gene - pucM_1 pucM_2
[09:52:56] Fixed 2 duplicate /gene - kpsM_1 kpsM_2
[09:52:56] Fixed 2 duplicate /gene - ghrB_1 ghrB_2
[09:52:56] Fixed 3 duplicate /gene - occP_1 occP_2 occP_3
[09:52:56] Fixed 2 duplicate /gene - amiD_1 amiD_2
[09:52:56] Fixed 2 duplicate /gene - guaD_1 guaD_2
[09:52:56] Fixed 2 duplicate /gene - pcaG_1 pcaG_2
[09:52:56] Fixed 4 duplicate /gene - oppF_1 oppF_2 oppF_3 oppF_4
[09:52:56] Fixed 3 duplicate /gene - thiO_1 thiO_2 thiO_3
[09:52:56] Fixed 2 duplicate /gene - groL1_1 groL1_2
[09:52:56] Fixed 2 duplicate /gene - amiC_1 amiC_2
[09:52:56] Fixed 2 duplicate /gene - ugpB_1 ugpB_2
[09:52:56] Fixed 3 duplicate /gene - ctaC_1 ctaC_2 ctaC_3
[09:52:56] Fixed 4 duplicate /gene - comR_1 comR_2 comR_3 comR_4
[09:52:56] Fixed 2 duplicate /gene - nuoK_1 nuoK_2
[09:52:56] Fixed 2 duplicate /gene - cbpA_1 cbpA_2
[09:52:56] Fixed 3 duplicate /gene - pal_1 pal_2 pal_3
[09:52:56] Fixed 2 duplicate /gene - sucB_1 sucB_2
[09:52:56] Fixed 2 duplicate /gene - fmt_1 fmt_2
[09:52:56] Fixed 3 duplicate /gene - todT_1 todT_2 todT_3
[09:52:56] Fixed 2 duplicate /gene - pyrC_1 pyrC_2
[09:52:56] Fixed 3 duplicate /gene - yejF_1 yejF_2 yejF_3
[09:52:56] Fixed 2 duplicate /gene - yhbO_1 yhbO_2
[09:52:56] Fixed 2 duplicate /gene - carA_1 carA_2
[09:52:56] Fixed 2 duplicate /gene - rlmB_1 rlmB_2
[09:52:56] Fixed 2 duplicate /gene - fecE_1 fecE_2
[09:52:56] Fixed 2 duplicate /gene - hsrA_1 hsrA_2
[09:52:56] Fixed 9 duplicate /gene - rhaR_1 rhaR_2 rhaR_3 rhaR_4 rhaR_5 rhaR_6 rhaR_7 rhaR_8 rhaR_9
[09:52:56] Fixed 3 duplicate /gene - degU_1 degU_2 degU_3
[09:52:56] Fixed 4 duplicate /gene - aroE_1 aroE_2 aroE_3 aroE_4
[09:52:56] Fixed 6 duplicate /gene - cytR_1 cytR_2 cytR_3 cytR_4 cytR_5 cytR_6
[09:52:56] Fixed 5 duplicate /gene - betA_1 betA_2 betA_3 betA_4 betA_5
[09:52:56] Fixed 2 duplicate /gene - nadK_1 nadK_2
[09:52:56] Fixed 2 duplicate /gene - cfa_1 cfa_2
[09:52:56] Fixed 5 duplicate /gene - pcm_1 pcm_2 pcm_3 pcm_4 pcm_5
[09:52:56] Fixed 2 duplicate /gene - imuB_1 imuB_2
[09:52:56] Fixed 2 duplicate /gene - purN_1 purN_2
[09:52:56] Fixed 3 duplicate /gene - purR_1 purR_2 purR_3
[09:52:56] Fixed 7 duplicate /gene - nanR_1 nanR_2 nanR_3 nanR_4 nanR_5 nanR_6 nanR_7
[09:52:56] Fixed 2 duplicate /gene - yhdW_1 yhdW_2
[09:52:56] Fixed 3 duplicate /gene - argD_1 argD_2 argD_3
[09:52:56] Fixed 2 duplicate /gene - rnd_1 rnd_2
[09:52:56] Fixed 5 duplicate /gene - potB_1 potB_2 potB_3 potB_4 potB_5
[09:52:56] Fixed 2 duplicate /gene - yesO_1 yesO_2
[09:52:56] Fixed 4 duplicate /gene - cysD_1 cysD_2 cysD_3 cysD_4
[09:52:56] Fixed 2 duplicate /gene - cnbH_1 cnbH_2
[09:52:56] Fixed 6 duplicate /gene - livH_1 livH_2 livH_3 livH_4 livH_5 livH_6
[09:52:56] Fixed 7 duplicate /gene - dppB_1 dppB_2 dppB_3 dppB_4 dppB_5 dppB_6 dppB_7
[09:52:56] Fixed 2 duplicate /gene - blh_1 blh_2
[09:52:56] Fixed 2 duplicate /gene - pepA_1 pepA_2
[09:52:56] Fixed 2 duplicate /gene - ung_1 ung_2
[09:52:56] Fixed 2 duplicate /gene - hisQ_1 hisQ_2
[09:52:56] Fixed 2 duplicate /gene - adeC_1 adeC_2
[09:52:56] Fixed 2 duplicate /gene - tolQ_1 tolQ_2
[09:52:56] Fixed 2 duplicate /gene - cyoC_1 cyoC_2
[09:52:56] Fixed 3 duplicate /gene - macA_1 macA_2 macA_3
[09:52:56] Fixed 8 duplicate /gene - oppD_1 oppD_2 oppD_3 oppD_4 oppD_5 oppD_6 oppD_7 oppD_8
[09:52:56] Fixed 2 duplicate /gene - argH_1 argH_2
[09:52:56] Fixed 3 duplicate /gene - prmC_1 prmC_2 prmC_3
[09:52:56] Fixed 3 duplicate /gene - dxs_1 dxs_2 dxs_3
[09:52:56] Fixed 2 duplicate /gene - nagL_1 nagL_2
[09:52:56] Fixed 2 duplicate /gene - pepT_1 pepT_2
[09:52:56] Fixed 2 duplicate /gene - yfcA_1 yfcA_2
[09:52:56] Fixed 2 duplicate /gene - rhtC_1 rhtC_2
[09:52:56] Fixed 2 duplicate /gene - acoA_1 acoA_2
[09:52:56] Fixed 2 duplicate /gene - degQ_1 degQ_2
[09:52:56] Fixed 6 duplicate /gene - msmX_1 msmX_2 msmX_3 msmX_4 msmX_5 msmX_6
[09:52:56] Fixed 2 duplicate /gene - glnH_1 glnH_2
[09:52:56] Fixed 3 duplicate /gene - araG_1 araG_2 araG_3
[09:52:56] Fixed 4 duplicate /gene - ycjO_1 ycjO_2 ycjO_3 ycjO_4
[09:52:56] Fixed 2 duplicate /gene - paaZ_1 paaZ_2
[09:52:56] Fixed 2 duplicate /gene - ydjH_1 ydjH_2
[09:52:56] Fixed 2 duplicate /gene - rpaR_1 rpaR_2
[09:52:56] Fixed 2 duplicate /gene - siaT_1 siaT_2
[09:52:56] Fixed 9 duplicate /gene - dppA_1 dppA_2 dppA_3 dppA_4 dppA_5 dppA_6 dppA_7 dppA_8 dppA_9
[09:52:56] Fixed 2 duplicate /gene - yhjE_1 yhjE_2
[09:52:56] Fixed 4 duplicate /gene - dinB_1 dinB_2 dinB_3 dinB_4
[09:52:56] Fixed 2 duplicate /gene - gyrB_1 gyrB_2
[09:52:56] Fixed 3 duplicate /gene - nagR_1 nagR_2 nagR_3
[09:52:56] Fixed 2 duplicate /gene - rpe_1 rpe_2
[09:52:56] Fixed 6 duplicate /gene - ydcV_1 ydcV_2 ydcV_3 ydcV_4 ydcV_5 ydcV_6
[09:52:56] Fixed 4 duplicate /gene - bepF_1 bepF_2 bepF_3 bepF_4
[09:52:56] Fixed 6 duplicate /gene - ccpA_1 ccpA_2 ccpA_3 ccpA_4 ccpA_5 ccpA_6
[09:52:56] Fixed 2 duplicate /gene - pcaH_1 pcaH_2
[09:52:56] Fixed 2 duplicate /gene - rihB_1 rihB_2
[09:52:56] Fixed 2 duplicate /gene - gpmA_1 gpmA_2
[09:52:56] Fixed 2 duplicate /gene - pip_1 pip_2
[09:52:56] Fixed 2 duplicate /gene - maiA_1 maiA_2
[09:52:56] Fixed 4 duplicate /gene - acdA_1 acdA_2 acdA_3 acdA_4
[09:52:56] Fixed 2 duplicate /gene - gltD_1 gltD_2
[09:52:56] Fixed 2 duplicate /gene - gstB_1 gstB_2
[09:52:56] Fixed 2 duplicate /gene - moxF_1 moxF_2
[09:52:56] Fixed 4 duplicate /gene - gph_1 gph_2 gph_3 gph_4
[09:52:56] Fixed 2 duplicate /gene - lolE_1 lolE_2
[09:52:56] Fixed 3 duplicate /gene - glmU_1 glmU_2 glmU_3
[09:52:56] Fixed 2 duplicate /gene - btuB_1 btuB_2
[09:52:56] Fixed 2 duplicate /gene - sspA_1 sspA_2
[09:52:56] Fixed 3 duplicate /gene - kdgR_1 kdgR_2 kdgR_3
[09:52:56] Fixed 2 duplicate /gene - corA_1 corA_2
[09:52:56] Fixed 6 duplicate /gene - ycaD_1 ycaD_2 ycaD_3 ycaD_4 ycaD_5 ycaD_6
[09:52:56] Fixed 3 duplicate /gene - rihA_1 rihA_2 rihA_3
[09:52:56] Fixed 2 duplicate /gene - rgtA_1 rgtA_2
[09:52:56] Fixed 4 duplicate /gene - golD_1 golD_2 golD_3 golD_4
[09:52:56] Fixed 3 duplicate /gene - emrA_1 emrA_2 emrA_3
[09:52:56] Fixed 2 duplicate /gene - ctaD_1 ctaD_2
[09:52:56] Fixed 2 duplicate /gene - lexA_1 lexA_2
[09:52:56] Fixed 4 duplicate /gene - prsE_1 prsE_2 prsE_3 prsE_4
[09:52:56] Fixed 5 duplicate /gene - hisC_1 hisC_2 hisC_3 hisC_4 hisC_5
[09:52:56] Fixed 2 duplicate /gene - hcr_1 hcr_2
[09:52:56] Fixed 2 duplicate /gene - nfdA_1 nfdA_2
[09:52:56] Fixed 2 duplicate /gene - fabI_1 fabI_2
[09:52:56] Fixed 2 duplicate /gene - sbp_1 sbp_2
[09:52:56] Fixed 4 duplicate /gene - yajO_1 yajO_2 yajO_3 yajO_4
[09:52:56] Fixed 2 duplicate /gene - ohrB_1 ohrB_2
[09:52:56] Fixed 2 duplicate /gene - dksA_1 dksA_2
[09:52:56] Fixed 6 duplicate /gene - hcaB_1 hcaB_2 hcaB_3 hcaB_4 hcaB_5 hcaB_6
[09:52:56] Fixed 3 duplicate /gene - ros_1 ros_2 ros_3
[09:52:56] Fixed 2 duplicate /gene - IMPDH_1 IMPDH_2
[09:52:56] Fixed 2 duplicate /gene - yqjF_1 yqjF_2
[09:52:56] Fixed 2 duplicate /gene - codA_1 codA_2
[09:52:56] Fixed 7 duplicate /gene - rhaS_1 rhaS_2 rhaS_3 rhaS_4 rhaS_5 rhaS_6 rhaS_7
[09:52:56] Fixed 3 duplicate /gene - cysA_1 cysA_2 cysA_3
[09:52:56] Fixed 2 duplicate /gene - nikA_1 nikA_2
[09:52:56] Fixed 2 duplicate /gene - glnA_1 glnA_2
[09:52:56] Fixed 2 duplicate /gene - eis_1 eis_2
[09:52:56] Fixed 2 duplicate /gene - nsrR_1 nsrR_2
[09:52:56] Fixed 2 duplicate /gene - fdoG_1 fdoG_2
[09:52:56] Fixed 2 duplicate /gene - ghrA_1 ghrA_2
[09:52:56] Fixed 4 duplicate /gene - eryD_1 eryD_2 eryD_3 eryD_4
[09:52:56] Fixed 2 duplicate /gene - melA_1 melA_2
[09:52:56] Fixed 4 duplicate /gene - galE_1 galE_2 galE_3 galE_4
[09:52:56] Fixed 3 duplicate /gene - xylG_1 xylG_2 xylG_3
[09:52:56] Fixed 2 duplicate /gene - rpoH_1 rpoH_2
[09:52:56] Fixed 3 duplicate /gene - recD2_1 recD2_2 recD2_3
[09:52:56] Fixed 5 duplicate /gene - paoB_1 paoB_2 paoB_3 paoB_4 paoB_5
[09:52:56] Fixed 2 duplicate /gene - opuAA_1 opuAA_2
[09:52:56] Fixed 2 duplicate /gene - degA_1 degA_2
[09:52:56] Fixed 3 duplicate /gene - deoR_1 deoR_2 deoR_3
[09:52:56] Fixed 2 duplicate /gene - frlD_1 frlD_2
[09:52:56] Fixed 2 duplicate /gene - def_1 def_2
[09:52:56] Fixed 3 duplicate /gene - glxR_1 glxR_2 glxR_3
[09:52:56] Fixed 3 duplicate /gene - mnmC_1 mnmC_2 mnmC_3
[09:52:56] Fixed 2 duplicate /gene - epsL_1 epsL_2
[09:52:56] Fixed 2 duplicate /gene - ygaZ_1 ygaZ_2
[09:52:56] Fixed 2 duplicate /gene - ilvB_1 ilvB_2
[09:52:56] Fixed 4 duplicate /gene - hldD_1 hldD_2 hldD_3 hldD_4
[09:52:56] Fixed 2 duplicate /gene - ntaA_1 ntaA_2
[09:52:56] Fixed 2 duplicate /gene - mdtA_1 mdtA_2
[09:52:56] Fixed 2 duplicate /gene - vat_1 vat_2
[09:52:56] Fixed 4 duplicate /gene - nodD2_1 nodD2_2 nodD2_3 nodD2_4
[09:52:56] Fixed 2 duplicate /gene - rfuC_1 rfuC_2
[09:52:56] Fixed 3 duplicate /gene - hipO_1 hipO_2 hipO_3
[09:52:56] Fixed 3 duplicate /gene - rutR_1 rutR_2 rutR_3
[09:52:56] Fixed 6 duplicate /gene - melD_1 melD_2 melD_3 melD_4 melD_5 melD_6
[09:52:56] Fixed 3 duplicate /gene - hmp_1 hmp_2 hmp_3
[09:52:56] Fixed 2 duplicate /gene - ptsJ_1 ptsJ_2
[09:52:56] Fixed 3 duplicate /gene - clpP_1 clpP_2 clpP_3
[09:52:56] Fixed 2 duplicate /gene - pcaR_1 pcaR_2
[09:52:56] Fixed 2 duplicate /gene - gpsA_1 gpsA_2
[09:52:56] Fixed 2 duplicate /gene - hmrR_1 hmrR_2
[09:52:56] Fixed 2 duplicate /gene - aspC_1 aspC_2
[09:52:56] Fixed 2 duplicate /gene - adeP_1 adeP_2
[09:52:56] Fixed 4 duplicate /gene - lldD_1 lldD_2 lldD_3 lldD_4
[09:52:56] Fixed 2 duplicate /gene - doeA_1 doeA_2
[09:52:56] Fixed 3 duplicate /gene - cpdA_1 cpdA_2 cpdA_3
[09:52:56] Fixed 2 duplicate /gene - phyR_1 phyR_2
[09:52:56] Fixed 4 duplicate /gene - fixK_1 fixK_2 fixK_3 fixK_4
[09:52:56] Fixed 2 duplicate /gene - ndhS_1 ndhS_2
[09:52:56] Fixed 3 duplicate /gene - aroQ_1 aroQ_2 aroQ_3
[09:52:56] Fixed 9 duplicate /gene - rbsB_1 rbsB_2 rbsB_3 rbsB_4 rbsB_5 rbsB_6 rbsB_7 rbsB_8 rbsB_9
[09:52:56] Fixed 3 duplicate /gene - dnaJ_1 dnaJ_2 dnaJ_3
[09:52:56] Fixed 3 duplicate /gene - slyA_1 slyA_2 slyA_3
[09:52:56] Fixed 2 duplicate /gene - dauA_1 dauA_2
[09:52:56] Fixed 2 duplicate /gene - neo_1 neo_2
[09:52:56] Fixed 2 duplicate /gene - ydhP_1 ydhP_2
[09:52:56] Fixed 2 duplicate /gene - folD_1 folD_2
[09:52:56] Fixed 3 duplicate /gene - kup_1 kup_2 kup_3
[09:52:56] Fixed 2 duplicate /gene - bcp_1 bcp_2
[09:52:56] Fixed 2 duplicate /gene - doxA_1 doxA_2
[09:52:56] Fixed 13 duplicate /gene - pgrR_1 pgrR_2 pgrR_3 pgrR_4 pgrR_5 pgrR_6 pgrR_7 pgrR_8 pgrR_9 pgrR_10 pgrR_11 pgrR_12 pgrR_13
[09:52:56] Fixed 2 duplicate /gene - vapB_1 vapB_2
[09:52:56] Fixed 2 duplicate /gene - groL5_1 groL5_2
[09:52:56] Fixed 4 duplicate /gene - ompR_1 ompR_2 ompR_3 ompR_4
[09:52:56] Fixed 2 duplicate /gene - rfuD_1 rfuD_2
[09:52:56] Fixed 2 duplicate /gene - hexR_1 hexR_2
[09:52:56] Fixed 2 duplicate /gene - sfnC_1 sfnC_2
[09:52:56] Fixed 2 duplicate /gene - rlpA_1 rlpA_2
[09:52:56] Fixed 3 duplicate /gene - ycjP_1 ycjP_2 ycjP_3
[09:52:56] Fixed 6 duplicate /gene - livF_1 livF_2 livF_3 livF_4 livF_5 livF_6
[09:52:56] Fixed 2 duplicate /gene - purF_1 purF_2
[09:52:56] Fixed 2 duplicate /gene - mtaD_1 mtaD_2
[09:52:56] Fixed 2 duplicate /gene - ftsH_1 ftsH_2
[09:52:56] Fixed 3 duplicate /gene - suhB_1 suhB_2 suhB_3
[09:52:56] Fixed 2 duplicate /gene - dctB_1 dctB_2
[09:52:56] Fixed 2 duplicate /gene - ubiL_1 ubiL_2
[09:52:56] Fixed 4 duplicate /gene - gno_1 gno_2 gno_3 gno_4
[09:52:56] Fixed 2 duplicate /gene - mhqD_1 mhqD_2
[09:52:56] Fixed 2 duplicate /gene - proC_1 proC_2
[09:52:56] Fixed 2 duplicate /gene - denD_1 denD_2
[09:52:56] Fixed 2 duplicate /gene - cysNC_1 cysNC_2
[09:52:56] Fixed 2 duplicate /gene - nifD_1 nifD_2
[09:52:56] Fixed 2 duplicate /gene - devR_1 devR_2
[09:52:56] Fixed 2 duplicate /gene - actP_1 actP_2
[09:52:56] Fixed 2 duplicate /gene - arnC_1 arnC_2
[09:52:56] Fixed 6 duplicate /gene - glnQ_1 glnQ_2 glnQ_3 glnQ_4 glnQ_5 glnQ_6
[09:52:56] Fixed 2 duplicate /gene - mntB_1 mntB_2
[09:52:56] Fixed 2 duplicate /gene - yieH_1 yieH_2
[09:52:56] Fixed 2 duplicate /gene - lnrL_1 lnrL_2
[09:52:56] Fixed 545 colliding /gene names.
[09:52:56] Adding /locus_tag identifiers
[09:52:56] Assigned 6383 locus_tags to CDS and RNA features.
[09:52:56] Writing outputs to /Users/cychang/Desktop/lab/ncbi-ensifer/data/prokka/WSM1022/
[09:52:58] Generating annotation statistics file
[09:52:58] Generating Genbank and Sequin files
[09:52:58] Running: tbl2asn -V b -a r10k -l paired-ends -M n -N 1 -y 'Annotated using prokka 1.14.5 from https://github.com/tseemann/prokka' -Z \/Users\/cychang\/Desktop\/lab\/ncbi\-ensifer\/data\/prokka\/WSM1022\/annotated\.err -i \/Users\/cychang\/Desktop\/lab\/ncbi\-ensifer\/data\/prokka\/WSM1022\/annotated\.fsa 2> /dev/null
[09:53:07] Deleting unwanted file: /Users/cychang/Desktop/lab/ncbi-ensifer/data/prokka/WSM1022/errorsummary.val
[09:53:07] Deleting unwanted file: /Users/cychang/Desktop/lab/ncbi-ensifer/data/prokka/WSM1022/annotated.dr
[09:53:07] Deleting unwanted file: /Users/cychang/Desktop/lab/ncbi-ensifer/data/prokka/WSM1022/annotated.fixedproducts
[09:53:07] Deleting unwanted file: /Users/cychang/Desktop/lab/ncbi-ensifer/data/prokka/WSM1022/annotated.ecn
[09:53:07] Deleting unwanted file: /Users/cychang/Desktop/lab/ncbi-ensifer/data/prokka/WSM1022/annotated.val
[09:53:07] Repairing broken .GBK output that tbl2asn produces...
[09:53:07] Running: sed 's/COORDINATES: profile/COORDINATES:profile/' < \/Users\/cychang\/Desktop\/lab\/ncbi\-ensifer\/data\/prokka\/WSM1022\/annotated\.gbf > \/Users\/cychang\/Desktop\/lab\/ncbi\-ensifer\/data\/prokka\/WSM1022\/annotated\.gbk
[09:53:08] Deleting unwanted file: /Users/cychang/Desktop/lab/ncbi-ensifer/data/prokka/WSM1022/annotated.gbf
[09:53:08] Output files:
[09:53:08] /Users/cychang/Desktop/lab/ncbi-ensifer/data/prokka/WSM1022/annotated.faa
[09:53:08] /Users/cychang/Desktop/lab/ncbi-ensifer/data/prokka/WSM1022/annotated.fsa
[09:53:08] /Users/cychang/Desktop/lab/ncbi-ensifer/data/prokka/WSM1022/annotated.gbk
[09:53:08] /Users/cychang/Desktop/lab/ncbi-ensifer/data/prokka/WSM1022/annotated.log
[09:53:08] /Users/cychang/Desktop/lab/ncbi-ensifer/data/prokka/WSM1022/annotated.ffn
[09:53:08] /Users/cychang/Desktop/lab/ncbi-ensifer/data/prokka/WSM1022/annotated.tsv
[09:53:08] /Users/cychang/Desktop/lab/ncbi-ensifer/data/prokka/WSM1022/annotated.fna
[09:53:08] /Users/cychang/Desktop/lab/ncbi-ensifer/data/prokka/WSM1022/annotated.gbf-r
[09:53:08] /Users/cychang/Desktop/lab/ncbi-ensifer/data/prokka/WSM1022/annotated.err
[09:53:08] /Users/cychang/Desktop/lab/ncbi-ensifer/data/prokka/WSM1022/annotated.gff
[09:53:08] /Users/cychang/Desktop/lab/ncbi-ensifer/data/prokka/WSM1022/annotated.sqn
[09:53:08] /Users/cychang/Desktop/lab/ncbi-ensifer/data/prokka/WSM1022/annotated.tbl
[09:53:08] /Users/cychang/Desktop/lab/ncbi-ensifer/data/prokka/WSM1022/annotated.txt
[09:53:08] Annotation finished successfully.
[09:53:08] Walltime used: 3.32 minutes
[09:53:08] If you use this result please cite the Prokka paper:
[09:53:08] Seemann T (2014) Prokka: rapid prokaryotic genome annotation. Bioinformatics. 30(14):2068-9.
[09:53:08] Type 'prokka --citation' for more details.
[09:53:08] Share and enjoy!
